This is XeTeX, Version 3.141592653-2.6-0.999996 (TeX Live 2024) (preloaded format=xelatex 2024.8.5)  9 JAN 2026 11:34
entering extended mode
 restricted \write18 enabled.
 %&-line parsing enabled.
**report.tex
(./report.tex
LaTeX2e <2023-11-01> patch level 1
L3 programming layer <2024-02-20>
(d:/texlive/2024/texmf-dist/tex/latex/base/article.cls
Document Class: article 2023/05/17 v1.4n Standard LaTeX document class
(d:/texlive/2024/texmf-dist/tex/latex/base/size11.clo
File: size11.clo 2023/05/17 v1.4n Standard LaTeX file (size option)
)
\c@part=\count184
\c@section=\count185
\c@subsection=\count186
\c@subsubsection=\count187
\c@paragraph=\count188
\c@subparagraph=\count189
\c@figure=\count190
\c@table=\count191
\abovecaptionskip=\skip48
\belowcaptionskip=\skip49
\bibindent=\dimen140
)
(d:/texlive/2024/texmf-dist/tex/latex/tools/array.sty
Package: array 2023/10/16 v2.5g Tabular extension package (FMi)
\col@sep=\dimen141
\ar@mcellbox=\box51
\extrarowheight=\dimen142
\NC@list=\toks17
\extratabsurround=\skip50
\backup@length=\skip51
\ar@cellbox=\box52
)
(d:/texlive/2024/texmf-dist/tex/latex/xurl/xurl.sty
Package: xurl 2022/01/09 v 0.10 modify URL breaks

(d:/texlive/2024/texmf-dist/tex/latex/url/url.sty
\Urlmuskip=\muskip16
Package: url 2013/09/16  ver 3.4  Verb mode for urls, etc.
))
(d:/texlive/2024/texmf-dist/tex/latex/tools/longtable.sty
Package: longtable 2023-11-01 v4.19 Multi-page Table package (DPC)
\LTleft=\skip52
\LTright=\skip53
\LTpre=\skip54
\LTpost=\skip55
\LTchunksize=\count192
\LTcapwidth=\dimen143
\LT@head=\box53
\LT@firsthead=\box54
\LT@foot=\box55
\LT@lastfoot=\box56
\LT@gbox=\box57
\LT@cols=\count193
\LT@rows=\count194
\c@LT@tables=\count195
\c@LT@chunks=\count196
\LT@p@ftn=\toks18
)
(d:/texlive/2024/texmf-dist/tex/latex/booktabs/booktabs.sty
Package: booktabs 2020/01/12 v1.61803398 Publication quality tables
\heavyrulewidth=\dimen144
\lightrulewidth=\dimen145
\cmidrulewidth=\dimen146
\belowrulesep=\dimen147
\belowbottomsep=\dimen148
\aboverulesep=\dimen149
\abovetopsep=\dimen150
\cmidrulesep=\dimen151
\cmidrulekern=\dimen152
\defaultaddspace=\dimen153
\@cmidla=\count197
\@cmidlb=\count198
\@aboverulesep=\dimen154
\@belowrulesep=\dimen155
\@thisruleclass=\count199
\@lastruleclass=\count266
\@thisrulewidth=\dimen156
)
(d:/texlive/2024/texmf-dist/tex/xelatex/xecjk/xeCJK.sty
(d:/texlive/2024/texmf-dist/tex/latex/l3kernel/expl3.sty
Package: expl3 2024-02-20 L3 programming layer (loader) 

(d:/texlive/2024/texmf-dist/tex/latex/l3backend/l3backend-xetex.def
File: l3backend-xetex.def 2024-02-20 L3 backend support: XeTeX
\g__graphics_track_int=\count267
\l__pdf_internal_box=\box58
\g__pdf_backend_object_int=\count268
\g__pdf_backend_annotation_int=\count269
\g__pdf_backend_link_int=\count270
))
Package: xeCJK 2022/08/05 v3.9.1 Typesetting CJK scripts with XeLaTeX

(d:/texlive/2024/texmf-dist/tex/latex/ctex/ctexhook.sty
Package: ctexhook 2022/07/14 v2.5.10 Document and package hooks (CTEX)
)
(d:/texlive/2024/texmf-dist/tex/latex/l3packages/xtemplate/xtemplate.sty
(d:/texlive/2024/texmf-dist/tex/latex/l3packages/xtemplate/xtemplate-2023-10-10
.sty
Package: xtemplate 2023-10-10 L3 Experimental prototype document functions
\l__xtemplate_tmp_dim=\dimen157
\l__xtemplate_tmp_int=\count271
\l__xtemplate_tmp_muskip=\muskip17
\l__xtemplate_tmp_skip=\skip56
))
\l__xeCJK_tmp_int=\count272
\l__xeCJK_tmp_box=\box59
\l__xeCJK_tmp_dim=\dimen158
\l__xeCJK_tmp_skip=\skip57
\g__xeCJK_space_factor_int=\count273
\l__xeCJK_begin_int=\count274
\l__xeCJK_end_int=\count275
\c__xeCJK_CJK_class_int=\XeTeXcharclass1
\c__xeCJK_FullLeft_class_int=\XeTeXcharclass2
\c__xeCJK_FullRight_class_int=\XeTeXcharclass3
\c__xeCJK_HalfLeft_class_int=\XeTeXcharclass4
\c__xeCJK_HalfRight_class_int=\XeTeXcharclass5
\c__xeCJK_NormalSpace_class_int=\XeTeXcharclass6
\c__xeCJK_CM_class_int=\XeTeXcharclass7
\c__xeCJK_HangulJamo_class_int=\XeTeXcharclass8
\l__xeCJK_last_skip=\skip58
\c__xeCJK_none_node=\count276
\g__xeCJK_node_int=\count277
\c__xeCJK_CJK_node_dim=\dimen159
\c__xeCJK_CJK-space_node_dim=\dimen160
\c__xeCJK_default_node_dim=\dimen161
\c__xeCJK_CJK-widow_node_dim=\dimen162
\c__xeCJK_normalspace_node_dim=\dimen163
\c__xeCJK_default-space_node_skip=\skip59
\l__xeCJK_ccglue_skip=\skip60
\l__xeCJK_ecglue_skip=\skip61
\l__xeCJK_punct_kern_skip=\skip62
\l__xeCJK_indent_box=\box60
\l__xeCJK_last_penalty_int=\count278
\l__xeCJK_last_bound_dim=\dimen164
\l__xeCJK_last_kern_dim=\dimen165
\l__xeCJK_widow_penalty_int=\count279

Package xtemplate Info: Declaring object type 'xeCJK/punctuation' taking 0
(xtemplate)             argument(s) on line 2396.

\l__xeCJK_fixed_punct_width_dim=\dimen166
\l__xeCJK_mixed_punct_width_dim=\dimen167
\l__xeCJK_middle_punct_width_dim=\dimen168
\l__xeCJK_fixed_margin_width_dim=\dimen169
\l__xeCJK_mixed_margin_width_dim=\dimen170
\l__xeCJK_middle_margin_width_dim=\dimen171
\l__xeCJK_bound_punct_width_dim=\dimen172
\l__xeCJK_bound_margin_width_dim=\dimen173
\l__xeCJK_margin_minimum_dim=\dimen174
\l__xeCJK_kerning_total_width_dim=\dimen175
\l__xeCJK_same_align_margin_dim=\dimen176
\l__xeCJK_different_align_margin_dim=\dimen177
\l__xeCJK_kerning_margin_width_dim=\dimen178
\l__xeCJK_kerning_margin_minimum_dim=\dimen179
\l__xeCJK_bound_dim=\dimen180
\l__xeCJK_reverse_bound_dim=\dimen181
\l__xeCJK_margin_dim=\dimen182
\l__xeCJK_minimum_bound_dim=\dimen183
\l__xeCJK_kerning_margin_dim=\dimen184
\g__xeCJK_family_int=\count280
\l__xeCJK_fam_int=\count281
\g__xeCJK_fam_allocation_int=\count282
\l__xeCJK_verb_case_int=\count283
\l__xeCJK_verb_exspace_skip=\skip63
 (d:/texlive/2024/texmf-dist/tex/latex/fontspec/fontspec.sty
(d:/texlive/2024/texmf-dist/tex/latex/l3packages/xparse/xparse.sty
Package: xparse 2024-02-18 L3 Experimental document command parser
)
Package: fontspec 2024/02/13 v2.9a Font selection for XeLaTeX and LuaLaTeX

(d:/texlive/2024/texmf-dist/tex/latex/fontspec/fontspec-xetex.sty
Package: fontspec-xetex 2024/02/13 v2.9a Font selection for XeLaTeX and LuaLaTe
X
\l__fontspec_script_int=\count284
\l__fontspec_language_int=\count285
\l__fontspec_strnum_int=\count286
\l__fontspec_tmp_int=\count287
\l__fontspec_tmpa_int=\count288
\l__fontspec_tmpb_int=\count289
\l__fontspec_tmpc_int=\count290
\l__fontspec_em_int=\count291
\l__fontspec_emdef_int=\count292
\l__fontspec_strong_int=\count293
\l__fontspec_strongdef_int=\count294
\l__fontspec_tmpa_dim=\dimen185
\l__fontspec_tmpb_dim=\dimen186
\l__fontspec_tmpc_dim=\dimen187

(d:/texlive/2024/texmf-dist/tex/latex/base/fontenc.sty
Package: fontenc 2021/04/29 v2.0v Standard LaTeX package
)
(d:/texlive/2024/texmf-dist/tex/latex/fontspec/fontspec.cfg)))
(d:/texlive/2024/texmf-dist/tex/xelatex/xecjk/xeCJK.cfg
File: xeCJK.cfg 2022/08/05 v3.9.1 Configuration file for xeCJK package
))

Package fontspec Info: Could not resolve font "SimSun/BI" (it probably doesn't
(fontspec)             exist).


Package fontspec Info: Could not resolve font "SimSun/B" (it probably doesn't
(fontspec)             exist).


Package fontspec Info: Could not resolve font "SimSun/I" (it probably doesn't
(fontspec)             exist).


Package fontspec Info: Font family 'SimSun(0)' created for font 'SimSun' with
(fontspec)             options [Script={CJK}].
(fontspec)              
(fontspec)              This font family consists of the following NFSS
(fontspec)             series/shapes:
(fontspec)              
(fontspec)             - 'normal' (m/n) with NFSS spec.:
(fontspec)             <->"SimSun/OT:script=hani;language=dflt;"
(fontspec)             - 'small caps'  (m/sc) with NFSS spec.: 


Package fontspec Info: Font family 'Consolas(0)' created for font 'Consolas'
(fontspec)             with options
(fontspec)             [WordSpace={1,0,0},HyphenChar=None,PunctuationSpace=Word
Space].
(fontspec)              
(fontspec)              This font family consists of the following NFSS
(fontspec)             series/shapes:
(fontspec)              
(fontspec)             - 'normal' (m/n) with NFSS spec.:
(fontspec)             <->"Consolas/OT:script=latn;language=dflt;"
(fontspec)             - 'small caps'  (m/sc) with NFSS spec.: 
(fontspec)             and font adjustment code:
(fontspec)             \fontdimen 2\font =1\fontdimen 2\font \fontdimen 3\font
(fontspec)             =0\fontdimen 3\font \fontdimen 4\font =0\fontdimen
(fontspec)             4\font \fontdimen 7\font =0\fontdimen 2\font
(fontspec)             \tex_hyphenchar:D \font =-1\scan_stop: 
(fontspec)             - 'bold' (b/n) with NFSS spec.:
(fontspec)             <->"Consolas/B/OT:script=latn;language=dflt;"
(fontspec)             - 'bold small caps'  (b/sc) with NFSS spec.: 
(fontspec)             and font adjustment code:
(fontspec)             \fontdimen 2\font =1\fontdimen 2\font \fontdimen 3\font
(fontspec)             =0\fontdimen 3\font \fontdimen 4\font =0\fontdimen
(fontspec)             4\font \fontdimen 7\font =0\fontdimen 2\font
(fontspec)             \tex_hyphenchar:D \font =-1\scan_stop: 
(fontspec)             - 'italic' (m/it) with NFSS spec.:
(fontspec)             <->"Consolas/I/OT:script=latn;language=dflt;"
(fontspec)             - 'italic small caps'  (m/scit) with NFSS spec.: 
(fontspec)             and font adjustment code:
(fontspec)             \fontdimen 2\font =1\fontdimen 2\font \fontdimen 3\font
(fontspec)             =0\fontdimen 3\font \fontdimen 4\font =0\fontdimen
(fontspec)             4\font \fontdimen 7\font =0\fontdimen 2\font
(fontspec)             \tex_hyphenchar:D \font =-1\scan_stop: 
(fontspec)             - 'bold italic' (b/it) with NFSS spec.:
(fontspec)             <->"Consolas/BI/OT:script=latn;language=dflt;"
(fontspec)             - 'bold italic small caps'  (b/scit) with NFSS spec.: 
(fontspec)             and font adjustment code:
(fontspec)             \fontdimen 2\font =1\fontdimen 2\font \fontdimen 3\font
(fontspec)             =0\fontdimen 3\font \fontdimen 4\font =0\fontdimen
(fontspec)             4\font \fontdimen 7\font =0\fontdimen 2\font
(fontspec)             \tex_hyphenchar:D \font =-1\scan_stop: 


(d:/texlive/2024/texmf-dist/tex/latex/geometry/geometry.sty
Package: geometry 2020/01/02 v5.9 Page Geometry

(d:/texlive/2024/texmf-dist/tex/latex/graphics/keyval.sty
Package: keyval 2022/05/29 v1.15 key=value parser (DPC)
\KV@toks@=\toks19
)
(d:/texlive/2024/texmf-dist/tex/generic/iftex/ifvtex.sty
Package: ifvtex 2019/10/25 v1.7 ifvtex legacy package. Use iftex instead.

(d:/texlive/2024/texmf-dist/tex/generic/iftex/iftex.sty
Package: iftex 2022/02/03 v1.0f TeX engine tests
))
\Gm@cnth=\count295
\Gm@cntv=\count296
\c@Gm@tempcnt=\count297
\Gm@bindingoffset=\dimen188
\Gm@wd@mp=\dimen189
\Gm@odd@mp=\dimen190
\Gm@even@mp=\dimen191
\Gm@layoutwidth=\dimen192
\Gm@layoutheight=\dimen193
\Gm@layouthoffset=\dimen194
\Gm@layoutvoffset=\dimen195
\Gm@dimlist=\toks20
)
(d:/texlive/2024/texmf-dist/tex/latex/setspace/setspace.sty
Package: setspace 2022/12/04 v6.7b set line spacing
)
(d:/texlive/2024/texmf-dist/tex/latex/microtype/microtype.sty
Package: microtype 2023/03/13 v3.1a Micro-typographical refinements (RS)

(d:/texlive/2024/texmf-dist/tex/latex/etoolbox/etoolbox.sty
Package: etoolbox 2020/10/05 v2.5k e-TeX tools for LaTeX (JAW)
\etb@tempcnta=\count298
)
\MT@toks=\toks21
\MT@tempbox=\box61
\MT@count=\count299
LaTeX Info: Redefining \noprotrusionifhmode on input line 1059.
LaTeX Info: Redefining \leftprotrusion on input line 1060.
\MT@prot@toks=\toks22
LaTeX Info: Redefining \rightprotrusion on input line 1078.
LaTeX Info: Redefining \textls on input line 1368.
\MT@outer@kern=\dimen196
LaTeX Info: Redefining \textmicrotypecontext on input line 1988.
\MT@listname@count=\count300

(d:/texlive/2024/texmf-dist/tex/latex/microtype/microtype-xetex.def
File: microtype-xetex.def 2023/03/13 v3.1a Definitions specific to xetex (RS)
LaTeX Info: Redefining \lsstyle on input line 238.
)
Package microtype Info: Loading configuration file microtype.cfg.

(d:/texlive/2024/texmf-dist/tex/latex/microtype/microtype.cfg
File: microtype.cfg 2023/03/13 v3.1a microtype main configuration file (RS)
))
(d:/texlive/2024/texmf-dist/tex/latex/amsmath/amsmath.sty
Package: amsmath 2023/05/13 v2.17o AMS math features
\@mathmargin=\skip64

For additional information on amsmath, use the `?' option.
(d:/texlive/2024/texmf-dist/tex/latex/amsmath/amstext.sty
Package: amstext 2021/08/26 v2.01 AMS text

(d:/texlive/2024/texmf-dist/tex/latex/amsmath/amsgen.sty
File: amsgen.sty 1999/11/30 v2.0 generic functions
\@emptytoks=\toks23
\ex@=\dimen197
))
(d:/texlive/2024/texmf-dist/tex/latex/amsmath/amsbsy.sty
Package: amsbsy 1999/11/29 v1.2d Bold Symbols
\pmbraise@=\dimen198
)
(d:/texlive/2024/texmf-dist/tex/latex/amsmath/amsopn.sty
Package: amsopn 2022/04/08 v2.04 operator names
)
\inf@bad=\count301
LaTeX Info: Redefining \frac on input line 234.
\uproot@=\count302
\leftroot@=\count303
LaTeX Info: Redefining \overline on input line 399.
LaTeX Info: Redefining \colon on input line 410.
\classnum@=\count304
\DOTSCASE@=\count305
LaTeX Info: Redefining \ldots on input line 496.
LaTeX Info: Redefining \dots on input line 499.
LaTeX Info: Redefining \cdots on input line 620.
\Mathstrutbox@=\box62
\strutbox@=\box63
LaTeX Info: Redefining \big on input line 722.
LaTeX Info: Redefining \Big on input line 723.
LaTeX Info: Redefining \bigg on input line 724.
LaTeX Info: Redefining \Bigg on input line 725.
\big@size=\dimen199
LaTeX Font Info:    Redeclaring font encoding OML on input line 743.
LaTeX Font Info:    Redeclaring font encoding OMS on input line 744.
\macc@depth=\count306
LaTeX Info: Redefining \bmod on input line 905.
LaTeX Info: Redefining \pmod on input line 910.
LaTeX Info: Redefining \smash on input line 940.
LaTeX Info: Redefining \relbar on input line 970.
LaTeX Info: Redefining \Relbar on input line 971.
\c@MaxMatrixCols=\count307
\dotsspace@=\muskip18
\c@parentequation=\count308
\dspbrk@lvl=\count309
\tag@help=\toks24
\row@=\count310
\column@=\count311
\maxfields@=\count312
\andhelp@=\toks25
\eqnshift@=\dimen256
\alignsep@=\dimen257
\tagshift@=\dimen258
\tagwidth@=\dimen259
\totwidth@=\dimen260
\lineht@=\dimen261
\@envbody=\toks26
\multlinegap=\skip65
\multlinetaggap=\skip66
\mathdisplay@stack=\toks27
LaTeX Info: Redefining \[ on input line 2953.
LaTeX Info: Redefining \] on input line 2954.
)
(d:/texlive/2024/texmf-dist/tex/latex/amsfonts/amssymb.sty
Package: amssymb 2013/01/14 v3.01 AMS font symbols

(d:/texlive/2024/texmf-dist/tex/latex/amsfonts/amsfonts.sty
Package: amsfonts 2013/01/14 v3.01 Basic AMSFonts support
\symAMSa=\mathgroup4
\symAMSb=\mathgroup5
LaTeX Font Info:    Redeclaring math symbol \hbar on input line 98.
LaTeX Font Info:    Overwriting math alphabet `\mathfrak' in version `bold'
(Font)                  U/euf/m/n --> U/euf/b/n on input line 106.
))
(d:/texlive/2024/texmf-dist/tex/latex/hyperref/hyperref.sty
Package: hyperref 2024-01-20 v7.01h Hypertext links for LaTeX

(d:/texlive/2024/texmf-dist/tex/latex/kvsetkeys/kvsetkeys.sty
Package: kvsetkeys 2022-10-05 v1.19 Key value parser (HO)
)
(d:/texlive/2024/texmf-dist/tex/generic/kvdefinekeys/kvdefinekeys.sty
Package: kvdefinekeys 2019-12-19 v1.6 Define keys (HO)
)
(d:/texlive/2024/texmf-dist/tex/generic/pdfescape/pdfescape.sty
Package: pdfescape 2019/12/09 v1.15 Implements pdfTeX's escape features (HO)

(d:/texlive/2024/texmf-dist/tex/generic/ltxcmds/ltxcmds.sty
Package: ltxcmds 2023-12-04 v1.26 LaTeX kernel commands for general use (HO)
)
(d:/texlive/2024/texmf-dist/tex/generic/pdftexcmds/pdftexcmds.sty
Package: pdftexcmds 2020-06-27 v0.33 Utility functions of pdfTeX for LuaTeX (HO
)

(d:/texlive/2024/texmf-dist/tex/generic/infwarerr/infwarerr.sty
Package: infwarerr 2019/12/03 v1.5 Providing info/warning/error messages (HO)
)
Package pdftexcmds Info: \pdf@primitive is available.
Package pdftexcmds Info: \pdf@ifprimitive is available.
Package pdftexcmds Info: \pdfdraftmode not found.
))
(d:/texlive/2024/texmf-dist/tex/latex/hycolor/hycolor.sty
Package: hycolor 2020-01-27 v1.10 Color options for hyperref/bookmark (HO)
)
(d:/texlive/2024/texmf-dist/tex/latex/auxhook/auxhook.sty
Package: auxhook 2019-12-17 v1.6 Hooks for auxiliary files (HO)
)
(d:/texlive/2024/texmf-dist/tex/latex/hyperref/nameref.sty
Package: nameref 2023-11-26 v2.56 Cross-referencing by name of section

(d:/texlive/2024/texmf-dist/tex/latex/refcount/refcount.sty
Package: refcount 2019/12/15 v3.6 Data extraction from label references (HO)
)
(d:/texlive/2024/texmf-dist/tex/generic/gettitlestring/gettitlestring.sty
Package: gettitlestring 2019/12/15 v1.6 Cleanup title references (HO)

(d:/texlive/2024/texmf-dist/tex/latex/kvoptions/kvoptions.sty
Package: kvoptions 2022-06-15 v3.15 Key value format for package options (HO)
))
\c@section@level=\count313
)
\@linkdim=\dimen262
\Hy@linkcounter=\count314
\Hy@pagecounter=\count315

(d:/texlive/2024/texmf-dist/tex/latex/hyperref/pd1enc.def
File: pd1enc.def 2024-01-20 v7.01h Hyperref: PDFDocEncoding definition (HO)
)
(d:/texlive/2024/texmf-dist/tex/generic/intcalc/intcalc.sty
Package: intcalc 2019/12/15 v1.3 Expandable calculations with integers (HO)
)
\Hy@SavedSpaceFactor=\count316

(d:/texlive/2024/texmf-dist/tex/latex/hyperref/puenc.def
File: puenc.def 2024-01-20 v7.01h Hyperref: PDF Unicode definition (HO)
)
Package hyperref Info: Option `colorlinks' set `true' on input line 4062.
Package hyperref Info: Hyper figures OFF on input line 4179.
Package hyperref Info: Link nesting OFF on input line 4184.
Package hyperref Info: Hyper index ON on input line 4187.
Package hyperref Info: Plain pages OFF on input line 4194.
Package hyperref Info: Backreferencing OFF on input line 4199.
Package hyperref Info: Implicit mode ON; LaTeX internals redefined.
Package hyperref Info: Bookmarks ON on input line 4446.
\c@Hy@tempcnt=\count317
LaTeX Info: Redefining \url on input line 4784.
\XeTeXLinkMargin=\dimen263

(d:/texlive/2024/texmf-dist/tex/generic/bitset/bitset.sty
Package: bitset 2019/12/09 v1.3 Handle bit-vector datatype (HO)

(d:/texlive/2024/texmf-dist/tex/generic/bigintcalc/bigintcalc.sty
Package: bigintcalc 2019/12/15 v1.5 Expandable calculations on big integers (HO
)
))
\Fld@menulength=\count318
\Field@Width=\dimen264
\Fld@charsize=\dimen265
Package hyperref Info: Hyper figures OFF on input line 6063.
Package hyperref Info: Link nesting OFF on input line 6068.
Package hyperref Info: Hyper index ON on input line 6071.
Package hyperref Info: backreferencing OFF on input line 6078.
Package hyperref Info: Link coloring ON on input line 6081.
Package hyperref Info: Link coloring with OCG OFF on input line 6088.
Package hyperref Info: PDF/A mode OFF on input line 6093.

(d:/texlive/2024/texmf-dist/tex/latex/base/atbegshi-ltx.sty
Package: atbegshi-ltx 2021/01/10 v1.0c Emulation of the original atbegshi
package with kernel methods
)
\Hy@abspage=\count319
\c@Item=\count320
\c@Hfootnote=\count321
)
Package hyperref Info: Driver (autodetected): hxetex.

(d:/texlive/2024/texmf-dist/tex/latex/hyperref/hxetex.def
File: hxetex.def 2024-01-20 v7.01h Hyperref driver for XeTeX

(d:/texlive/2024/texmf-dist/tex/generic/stringenc/stringenc.sty
Package: stringenc 2019/11/29 v1.12 Convert strings between diff. encodings (HO
)
)
\pdfm@box=\box64
\c@Hy@AnnotLevel=\count322
\HyField@AnnotCount=\count323
\Fld@listcount=\count324
\c@bookmark@seq@number=\count325

(d:/texlive/2024/texmf-dist/tex/latex/rerunfilecheck/rerunfilecheck.sty
Package: rerunfilecheck 2022-07-10 v1.10 Rerun checks for auxiliary files (HO)

(d:/texlive/2024/texmf-dist/tex/latex/base/atveryend-ltx.sty
Package: atveryend-ltx 2020/08/19 v1.0a Emulation of the original atveryend pac
kage
with kernel methods
)
(d:/texlive/2024/texmf-dist/tex/generic/uniquecounter/uniquecounter.sty
Package: uniquecounter 2019/12/15 v1.4 Provide unlimited unique counter (HO)
)
Package uniquecounter Info: New unique counter `rerunfilecheck' on input line 2
85.
)
\Hy@SectionHShift=\skip67
)
(d:/texlive/2024/texmf-dist/tex/latex/tools/tabularx.sty
Package: tabularx 2023/07/08 v2.11c `tabularx' package (DPC)
\TX@col@width=\dimen266
\TX@old@table=\dimen267
\TX@old@col=\dimen268
\TX@target=\dimen269
\TX@delta=\dimen270
\TX@cols=\count326
\TX@ftn=\toks28
)
(d:/texlive/2024/texmf-dist/tex/latex/multirow/multirow.sty
Package: multirow 2021/03/15 v2.8 Span multiple rows of a table
\multirow@colwidth=\skip68
\multirow@cntb=\count327
\multirow@dima=\skip69
\bigstrutjot=\dimen271
)
(d:/texlive/2024/texmf-dist/tex/latex/xcolor/xcolor.sty
Package: xcolor 2023/11/15 v3.01 LaTeX color extensions (UK)

(d:/texlive/2024/texmf-dist/tex/latex/graphics-cfg/color.cfg
File: color.cfg 2016/01/02 v1.6 sample color configuration
)
Package xcolor Info: Driver file: xetex.def on input line 274.

(d:/texlive/2024/texmf-dist/tex/latex/graphics-def/xetex.def
File: xetex.def 2022/09/22 v5.0n Graphics/color driver for xetex
)
(d:/texlive/2024/texmf-dist/tex/latex/graphics/mathcolor.ltx)
Package xcolor Info: Model `cmy' substituted by `cmy0' on input line 1350.
Package xcolor Info: Model `RGB' extended on input line 1366.
Package xcolor Info: Model `HTML' substituted by `rgb' on input line 1368.
Package xcolor Info: Model `Hsb' substituted by `hsb' on input line 1369.
Package xcolor Info: Model `tHsb' substituted by `hsb' on input line 1370.
Package xcolor Info: Model `HSB' substituted by `hsb' on input line 1371.
Package xcolor Info: Model `Gray' substituted by `gray' on input line 1372.
Package xcolor Info: Model `wave' substituted by `hsb' on input line 1373.
)
(d:/texlive/2024/texmf-dist/tex/latex/listings/listings.sty
\lst@mode=\count328
\lst@gtempboxa=\box65
\lst@token=\toks29
\lst@length=\count329
\lst@currlwidth=\dimen272
\lst@column=\count330
\lst@pos=\count331
\lst@lostspace=\dimen273
\lst@width=\dimen274
\lst@newlines=\count332
\lst@lineno=\count333
\lst@maxwidth=\dimen275

(d:/texlive/2024/texmf-dist/tex/latex/listings/lstpatch.sty
File: lstpatch.sty 2024/02/21 1.10 (Carsten Heinz)
)
(d:/texlive/2024/texmf-dist/tex/latex/listings/lstmisc.sty
File: lstmisc.sty 2024/02/21 1.10 (Carsten Heinz)
\c@lstnumber=\count334
\lst@skipnumbers=\count335
\lst@framebox=\box66
)
(d:/texlive/2024/texmf-dist/tex/latex/listings/listings.cfg
File: listings.cfg 2024/02/21 1.10 listings configuration
))
Package: listings 2024/02/21 1.10 (Carsten Heinz)

(d:/texlive/2024/texmf-dist/tex/xelatex/xecjk/xeCJK-listings.sty
Package: xeCJK-listings 2022/08/05 v3.9.1 xeCJK patch file for listings
\l__xeCJK_listings_max_char_int=\count336
\l__xeCJK_listings_flag_int=\count337
)
(d:/texlive/2024/texmf-dist/tex/latex/titlesec/titlesec.sty
Package: titlesec 2023/10/27 v2.16 Sectioning titles
\ttl@box=\box67
\beforetitleunit=\skip70
\aftertitleunit=\skip71
\ttl@plus=\dimen276
\ttl@minus=\dimen277
\ttl@toksa=\toks30
\titlewidth=\dimen278
\titlewidthlast=\dimen279
\titlewidthfirst=\dimen280
) (./report.aux)
\openout1 = `report.aux'.

LaTeX Font Info:    Checking defaults for OML/cmm/m/it on input line 61.
LaTeX Font Info:    ... okay on input line 61.
LaTeX Font Info:    Checking defaults for OMS/cmsy/m/n on input line 61.
LaTeX Font Info:    ... okay on input line 61.
LaTeX Font Info:    Checking defaults for OT1/cmr/m/n on input line 61.
LaTeX Font Info:    ... okay on input line 61.
LaTeX Font Info:    Checking defaults for T1/cmr/m/n on input line 61.
LaTeX Font Info:    ... okay on input line 61.
LaTeX Font Info:    Checking defaults for TS1/cmr/m/n on input line 61.
LaTeX Font Info:    Trying to load font information for TS1+cmr on input line 6
1.

(d:/texlive/2024/texmf-dist/tex/latex/base/ts1cmr.fd
File: ts1cmr.fd 2023/04/13 v2.5m Standard LaTeX font definitions
)
LaTeX Font Info:    ... okay on input line 61.
LaTeX Font Info:    Checking defaults for TU/lmr/m/n on input line 61.
LaTeX Font Info:    ... okay on input line 61.
LaTeX Font Info:    Checking defaults for OMX/cmex/m/n on input line 61.
LaTeX Font Info:    ... okay on input line 61.
LaTeX Font Info:    Checking defaults for U/cmr/m/n on input line 61.
LaTeX Font Info:    ... okay on input line 61.
LaTeX Font Info:    Checking defaults for PD1/pdf/m/n on input line 61.
LaTeX Font Info:    ... okay on input line 61.
LaTeX Font Info:    Checking defaults for PU/pdf/m/n on input line 61.
LaTeX Font Info:    ... okay on input line 61.

Package fontspec Info: Adjusting the maths setup (use [no-math] to avoid
(fontspec)             this).

\symlegacymaths=\mathgroup6
LaTeX Font Info:    Overwriting symbol font `legacymaths' in version `bold'
(Font)                  OT1/cmr/m/n --> OT1/cmr/bx/n on input line 61.
LaTeX Font Info:    Redeclaring math accent \acute on input line 61.
LaTeX Font Info:    Redeclaring math accent \grave on input line 61.
LaTeX Font Info:    Redeclaring math accent \ddot on input line 61.
LaTeX Font Info:    Redeclaring math accent \tilde on input line 61.
LaTeX Font Info:    Redeclaring math accent \bar on input line 61.
LaTeX Font Info:    Redeclaring math accent \breve on input line 61.
LaTeX Font Info:    Redeclaring math accent \check on input line 61.
LaTeX Font Info:    Redeclaring math accent \hat on input line 61.
LaTeX Font Info:    Redeclaring math accent \dot on input line 61.
LaTeX Font Info:    Redeclaring math accent \mathring on input line 61.
LaTeX Font Info:    Redeclaring math symbol \Gamma on input line 61.
LaTeX Font Info:    Redeclaring math symbol \Delta on input line 61.
LaTeX Font Info:    Redeclaring math symbol \Theta on input line 61.
LaTeX Font Info:    Redeclaring math symbol \Lambda on input line 61.
LaTeX Font Info:    Redeclaring math symbol \Xi on input line 61.
LaTeX Font Info:    Redeclaring math symbol \Pi on input line 61.
LaTeX Font Info:    Redeclaring math symbol \Sigma on input line 61.
LaTeX Font Info:    Redeclaring math symbol \Upsilon on input line 61.
LaTeX Font Info:    Redeclaring math symbol \Phi on input line 61.
LaTeX Font Info:    Redeclaring math symbol \Psi on input line 61.
LaTeX Font Info:    Redeclaring math symbol \Omega on input line 61.
LaTeX Font Info:    Redeclaring math symbol \mathdollar on input line 61.
LaTeX Font Info:    Redeclaring symbol font `operators' on input line 61.
LaTeX Font Info:    Encoding `OT1' has changed to `TU' for symbol font
(Font)              `operators' in the math version `normal' on input line 61.
LaTeX Font Info:    Overwriting symbol font `operators' in version `normal'
(Font)                  OT1/cmr/m/n --> TU/lmr/m/n on input line 61.
LaTeX Font Info:    Encoding `OT1' has changed to `TU' for symbol font
(Font)              `operators' in the math version `bold' on input line 61.
LaTeX Font Info:    Overwriting symbol font `operators' in version `bold'
(Font)                  OT1/cmr/bx/n --> TU/lmr/m/n on input line 61.
LaTeX Font Info:    Overwriting symbol font `operators' in version `normal'
(Font)                  TU/lmr/m/n --> TU/lmr/m/n on input line 61.
LaTeX Font Info:    Overwriting math alphabet `\mathit' in version `normal'
(Font)                  OT1/cmr/m/it --> TU/lmr/m/it on input line 61.
LaTeX Font Info:    Overwriting math alphabet `\mathbf' in version `normal'
(Font)                  OT1/cmr/bx/n --> TU/lmr/b/n on input line 61.
LaTeX Font Info:    Overwriting math alphabet `\mathsf' in version `normal'
(Font)                  OT1/cmss/m/n --> TU/lmss/m/n on input line 61.
LaTeX Font Info:    Overwriting math alphabet `\mathtt' in version `normal'
(Font)                  OT1/cmtt/m/n --> TU/Consolas(0)/m/n on input line 61.
LaTeX Font Info:    Overwriting symbol font `operators' in version `bold'
(Font)                  TU/lmr/m/n --> TU/lmr/b/n on input line 61.
LaTeX Font Info:    Overwriting math alphabet `\mathit' in version `bold'
(Font)                  OT1/cmr/bx/it --> TU/lmr/b/it on input line 61.
LaTeX Font Info:    Overwriting math alphabet `\mathsf' in version `bold'
(Font)                  OT1/cmss/bx/n --> TU/lmss/b/n on input line 61.
LaTeX Font Info:    Overwriting math alphabet `\mathtt' in version `bold'
(Font)                  OT1/cmtt/m/n --> TU/Consolas(0)/b/n on input line 61.

*geometry* driver: auto-detecting
*geometry* detected driver: xetex
*geometry* verbose mode - [ preamble ] result:
* driver: xetex
* paper: a4paper
* layout: <same size as paper>
* layoutoffset:(h,v)=(0.0pt,0.0pt)
* modes: 
* h-part:(L,W,R)=(62.59596pt, 472.31595pt, 62.59596pt)
* v-part:(T,H,B)=(62.59596pt, 719.85492pt, 62.59596pt)
* \paperwidth=597.50787pt
* \paperheight=845.04684pt
* \textwidth=472.31595pt
* \textheight=719.85492pt
* \oddsidemargin=-9.67403pt
* \evensidemargin=-9.67403pt
* \topmargin=-46.67403pt
* \headheight=12.0pt
* \headsep=25.0pt
* \topskip=11.0pt
* \footskip=30.0pt
* \marginparwidth=50.0pt
* \marginparsep=10.0pt
* \columnsep=10.0pt
* \skip\footins=10.0pt plus 4.0pt minus 2.0pt
* \hoffset=0.0pt
* \voffset=0.0pt
* \mag=1000
* \@twocolumnfalse
* \@twosidefalse
* \@mparswitchfalse
* \@reversemarginfalse
* (1in=72.27pt=25.4mm, 1cm=28.453pt)

LaTeX Info: Redefining \microtypecontext on input line 61.
Package microtype Info: Applying patch `item' on input line 61.
Package microtype Info: Applying patch `toc' on input line 61.
Package microtype Info: Applying patch `eqnum' on input line 61.
Package microtype Info: Applying patch `footnote' on input line 61.
Package microtype Info: Applying patch `verbatim' on input line 61.
Package microtype Info: Character protrusion enabled (level 2).
Package microtype Info: Using default protrusion set `alltext'.
Package microtype Info: No adjustment of tracking.
Package microtype Info: No adjustment of spacing.
Package microtype Info: No adjustment of kerning.
(d:/texlive/2024/texmf-dist/tex/latex/microtype/mt-LatinModernRoman.cfg
File: mt-LatinModernRoman.cfg 2021/02/21 v1.1 microtype config. file: Latin Mod
ern Roman (RS)
)
Package hyperref Info: Link coloring ON on input line 61.

(./report.out) (./report.out)
\@outlinefile=\write3
\openout3 = `report.out'.

\c@lstlisting=\count338


LaTeX Font Warning: Font shape `TU/SimSun(0)/b/n' undefined
(Font)              using `TU/SimSun(0)/m/n' instead on input line 64.

(./report.toc
LaTeX Font Info:    Trying to load font information for U+msa on input line 2.
 (d:/texlive/2024/texmf-dist/tex/latex/amsfonts/umsa.fd
File: umsa.fd 2013/01/14 v3.01 AMS symbols A
)
(d:/texlive/2024/texmf-dist/tex/latex/microtype/mt-msa.cfg
File: mt-msa.cfg 2006/02/04 v1.1 microtype config. file: AMS symbols (a) (RS)
)
LaTeX Font Info:    Trying to load font information for U+msb on input line 2.

(d:/texlive/2024/texmf-dist/tex/latex/amsfonts/umsb.fd
File: umsb.fd 2013/01/14 v3.01 AMS symbols B
)
(d:/texlive/2024/texmf-dist/tex/latex/microtype/mt-msb.cfg
File: mt-msb.cfg 2005/06/01 v1.0 microtype config. file: AMS symbols (b) (RS)
)
(d:/texlive/2024/texmf-dist/tex/latex/microtype/mt-cmr.cfg
File: mt-cmr.cfg 2013/05/19 v2.2 microtype config. file: Computer Modern Roman 
(RS)
))
\tf@toc=\write4
\openout4 = `report.toc'.

 [1

]
Package microtype Info: Loading generic protrusion settings for font family
(microtype)             `Consolas' (encoding: TU).
(microtype)             For optimal results, create family-specific settings.
(microtype)             See the microtype manual for details.
 [2]
Overfull \hbox (0.33217pt too wide) in alignment at lines 198--202
 [] [] [] [] [] 
 []


Overfull \hbox (0.33217pt too wide) in alignment at lines 202--206
 [] [] [] [] [] 
 []


Overfull \hbox (0.33217pt too wide) in alignment at lines 206--209
 [] [] [] [] [] 
 []


Overfull \hbox (0.33217pt too wide) in alignment at lines 209--211
 [] [] [] [] [] 
 []


Overfull \hbox (16.98717pt too wide) in paragraph at lines 247--247
[]|\TU/Consolas(0)/m/n/10 generate_parentheses_iterative|  
 []


Overfull \hbox (33.48131pt too wide) in paragraph at lines 272--272
[]|\TU/Consolas(0)/m/n/10 generate_sum_of_subsets_solutions|  
 []


Overfull \hbox (71.96764pt too wide) in paragraph at lines 292--292
[]|\TU/Consolas(0)/m/n/10 get_set_bits_count_using_modulo_operator|  
 []


Overfull \hbox (132.44615pt too wide) in paragraph at lines 293--293
[]|\TU/Consolas(0)/m/n/10 get_set_bits_count_using_brian_kernighans_algorithm| 
 
 []


Overfull \hbox (5.99107pt too wide) in paragraph at lines 300--300
[]|\TU/Consolas(0)/m/n/10 get_highest_set_bit_position|  
 []


Overfull \hbox (16.98717pt too wide) in paragraph at lines 301--301
[]|\TU/Consolas(0)/m/n/10 get_index_of_rightmost_set_bit|  
 []


Overfull \hbox (27.98326pt too wide) in paragraph at lines 361--361
[]|\TU/Consolas(0)/m/n/10 WaTor.balance_predators_and_prey|  
 []


Overfull \hbox (16.98717pt too wide) in paragraph at lines 365--365
[]|\TU/Consolas(0)/m/n/10 WaTor.perform_predator_actions|  
 []


Overfull \hbox (16.98717pt too wide) in paragraph at lines 371--371
[]|\TU/Consolas(0)/m/n/10 Entity.reset_reproduction_time|  
 []


Overfull \hbox (11.48912pt too wide) in paragraph at lines 408--408
[]|\TU/Consolas(0)/m/n/10 BifidCipher.letter_to_numbers|  
 []


Overfull \hbox (11.48912pt too wide) in paragraph at lines 409--409
[]|\TU/Consolas(0)/m/n/10 BifidCipher.numbers_to_letter|  
 []


Overfull \hbox (0.33217pt too wide) in alignment at lines 211--412
 [] [] [] [] [] 
 []


Overfull \hbox (22.48521pt too wide) in paragraph at lines 416--416
[]|\TU/Consolas(0)/m/n/10 decrypt_caesar_with_chi_squared|  
 []


Overfull \hbox (33.48131pt too wide) in paragraph at lines 422--422
[]|\TU/Consolas(0)/m/n/10 DiffieHellman.is_valid_public_key|  
 []


Overfull \hbox (33.48131pt too wide) in paragraph at lines 423--423
[]|\TU/Consolas(0)/m/n/10 DiffieHellman.generate_shared_key|  
 []


Overfull \hbox (71.96764pt too wide) in paragraph at lines 424--424
[]|\TU/Consolas(0)/m/n/10 DiffieHellman.is_valid_public_key_static|  
 []


Overfull \hbox (71.96764pt too wide) in paragraph at lines 425--425
[]|\TU/Consolas(0)/m/n/10 DiffieHellman.generate_shared_key_static|  
 []


Overfull \hbox (11.48912pt too wide) in paragraph at lines 426--426
[]|\TU/Consolas(0)/m/n/10 DiffieHellman.get_private_key|  
 []


Overfull \hbox (33.48131pt too wide) in paragraph at lines 427--427
[]|\TU/Consolas(0)/m/n/10 DiffieHellman.generate_public_key|  
 []


Overfull \hbox (5.99107pt too wide) in paragraph at lines 445--445
[]|\TU/Consolas(0)/m/n/10 HillCipher.check_determinant|  
 []


Overfull \hbox (27.98326pt too wide) in paragraph at lines 474--474
[]|\TU/Consolas(0)/m/n/10 PolybiusCipher.letter_to_numbers|  
 []


Overfull \hbox (27.98326pt too wide) in paragraph at lines 475--475
[]|\TU/Consolas(0)/m/n/10 PolybiusCipher.numbers_to_letter|  
 []


Overfull \hbox (44.4774pt too wide) in paragraph at lines 504--504
[]|\TU/Consolas(0)/m/n/10 ShuffledShiftCipher.__make_key_list|  
 []


Overfull \hbox (49.97545pt too wide) in paragraph at lines 506--506
[]|\TU/Consolas(0)/m/n/10 ShuffledShiftCipher.__make_shift_key|  
 []


Overfull \hbox (5.99107pt too wide) in paragraph at lines 507--507
[]|\TU/Consolas(0)/m/n/10 ShuffledShiftCipher.__init__|  
 []


Overfull \hbox (11.48912pt too wide) in paragraph at lines 508--508
[]|\TU/Consolas(0)/m/n/10 ShuffledShiftCipher.__neg_pos|  
 []


Overfull \hbox (60.97154pt too wide) in paragraph at lines 509--509
[]|\TU/Consolas(0)/m/n/10 ShuffledShiftCipher.__passcode_creator|  
 []


Overfull \hbox (38.97935pt too wide) in paragraph at lines 592--592
[]|\TU/Consolas(0)/m/n/10 decimal_to_binary_recursive_helper|  
 []


Overfull \hbox (38.97935pt too wide) in paragraph at lines 608--608
[]|\TU/Consolas(0)/m/n/10 pressure_and_volume_to_temperature|  
 []


Overfull \hbox (0.33217pt too wide) in alignment at lines 412--612
 [] [] [] [] [] 
 []

[3] [4] [5] [6] [7] [8] [9] [10] [11] [12] [13] [14]
Overfull \hbox (77.46568pt too wide) in paragraph at lines 657--657
[]|\TU/Consolas(0)/m/n/10 CoordinateCompressor.compress_coordinates|  
 []


Overfull \hbox (22.48521pt too wide) in paragraph at lines 658--658
[]|\TU/Consolas(0)/m/n/10 CoordinateCompressor.decompress|  
 []


Overfull \hbox (11.48912pt too wide) in paragraph at lines 659--659
[]|\TU/Consolas(0)/m/n/10 CoordinateCompressor.__init__|  
 []


Overfull \hbox (11.48912pt too wide) in paragraph at lines 660--660
[]|\TU/Consolas(0)/m/n/10 CoordinateCompressor.compress|  
 []


Overfull \hbox (44.4774pt too wide) in paragraph at lines 681--681
[]|\TU/Consolas(0)/m/n/10 LZ77Compressor._find_encoding_token|  
 []


Overfull \hbox (66.46959pt too wide) in paragraph at lines 685--685
[]|\TU/Consolas(0)/m/n/10 LZ77Compressor._match_length_from_index|  
 []


Overfull \hbox (27.98326pt too wide) in paragraph at lines 694--694
[]|\TU/Consolas(0)/m/n/10 find_triplets_with_0_sum_hashing|  
 []


Overfull \hbox (11.48912pt too wide) in paragraph at lines 698--698
[]|\TU/Consolas(0)/m/n/10 Index2DArrayIterator.__iter__|  
 []


Overfull \hbox (33.48131pt too wide) in paragraph at lines 783--783
[]|\TU/Consolas(0)/m/n/10 BinarySearchTree.__reassign_nodes|  
 []


Overfull \hbox (38.97935pt too wide) in paragraph at lines 791--791
[]|\TU/Consolas(0)/m/n/10 BinarySearchTree.preorder_traverse|  
 []


Overfull \hbox (22.48521pt too wide) in paragraph at lines 792--792
[]|\TU/Consolas(0)/m/n/10 BinarySearchTree.traversal_tree|  
 []


Overfull \hbox (38.97935pt too wide) in paragraph at lines 797--797
[]|\TU/Consolas(0)/m/n/10 BinarySearchTree.find_kth_smallest|  
 []


Overfull \hbox (27.98326pt too wide) in paragraph at lines 798--798
[]|\TU/Consolas(0)/m/n/10 BinarySearchTreeTest.test_remove|  
 []


Overfull \hbox (11.48912pt too wide) in paragraph at lines 799--799
[]|\TU/Consolas(0)/m/n/10 BinarySearchTreeTest.test_put|  
 []


Overfull \hbox (38.97935pt too wide) in paragraph at lines 800--800
[]|\TU/Consolas(0)/m/n/10 BinarySearchTreeTest.test_remove_2|  
 []


Overfull \hbox (27.98326pt too wide) in paragraph at lines 806--806
[]|\TU/Consolas(0)/m/n/10 BinarySearchTree._reassign_nodes|  
 []


Overfull \hbox (16.98717pt too wide) in paragraph at lines 808--808
[]|\TU/Consolas(0)/m/n/10 BinarySearchTree.get_max_label|  
 []


Overfull \hbox (16.98717pt too wide) in paragraph at lines 809--809
[]|\TU/Consolas(0)/m/n/10 BinarySearchTree.get_min_label|  
 []


Overfull \hbox (27.98326pt too wide) in paragraph at lines 810--810
[]|\TU/Consolas(0)/m/n/10 BinarySearchTreeTest.test_search|  
 []


Overfull \hbox (38.97935pt too wide) in paragraph at lines 811--811
[]|\TU/Consolas(0)/m/n/10 BinarySearchTreeTest.test_is_empty|  
 []


Overfull \hbox (0.33217pt too wide) in alignment at lines 612--812
 [] [] [] [] [] 
 []

[15] [16] [17] [18] [19] [20] [21] [22] [23] [24] [25] [26]
Overfull \hbox (27.98326pt too wide) in paragraph at lines 812--812
[]|\TU/Consolas(0)/m/n/10 BinarySearchTreeTest.test_exists|  
 []


Overfull \hbox (88.46178pt too wide) in paragraph at lines 813--813
[]|\TU/Consolas(0)/m/n/10 BinarySearchTreeTest.test_inorder_traversal|  
 []


Overfull \hbox (93.95982pt too wide) in paragraph at lines 814--814
[]|\TU/Consolas(0)/m/n/10 BinarySearchTreeTest.test_preorder_traversal|  
 []


Overfull \hbox (33.48131pt too wide) in paragraph at lines 816--816
[]|\TU/Consolas(0)/m/n/10 BinarySearchTree._get_lowest_node|  
 []


Overfull \hbox (44.4774pt too wide) in paragraph at lines 818--818
[]|\TU/Consolas(0)/m/n/10 BinarySearchTree._inorder_traversal|  
 []


Overfull \hbox (49.97545pt too wide) in paragraph at lines 819--819
[]|\TU/Consolas(0)/m/n/10 BinarySearchTree._preorder_traversal|  
 []


Overfull \hbox (22.48521pt too wide) in paragraph at lines 820--820
[]|\TU/Consolas(0)/m/n/10 BinarySearchTreeTest.test_empty|  
 []


Overfull \hbox (66.46959pt too wide) in paragraph at lines 821--821
[]|\TU/Consolas(0)/m/n/10 BinarySearchTreeTest.test_get_max_label|  
 []


Overfull \hbox (66.46959pt too wide) in paragraph at lines 822--822
[]|\TU/Consolas(0)/m/n/10 BinarySearchTreeTest.test_get_min_label|  
 []


Overfull \hbox (38.97935pt too wide) in paragraph at lines 829--829
[]|\TU/Consolas(0)/m/n/10 BinarySearchTree.inorder_traversal|  
 []


Overfull \hbox (44.4774pt too wide) in paragraph at lines 830--830
[]|\TU/Consolas(0)/m/n/10 BinarySearchTree.preorder_traversal|  
 []


Overfull \hbox (93.95982pt too wide) in paragraph at lines 831--831
[]|\TU/Consolas(0)/m/n/10 BinarySearchTreeTest._get_binary_search_tree|  
 []


Overfull \hbox (49.97545pt too wide) in paragraph at lines 836--836
[]|\TU/Consolas(0)/m/n/10 BinaryTreeNodeSum.depth_first_search|  
 []


Overfull \hbox (49.97545pt too wide) in paragraph at lines 840--840
[]|\TU/Consolas(0)/m/n/10 BinaryTreePathSum.depth_first_search|  
 []


Overfull \hbox (5.99107pt too wide) in paragraph at lines 855--855
[]|\TU/Consolas(0)/m/n/10 get_nodes_from_left_to_right|  
 []


Overfull \hbox (5.99107pt too wide) in paragraph at lines 856--856
[]|\TU/Consolas(0)/m/n/10 get_nodes_from_right_to_left|  
 []


Overfull \hbox (5.99107pt too wide) in paragraph at lines 864--864
[]|\TU/Consolas(0)/m/n/10 binary_tree_bottom_side_view|  
 []


Overfull \hbox (44.4774pt too wide) in paragraph at lines 963--963
[]|\TU/Consolas(0)/m/n/10 RedBlackTree.check_color_properties|  
 []


Overfull \hbox (16.98717pt too wide) in paragraph at lines 969--969
[]|\TU/Consolas(0)/m/n/10 RedBlackTree.preorder_traverse|  
 []


Overfull \hbox (11.48912pt too wide) in paragraph at lines 970--970
[]|\TU/Consolas(0)/m/n/10 RedBlackTree.inorder_traverse|  
 []


Overfull \hbox (22.48521pt too wide) in paragraph at lines 971--971
[]|\TU/Consolas(0)/m/n/10 RedBlackTree.postorder_traverse|  
 []


Overfull \hbox (5.99107pt too wide) in paragraph at lines 989--989
[]|\TU/Consolas(0)/m/n/10 SegmentTree.update_recursive|  
 []


Overfull \hbox (0.33217pt too wide) in alignment at lines 812--1012
 [] [] [] [] [] 
 []

[27] [28] [29] [30] [31] [32] [33] [34] [35] [36] [37] [38] [39]
Overfull \hbox (27.98326pt too wide) in paragraph at lines 1061--1061
[]|\TU/Consolas(0)/m/n/10 DoubleHash._collision_resolution|  
 []


Overfull \hbox (5.99107pt too wide) in paragraph at lines 1063--1063
[]|\TU/Consolas(0)/m/n/10 DoubleHash.__hash_function_2|  
 []


Overfull \hbox (33.48131pt too wide) in paragraph at lines 1065--1065
[]|\TU/Consolas(0)/m/n/10 DoubleHash.__hash_double_function|  
 []


Overfull \hbox (22.48521pt too wide) in paragraph at lines 1066--1066
[]|\TU/Consolas(0)/m/n/10 HashTable._collision_resolution|  
 []


Overfull \hbox (99.45787pt too wide) in paragraph at lines 1078--1078
[]|\TU/Consolas(0)/m/n/10 HashTableWithLinkedList._collision_resolution|  
 []


Overfull \hbox (38.97935pt too wide) in paragraph at lines 1079--1079
[]|\TU/Consolas(0)/m/n/10 HashTableWithLinkedList._set_value|  
 []


Overfull \hbox (66.46959pt too wide) in paragraph at lines 1080--1080
[]|\TU/Consolas(0)/m/n/10 HashTableWithLinkedList.balanced_factor|  
 []


Overfull \hbox (27.98326pt too wide) in paragraph at lines 1081--1081
[]|\TU/Consolas(0)/m/n/10 HashTableWithLinkedList.__init__|  
 []


Overfull \hbox (60.97154pt too wide) in paragraph at lines 1082--1082
[]|\TU/Consolas(0)/m/n/10 QuadraticProbing._collision_resolution|  
 []


Overfull \hbox (33.48131pt too wide) in paragraph at lines 1087--1087
[]|\TU/Consolas(0)/m/n/10 test_hash_map_is_the_same_as_dict|  
 []


Overfull \hbox (49.97545pt too wide) in paragraph at lines 1088--1088
[]|\TU/Consolas(0)/m/n/10 test_no_new_methods_was_added_to_api|  
 []


Overfull \hbox (11.48912pt too wide) in paragraph at lines 1156--1156
[]|\TU/Consolas(0)/m/n/10 test_nearest_neighbour_search|  
 []


Overfull \hbox (11.48912pt too wide) in paragraph at lines 1159--1159
[]|\TU/Consolas(0)/m/n/10 CircularLinkedList.delete_nth|  
 []


Overfull \hbox (11.48912pt too wide) in paragraph at lines 1160--1160
[]|\TU/Consolas(0)/m/n/10 CircularLinkedList.insert_nth|  
 []


Overfull \hbox (16.98717pt too wide) in paragraph at lines 1166--1166
[]|\TU/Consolas(0)/m/n/10 CircularLinkedList.insert_tail|  
 []


Overfull \hbox (16.98717pt too wide) in paragraph at lines 1167--1167
[]|\TU/Consolas(0)/m/n/10 CircularLinkedList.insert_head|  
 []


Overfull \hbox (22.48521pt too wide) in paragraph at lines 1168--1168
[]|\TU/Consolas(0)/m/n/10 CircularLinkedList.delete_front|  
 []


Overfull \hbox (16.98717pt too wide) in paragraph at lines 1169--1169
[]|\TU/Consolas(0)/m/n/10 CircularLinkedList.delete_tail|  
 []


Overfull \hbox (16.98717pt too wide) in paragraph at lines 1185--1185
[]|\TU/Consolas(0)/m/n/10 DoublyLinkedList.insert_at_nth|  
 []


Overfull \hbox (16.98717pt too wide) in paragraph at lines 1186--1186
[]|\TU/Consolas(0)/m/n/10 DoublyLinkedList.delete_at_nth|  
 []


Overfull \hbox (22.48521pt too wide) in paragraph at lines 1196--1196
[]|\TU/Consolas(0)/m/n/10 DoublyLinkedList.insert_at_head|  
 []


Overfull \hbox (22.48521pt too wide) in paragraph at lines 1197--1197
[]|\TU/Consolas(0)/m/n/10 DoublyLinkedList.insert_at_tail|  
 []


Overfull \hbox (5.99107pt too wide) in paragraph at lines 1198--1198
[]|\TU/Consolas(0)/m/n/10 DoublyLinkedList.delete_head|  
 []


Overfull \hbox (5.99107pt too wide) in paragraph at lines 1199--1199
[]|\TU/Consolas(0)/m/n/10 DoublyLinkedList.delete_tail|  
 []


Overfull \hbox (0.33217pt too wide) in alignment at lines 1012--1212
 [] [] [] [] [] 
 []

[40] [41] [42] [43] [44] [45] [46] [47] [48] [49] [50] [51] [52] [53] [54]
Overfull \hbox (22.48521pt too wide) in paragraph at lines 1296--1296
[]|\TU/Consolas(0)/m/n/10 CircularQueueLinkedList.enqueue|  
 []


Overfull \hbox (22.48521pt too wide) in paragraph at lines 1297--1297
[]|\TU/Consolas(0)/m/n/10 CircularQueueLinkedList.dequeue|  
 []


Overfull \hbox (27.98326pt too wide) in paragraph at lines 1299--1299
[]|\TU/Consolas(0)/m/n/10 CircularQueueLinkedList.is_empty|  
 []


Overfull \hbox (55.4735pt too wide) in paragraph at lines 1300--1300
[]|\TU/Consolas(0)/m/n/10 CircularQueueLinkedList.check_is_full|  
 []


Overfull \hbox (82.96373pt too wide) in paragraph at lines 1301--1301
[]|\TU/Consolas(0)/m/n/10 CircularQueueLinkedList.create_linked_list|  
 []


Overfull \hbox (11.48912pt too wide) in paragraph at lines 1302--1302
[]|\TU/Consolas(0)/m/n/10 CircularQueueLinkedList.first|  
 []


Overfull \hbox (132.44615pt too wide) in paragraph at lines 1303--1303
[]|\TU/Consolas(0)/m/n/10 CircularQueueLinkedList.check_can_perform_operation| 
 
 []


Overfull \hbox (27.98326pt too wide) in paragraph at lines 1305--1305
[]|\TU/Consolas(0)/m/n/10 CircularQueueLinkedList.__init__|  
 []


Overfull \hbox (5.99107pt too wide) in paragraph at lines 1337--1337
[]|\TU/Consolas(0)/m/n/10 ElementPriorityQueue.enqueue|  
 []


Overfull \hbox (5.99107pt too wide) in paragraph at lines 1338--1338
[]|\TU/Consolas(0)/m/n/10 ElementPriorityQueue.dequeue|  
 []


Overfull \hbox (11.48912pt too wide) in paragraph at lines 1344--1344
[]|\TU/Consolas(0)/m/n/10 ElementPriorityQueue.__init__|  
 []


Overfull \hbox (5.99107pt too wide) in paragraph at lines 1345--1345
[]|\TU/Consolas(0)/m/n/10 ElementPriorityQueue.__str__|  
 []


Overfull \hbox (11.48912pt too wide) in paragraph at lines 1355--1355
[]|\TU/Consolas(0)/m/n/10 dijkstras_two_stack_algorithm|  
 []


Overfull \hbox (5.99107pt too wide) in paragraph at lines 1380--1380
[]|\TU/Consolas(0)/m/n/10 SuffixTree.build_suffix_tree|  
 []


Overfull \hbox (93.95982pt too wide) in paragraph at lines 1386--1386
[]|\TU/Consolas(0)/m/n/10 TestSuffixTree.test_search_existing_patterns|  
 []


Overfull \hbox (115.95201pt too wide) in paragraph at lines 1387--1387
[]|\TU/Consolas(0)/m/n/10 TestSuffixTree.test_search_non_existing_patterns|  
 []


Overfull \hbox (55.4735pt too wide) in paragraph at lines 1388--1388
[]|\TU/Consolas(0)/m/n/10 TestSuffixTree.test_search_substrings|  
 []


Overfull \hbox (71.96764pt too wide) in paragraph at lines 1389--1389
[]|\TU/Consolas(0)/m/n/10 TestSuffixTree.test_search_empty_pattern|  
 []


Overfull \hbox (49.97545pt too wide) in paragraph at lines 1390--1390
[]|\TU/Consolas(0)/m/n/10 TestSuffixTree.test_search_full_text|  
 []


Overfull \hbox (0.33217pt too wide) in alignment at lines 1212--1412
 [] [] [] [] [] 
 []

[55] [56] [57] [58] [59] [60] [61] [62] [63] [64] [65] [66] [67]
Overfull \hbox (16.98717pt too wide) in paragraph at lines 1417--1417
[]|\TU/Consolas(0)/m/n/10 IndexCalculation.set_matricies|  
 []


Overfull \hbox (5.99107pt too wide) in paragraph at lines 1419--1419
[]|\TU/Consolas(0)/m/n/10 IndexCalculation.calculation|  
 []


Overfull \hbox (16.98717pt too wide) in paragraph at lines 1427--1427
[]|\TU/Consolas(0)/m/n/10 IndexCalculation.red_edge_ndvi|  
 []


Overfull \hbox (22.48521pt too wide) in paragraph at lines 1468--1468
[]|\TU/Consolas(0)/m/n/10 test_gen_gaussian_kernel_filter|  
 []


Overfull \hbox (16.98717pt too wide) in paragraph at lines 1501--1501
[]|\TU/Consolas(0)/m/n/10 ConstantStretch.plot_histogram|  
 []


Overfull \hbox (5.99107pt too wide) in paragraph at lines 1517--1517
[]|\TU/Consolas(0)/m/n/10 dis_between_closest_in_strip|  
 []


Overfull \hbox (11.48912pt too wide) in paragraph at lines 1559--1559
[]|\TU/Consolas(0)/m/n/10 default_matrix_multiplication|  
 []


Overfull \hbox (66.46959pt too wide) in paragraph at lines 1567--1567
[]|\TU/Consolas(0)/m/n/10 AssignmentUsingBitmask.count_ways_until|  
 []


Overfull \hbox (22.48521pt too wide) in paragraph at lines 1569--1569
[]|\TU/Consolas(0)/m/n/10 AssignmentUsingBitmask.__init__|  
 []


Overfull \hbox (66.46959pt too wide) in paragraph at lines 1570--1570
[]|\TU/Consolas(0)/m/n/10 AssignmentUsingBitmask.count_no_of_ways|  
 []


Overfull \hbox (5.99107pt too wide) in paragraph at lines 1573--1573
[]|\TU/Consolas(0)/m/n/10 combination_sum_iv_bottom_up|  
 []


Overfull \hbox (22.48521pt too wide) in paragraph at lines 1576--1576
[]|\TU/Consolas(0)/m/n/10 EditDistance.min_dist_bottom_up|  
 []


Overfull \hbox (44.4774pt too wide) in paragraph at lines 1578--1578
[]|\TU/Consolas(0)/m/n/10 EditDistance.__min_dist_top_down_dp|  
 []


Overfull \hbox (16.98717pt too wide) in paragraph at lines 1579--1579
[]|\TU/Consolas(0)/m/n/10 EditDistance.min_dist_top_down|  
 []


Overfull \hbox (16.98717pt too wide) in paragraph at lines 1596--1596
[]|\TU/Consolas(0)/m/n/10 knapsack_with_example_solution|  
 []


Overfull \hbox (55.4735pt too wide) in paragraph at lines 1606--1606
[]|\TU/Consolas(0)/m/n/10 longest_increasing_subsequence_length|  
 []


Overfull \hbox (22.48521pt too wide) in paragraph at lines 1608--1608
[]|\TU/Consolas(0)/m/n/10 longest_palindromic_subsequence|  
 []


Overfull \hbox (0.33217pt too wide) in alignment at lines 1412--1612
 [] [] [] [] [] 
 []

[68] [69] [70] [71] [72] [73] [74] [75] [76] [77] [78] [79] [80] [81] [82]
Overfull \hbox (55.4735pt too wide) in paragraph at lines 1622--1622
[]|\TU/Consolas(0)/m/n/10 minimum_squares_to_represent_a_number|  
 []


Overfull \hbox (22.48521pt too wide) in paragraph at lines 1626--1626
[]|\TU/Consolas(0)/m/n/10 find_optimal_binary_search_tree|  
 []


Overfull \hbox (71.96764pt too wide) in paragraph at lines 1666--1666
[]|\TU/Consolas(0)/m/n/10 CircularConvolution.circular_convolution|  
 []


Overfull \hbox (5.99107pt too wide) in paragraph at lines 1668--1668
[]|\TU/Consolas(0)/m/n/10 CircularConvolution.__init__|  
 []


Overfull \hbox (38.97935pt too wide) in paragraph at lines 1693--1693
[]|\TU/Consolas(0)/m/n/10 test_send_file_running_as_expected|  
 []


Overfull \hbox (5.99107pt too wide) in paragraph at lines 1694--1694
[]|\TU/Consolas(0)/m/n/10 equated_monthly_installments|  
 []


Overfull \hbox (11.48912pt too wide) in paragraph at lines 1738--1738
[]|\TU/Consolas(0)/m/n/10 lamberts_ellipsoidal_distance|  
 []


Overfull \hbox (33.48131pt too wide) in paragraph at lines 1767--1767
[]|\TU/Consolas(0)/m/n/10 BezierCurve.bezier_curve_function|  
 []


Overfull \hbox (38.97935pt too wide) in paragraph at lines 1770--1770
[]|\TU/Consolas(0)/m/n/10 digital_differential_analyzer_line|  
 []


Overfull \hbox (49.97545pt too wide) in paragraph at lines 1785--1785
[]|\TU/Consolas(0)/m/n/10 initialize_unweighted_directed_graph|  
 []


Overfull \hbox (60.97154pt too wide) in paragraph at lines 1786--1786
[]|\TU/Consolas(0)/m/n/10 initialize_unweighted_undirected_graph|  
 []


Overfull \hbox (49.97545pt too wide) in paragraph at lines 1787--1787
[]|\TU/Consolas(0)/m/n/10 initialize_weighted_undirected_graph|  
 []


Overfull \hbox (99.45787pt too wide) in paragraph at lines 1808--1808
[]|\TU/Consolas(0)/m/n/10 BidirectionalAStar.retrace_bidirectional_path|  
 []


Overfull \hbox (60.97154pt too wide) in paragraph at lines 1809--1809
[]|\TU/Consolas(0)/m/n/10 BidirectionalBreadthFirstSearch.search|  
 []


Overfull \hbox (33.48131pt too wide) in paragraph at lines 1811--1811
[]|\TU/Consolas(0)/m/n/10 BreadthFirstSearch.get_successors|  
 []


Overfull \hbox (0.33217pt too wide) in alignment at lines 1612--1812
 [] [] [] [] [] 
 []

[83] [84] [85] [86] [87] [88] [89] [90] [91] [92] [93] [94] [95]
Overfull \hbox (22.48521pt too wide) in paragraph at lines 1813--1813
[]|\TU/Consolas(0)/m/n/10 BidirectionalBreadthFirstSearch|  
 []


Overfull \hbox (22.48521pt too wide) in paragraph at lines 1815--1815
[]|\TU/Consolas(0)/m/n/10 BreadthFirstSearch.retrace_path|  
 []


Overfull \hbox (71.96764pt too wide) in paragraph at lines 1818--1818
[]|\TU/Consolas(0)/m/n/10 BidirectionalBreadthFirstSearch.__init__|  
 []


Overfull \hbox (170.93248pt too wide) in paragraph at lines 1819--1819
[]|\TU/Consolas(0)/m/n/10 BidirectionalBreadthFirstSearch.retrace_bidirectional
_path|  
 []


Overfull \hbox (22.48521pt too wide) in paragraph at lines 1840--1840
[]|\TU/Consolas(0)/m/n/10 breadth_first_search_with_deque|  
 []


Overfull \hbox (22.48521pt too wide) in paragraph at lines 1848--1848
[]|\TU/Consolas(0)/m/n/10 AdjacencyList.get_shortest_path|  
 []


Overfull \hbox (16.98717pt too wide) in paragraph at lines 1911--1911
[]|\TU/Consolas(0)/m/n/10 DirectedGraph.topological_sort|  
 []


Overfull \hbox (33.48131pt too wide) in paragraph at lines 1917--1917
[]|\TU/Consolas(0)/m/n/10 DirectedGraph.fill_graph_randomly|  
 []


Overfull \hbox (5.99107pt too wide) in paragraph at lines 1933--1933
[]|\TU/Consolas(0)/m/n/10 FlowNetwork._normalize_graph|  
 []


Overfull \hbox (16.98717pt too wide) in paragraph at lines 1934--1934
[]|\TU/Consolas(0)/m/n/10 PushRelabelExecutor._algorithm|  
 []


Overfull \hbox (38.97935pt too wide) in paragraph at lines 1938--1938
[]|\TU/Consolas(0)/m/n/10 PushRelabelExecutor.process_vertex|  
 []


Overfull \hbox (11.48912pt too wide) in paragraph at lines 1939--1939
[]|\TU/Consolas(0)/m/n/10 FlowNetwork.find_maximum_flow|  
 []


Overfull \hbox (5.99107pt too wide) in paragraph at lines 1940--1940
[]|\TU/Consolas(0)/m/n/10 MaximumFlowAlgorithmExecutor|  
 []


Overfull \hbox (5.99107pt too wide) in paragraph at lines 1941--1941
[]|\TU/Consolas(0)/m/n/10 FlowNetworkAlgorithmExecutor|  
 []


Overfull \hbox (49.97545pt too wide) in paragraph at lines 1942--1942
[]|\TU/Consolas(0)/m/n/10 FlowNetworkAlgorithmExecutor.execute|  
 []


Overfull \hbox (99.45787pt too wide) in paragraph at lines 1943--1943
[]|\TU/Consolas(0)/m/n/10 MaximumFlowAlgorithmExecutor.get_maximum_flow|  
 []


Overfull \hbox (5.99107pt too wide) in paragraph at lines 1944--1944
[]|\TU/Consolas(0)/m/n/10 PushRelabelExecutor.__init__|  
 []


Overfull \hbox (60.97154pt too wide) in paragraph at lines 1946--1946
[]|\TU/Consolas(0)/m/n/10 FlowNetwork.set_maximum_flow_algorithm|  
 []


Overfull \hbox (55.4735pt too wide) in paragraph at lines 1947--1947
[]|\TU/Consolas(0)/m/n/10 FlowNetworkAlgorithmExecutor.__init__|  
 []


Overfull \hbox (66.46959pt too wide) in paragraph at lines 1948--1948
[]|\TU/Consolas(0)/m/n/10 FlowNetworkAlgorithmExecutor._algorithm|  
 []


Overfull \hbox (55.4735pt too wide) in paragraph at lines 1949--1949
[]|\TU/Consolas(0)/m/n/10 MaximumFlowAlgorithmExecutor.__init__|  
 []


Overfull \hbox (27.98326pt too wide) in paragraph at lines 1971--1971
[]|\TU/Consolas(0)/m/n/10 find_freq_subgraph_given_support|  
 []


Overfull \hbox (16.98717pt too wide) in paragraph at lines 1977--1977
[]|\TU/Consolas(0)/m/n/10 GreedyBestFirst.get_successors|  
 []


Overfull \hbox (5.99107pt too wide) in paragraph at lines 1979--1979
[]|\TU/Consolas(0)/m/n/10 GreedyBestFirst.retrace_path|  
 []


Overfull \hbox (49.97545pt too wide) in paragraph at lines 1998--1998
[]|\TU/Consolas(0)/m/n/10 MarkovChainGraphUndirectedUnweighted|  
 []


Overfull \hbox (198.42271pt too wide) in paragraph at lines 1999--1999
[]|\TU/Consolas(0)/m/n/10 MarkovChainGraphUndirectedUnweighted.add_transition_p
robability|  
 []


Overfull \hbox (110.45396pt too wide) in paragraph at lines 2000--2000
[]|\TU/Consolas(0)/m/n/10 MarkovChainGraphUndirectedUnweighted.transition|  
 []


Overfull \hbox (99.45787pt too wide) in paragraph at lines 2001--2001
[]|\TU/Consolas(0)/m/n/10 MarkovChainGraphUndirectedUnweighted.__init__|  
 []


Overfull \hbox (99.45787pt too wide) in paragraph at lines 2002--2002
[]|\TU/Consolas(0)/m/n/10 MarkovChainGraphUndirectedUnweighted.add_node|  
 []


Overfull \hbox (104.95592pt too wide) in paragraph at lines 2003--2003
[]|\TU/Consolas(0)/m/n/10 MarkovChainGraphUndirectedUnweighted.get_nodes|  
 []


Overfull \hbox (0.33217pt too wide) in alignment at lines 1812--2012
 [] [] [] [] [] 
 []

[96] [97] [98] [99] [100] [101] [102] [103] [104] [105] [106] [107]
Overfull \hbox (5.99107pt too wide) in paragraph at lines 2034--2034
[]|\TU/Consolas(0)/m/n/10 PriorityQueue.remove_element|  
 []


Overfull \hbox (11.48912pt too wide) in paragraph at lines 2067--2067
[]|\TU/Consolas(0)/m/n/10 strongly_connected_components|  
 []


Overfull \hbox (16.98717pt too wide) in paragraph at lines 2072--2072
[]|\TU/Consolas(0)/m/n/10 test_kruskal_successful_result|  
 []


Overfull \hbox (27.98326pt too wide) in paragraph at lines 2123--2123
[]|\TU/Consolas(0)/m/n/10 SHA256HashTest.test_match_hashes|  
 []


Overfull \hbox (38.97935pt too wide) in paragraph at lines 2132--2132
[]|\TU/Consolas(0)/m/n/10 TestClass.test_negative_max_weight|  
 []


Overfull \hbox (49.97545pt too wide) in paragraph at lines 2133--2133
[]|\TU/Consolas(0)/m/n/10 TestClass.test_negative_profit_value|  
 []


Overfull \hbox (49.97545pt too wide) in paragraph at lines 2134--2134
[]|\TU/Consolas(0)/m/n/10 TestClass.test_negative_weight_value|  
 []


Overfull \hbox (16.98717pt too wide) in paragraph at lines 2135--2135
[]|\TU/Consolas(0)/m/n/10 TestClass.test_null_max_weight|  
 []


Overfull \hbox (38.97935pt too wide) in paragraph at lines 2136--2136
[]|\TU/Consolas(0)/m/n/10 TestClass.test_unequal_list_length|  
 []


Overfull \hbox (11.48912pt too wide) in paragraph at lines 2141--2141
[]|\TU/Consolas(0)/m/n/10 Test.test_knapsack_repetition|  
 []


Overfull \hbox (5.99107pt too wide) in paragraph at lines 2145--2145
[]|\TU/Consolas(0)/m/n/10 strictly_diagonally_dominant|  
 []


Overfull \hbox (77.46568pt too wide) in paragraph at lines 2198--2198
[]|\TU/Consolas(0)/m/n/10 TestSchurComplement.test_schur_complement|  
 []


Overfull \hbox (115.95201pt too wide) in paragraph at lines 2199--2199
[]|\TU/Consolas(0)/m/n/10 TestSchurComplement.test_improper_a_b_dimensions|  
 []


Overfull \hbox (115.95201pt too wide) in paragraph at lines 2200--2200
[]|\TU/Consolas(0)/m/n/10 TestSchurComplement.test_improper_b_c_dimensions|  
 []


Overfull \hbox (0.33217pt too wide) in alignment at lines 2012--2212
 [] [] [] [] [] 
 []

[108] [109] [110] [111] [112] [113] [114] [115] [116] [117] [118] [119]
[120]
Overfull \hbox (33.48131pt too wide) in paragraph at lines 2219--2219
[]|\TU/Consolas(0)/m/n/10 Test.test_change_component_matrix|  
 []


Overfull \hbox (5.99107pt too wide) in paragraph at lines 2223--2223
[]|\TU/Consolas(0)/m/n/10 Test.test_square_zero_matrix|  
 []


Overfull \hbox (22.48521pt too wide) in paragraph at lines 2281--2281
[]|\TU/Consolas(0)/m/n/10 DecisionTree.mean_squared_error|  
 []


Overfull \hbox (110.45396pt too wide) in paragraph at lines 2282--2282
[]|\TU/Consolas(0)/m/n/10 TestDecisionTree.helper_mean_squared_error_test|  
 []


Overfull \hbox (5.99107pt too wide) in paragraph at lines 2286--2286
[]|\TU/Consolas(0)/m/n/10 linear_discriminant_analysis|  
 []


Overfull \hbox (33.48131pt too wide) in paragraph at lines 2287--2287
[]|\TU/Consolas(0)/m/n/10 test_linear_discriminant_analysis|  
 []


Overfull \hbox (33.48131pt too wide) in paragraph at lines 2288--2288
[]|\TU/Consolas(0)/m/n/10 test_principal_component_analysis|  
 []


Overfull \hbox (5.99107pt too wide) in paragraph at lines 2289--2289
[]|\TU/Consolas(0)/m/n/10 principal_component_analysis|  
 []


Overfull \hbox (16.98717pt too wide) in paragraph at lines 2302--2302
[]|\TU/Consolas(0)/m/n/10 GradientBoostingClassifier.fit|  
 []


Overfull \hbox (38.97935pt too wide) in paragraph at lines 2303--2303
[]|\TU/Consolas(0)/m/n/10 GradientBoostingClassifier.predict|  
 []


Overfull \hbox (44.4774pt too wide) in paragraph at lines 2304--2304
[]|\TU/Consolas(0)/m/n/10 GradientBoostingClassifier.__init__|  
 []


Overfull \hbox (44.4774pt too wide) in paragraph at lines 2305--2305
[]|\TU/Consolas(0)/m/n/10 GradientBoostingClassifier.gradient|  
 []


Overfull \hbox (5.99107pt too wide) in paragraph at lines 2309--2309
[]|\TU/Consolas(0)/m/n/10 summation_of_cost_derivative|  
 []


Overfull \hbox (22.48521pt too wide) in paragraph at lines 2347--2347
[]|\TU/Consolas(0)/m/n/10 categorical_focal_cross_entropy|  
 []


Overfull \hbox (16.98717pt too wide) in paragraph at lines 2356--2356
[]|\TU/Consolas(0)/m/n/10 mean_squared_logarithmic_error|  
 []


Overfull \hbox (16.98717pt too wide) in paragraph at lines 2357--2357
[]|\TU/Consolas(0)/m/n/10 mean_absolute_percentage_error|  
 []


Overfull \hbox (11.48912pt too wide) in paragraph at lines 2374--2374
[]|\TU/Consolas(0)/m/n/10 PolynomialRegression.__init__|  
 []


Overfull \hbox (44.4774pt too wide) in paragraph at lines 2375--2375
[]|\TU/Consolas(0)/m/n/10 PolynomialRegression._design_matrix|  
 []


Overfull \hbox (5.99107pt too wide) in paragraph at lines 2377--2377
[]|\TU/Consolas(0)/m/n/10 PolynomialRegression.predict|  
 []


Overfull \hbox (5.99107pt too wide) in paragraph at lines 2390--2390
[]|\TU/Consolas(0)/m/n/10 SelfOrganizingMap.get_winner|  
 []


Overfull \hbox (0.33217pt too wide) in alignment at lines 2212--2412
 [] [] [] [] [] 
 []

[121] [122] [123] [124] [125] [126] [127] [128] [129] [130] [131]
Overfull \hbox (5.99107pt too wide) in paragraph at lines 2452--2452
[]|\TU/Consolas(0)/m/n/10 linear_regression_prediction|  
 []


Overfull \hbox (5.99107pt too wide) in paragraph at lines 2472--2472
[]|\TU/Consolas(0)/m/n/10 surface_area_conical_frustum|  
 []


Overfull \hbox (5.99107pt too wide) in paragraph at lines 2549--2549
[]|\TU/Consolas(0)/m/n/10 extended_euclidean_algorithm|  
 []


Overfull \hbox (16.98717pt too wide) in paragraph at lines 2590--2590
[]|\TU/Consolas(0)/m/n/10 joint_probability_distribution|  
 []


Overfull \hbox (77.46568pt too wide) in paragraph at lines 2605--2605
[]|\TU/Consolas(0)/m/n/10 TestLeastCommonMultiple.test_lcm_function|  
 []


Overfull \hbox (0.33217pt too wide) in alignment at lines 2412--2612
 [] [] [] [] [] 
 []

[132] [133] [134] [135] [136] [137] [138] [139] [140] [141] [142] [143]
[144]
Overfull \hbox (5.99107pt too wide) in paragraph at lines 2618--2618
[]|\TU/Consolas(0)/m/n/10 manhattan_distance_one_liner|  
 []


Overfull \hbox (49.97545pt too wide) in paragraph at lines 2624--2624
[]|\TU/Consolas(0)/m/n/10 fibonacci_with_matrix_exponentiation|  
 []


Overfull \hbox (22.48521pt too wide) in paragraph at lines 2641--2641
[]|\TU/Consolas(0)/m/n/10 area_under_line_estimator_check|  
 []


Overfull \hbox (44.4774pt too wide) in paragraph at lines 2642--2642
[]|\TU/Consolas(0)/m/n/10 pi_estimator_using_area_under_curve|  
 []


Overfull \hbox (5.99107pt too wide) in paragraph at lines 2655--2655
[]|\TU/Consolas(0)/m/n/10 perfect_square_binary_search|  
 []


Overfull \hbox (44.4774pt too wide) in paragraph at lines 2730--2730
[]|\TU/Consolas(0)/m/n/10 calculate_spearman_rank_correlation|  
 []


Overfull \hbox (5.99107pt too wide) in paragraph at lines 2738--2738
[]|\TU/Consolas(0)/m/n/10 sum_of_geometric_progression|  
 []


Overfull \hbox (5.99107pt too wide) in paragraph at lines 2761--2761
[]|\TU/Consolas(0)/m/n/10 vol_hollow_circular_cylinder|  
 []


Overfull \hbox (5.99107pt too wide) in paragraph at lines 2778--2778
[]|\TU/Consolas(0)/m/n/10 AdamsBashforth.__post_init__|  
 []


Overfull \hbox (0.33217pt too wide) in alignment at lines 2612--2812
 [] [] [] [] [] 
 []

[145] [146] [147] [148] [149] [150] [151] [152] [153] [154] [155] [156]
Overfull \hbox (60.97154pt too wide) in paragraph at lines 2876--2876
[]|\TU/Consolas(0)/m/n/10 count_negatives_brute_force_with_break|  
 []


Overfull \hbox (11.48912pt too wide) in paragraph at lines 2879--2879
[]|\TU/Consolas(0)/m/n/10 count_negatives_binary_search|  
 []


Overfull \hbox (66.46959pt too wide) in paragraph at lines 2884--2884
[]|\TU/Consolas(0)/m/n/10 largest_square_area_in_matrix_bottom_up|  
 []


Overfull \hbox (170.93248pt too wide) in paragraph at lines 2885--2885
[]|\TU/Consolas(0)/m/n/10 largest_square_area_in_matrix_bottom_up_space_optimiz
ation|  
 []


Overfull \hbox (148.94029pt too wide) in paragraph at lines 2886--2886
[]|\TU/Consolas(0)/m/n/10 largest_square_area_in_matrix_top_down_approch_with_d
p|  
 []


Overfull \hbox (104.95592pt too wide) in paragraph at lines 2887--2887
[]|\TU/Consolas(0)/m/n/10 largest_square_area_in_matrix_top_down_approch|  
 []


Overfull \hbox (38.97935pt too wide) in paragraph at lines 2952--2952
[]|\TU/Consolas(0)/m/n/10 generate_pascal_triangle_optimized|  
 []


Overfull \hbox (16.98717pt too wide) in paragraph at lines 3005--3005
[]|\TU/Consolas(0)/m/n/10 DenseLayer.forward_propagation|  
 []


Overfull \hbox (0.33217pt too wide) in alignment at lines 2812--3012
 [] [] [] [] [] 
 []

[157] [158] [159] [160] [161] [162] [163] [164] [165] [166] [167]
Overfull \hbox (33.48131pt too wide) in paragraph at lines 3016--3016
[]|\TU/Consolas(0)/m/n/10 CNN._calculate_gradient_from_pool|  
 []


Overfull \hbox (33.48131pt too wide) in paragraph at lines 3043--3043
[]|\TU/Consolas(0)/m/n/10 TwoHiddenLayerNeuralNetwork.train|  
 []


Overfull \hbox (49.97545pt too wide) in paragraph at lines 3048--3048
[]|\TU/Consolas(0)/m/n/10 TwoHiddenLayerNeuralNetwork.__init__|  
 []


Overfull \hbox (66.46959pt too wide) in paragraph at lines 3049--3049
[]|\TU/Consolas(0)/m/n/10 TwoHiddenLayerNeuralNetwork.feedforward|  
 []


Overfull \hbox (93.95982pt too wide) in paragraph at lines 3050--3050
[]|\TU/Consolas(0)/m/n/10 TwoHiddenLayerNeuralNetwork.back_propagation|  
 []


Overfull \hbox (44.4774pt too wide) in paragraph at lines 3051--3051
[]|\TU/Consolas(0)/m/n/10 TwoHiddenLayerNeuralNetwork.predict|  
 []


Overfull \hbox (16.98717pt too wide) in paragraph at lines 3059--3059
[]|\TU/Consolas(0)/m/n/10 scaled_exponential_linear_unit|  
 []


Overfull \hbox (49.97545pt too wide) in paragraph at lines 3060--3060
[]|\TU/Consolas(0)/m/n/10 soboleva_modified_hyperbolic_tangent|  
 []


Overfull \hbox (16.98717pt too wide) in paragraph at lines 3069--3069
[]|\TU/Consolas(0)/m/n/10 BankersAlgorithm.__pretty_data|  
 []


Overfull \hbox (110.45396pt too wide) in paragraph at lines 3071--3071
[]|\TU/Consolas(0)/m/n/10 BankersAlgorithm.__processes_resource_summation|  
 []


Overfull \hbox (55.4735pt too wide) in paragraph at lines 3073--3073
[]|\TU/Consolas(0)/m/n/10 BankersAlgorithm.__need_index_manager|  
 []


Overfull \hbox (60.97154pt too wide) in paragraph at lines 3075--3075
[]|\TU/Consolas(0)/m/n/10 BankersAlgorithm.__available_resources|  
 []


Overfull \hbox (49.97545pt too wide) in paragraph at lines 3115--3115
[]|\TU/Consolas(0)/m/n/10 LinearCongruentialGenerator.__init__|  
 []


Overfull \hbox (66.46959pt too wide) in paragraph at lines 3116--3116
[]|\TU/Consolas(0)/m/n/10 LinearCongruentialGenerator.next_number|  
 []


Overfull \hbox (49.97545pt too wide) in paragraph at lines 3124--3124
[]|\TU/Consolas(0)/m/n/10 NumberContainer.binary_search_delete|  
 []


Overfull \hbox (49.97545pt too wide) in paragraph at lines 3125--3125
[]|\TU/Consolas(0)/m/n/10 NumberContainer.binary_search_insert|  
 []


Overfull \hbox (16.98717pt too wide) in paragraph at lines 3133--3133
[]|\TU/Consolas(0)/m/n/10 alternative_password_generator|  
 []


Overfull \hbox (5.99107pt too wide) in paragraph at lines 3202--3202
[]|\TU/Consolas(0)/m/n/10 newtons_second_law_of_motion|  
 []


Overfull \hbox (0.33217pt too wide) in alignment at lines 3012--3212
 [] [] [] [] [] 
 []

[168] [169] [170] [171] [172] [173] [174] [175] [176] [177] [178] [179]
[180]
Overfull \hbox (27.98326pt too wide) in paragraph at lines 3393--3393
[]|\TU/Consolas(0)/m/n/10 PokerHand._is_five_high_straight|  
 []


Overfull \hbox (60.97154pt too wide) in paragraph at lines 3407--3407
[]|\TU/Consolas(0)/m/n/10 test_multiple_calls_five_high_straight|  
 []


Overfull \hbox (22.48521pt too wide) in paragraph at lines 3409--3409
[]|\TU/Consolas(0)/m/n/10 test_hand_is_five_high_straight|  
 []


Overfull \hbox (0.33217pt too wide) in alignment at lines 3212--3412
 [] [] [] [] [] 
 []

[181] [182] [183] [184] [185] [186] [187] [188] [189] [190] [191] [192]
Overfull \hbox (44.4774pt too wide) in paragraph at lines 3417--3417
[]|\TU/Consolas(0)/m/n/10 test_custom_sort_five_high_straight|  
 []


Overfull \hbox (0.33217pt too wide) in alignment at lines 3412--3518
 [] [] [] [] [] 
 []

[193] [194] [195] [196] [197] [198] [199] [200] [201] [202] [203] [204]
[205] [206] [207] [208] [209] [210]
Overfull \hbox (10.95808pt too wide) in alignment at lines 3533--3537
 [] [] [] [] [] 
 []


Overfull \hbox (10.95808pt too wide) in alignment at lines 3537--3541
 [] [] [] [] [] 
 []


Overfull \hbox (10.95808pt too wide) in alignment at lines 3541--3544
 [] [] [] [] [] 
 []


Overfull \hbox (10.95808pt too wide) in alignment at lines 3544--3546
 [] [] [] [] [] 
 []


Overfull \hbox (10.95808pt too wide) in alignment at lines 3546--3548
 [] [] [] [] [] 
 []

[211] [212] (./report.aux)
 ***********
LaTeX2e <2023-11-01> patch level 1
L3 programming layer <2022/08/05>
 ***********


LaTeX Font Warning: Some font shapes were not available, defaults substituted.

Package rerunfilecheck Info: File `report.out' has not changed.
(rerunfilecheck)             Checksum: 142A326A0E7167DB3863950124BACC34;995.
 ) 
Here is how much of TeX's memory you used:
 18085 strings out of 476720
 365144 string characters out of 5801445
 2933842 words of memory out of 5000000
 39851 multiletter control sequences out of 15000+600000
 565598 words of font info for 98 fonts, out of 8000000 for 9000
 36 hyphenation exceptions out of 8191
 74i,8n,87p,1003b,580s stack positions out of 10000i,1000n,20000p,200000b,200000s

Output written on report.pdf (212 pages).
