This is XeTeX, Version 3.141592653-2.6-0.999996 (TeX Live 2024) (preloaded format=xelatex 2024.8.5)  9 JAN 2026 11:29
entering extended mode
 restricted \write18 enabled.
 %&-line parsing enabled.
**report.tex
(./report.tex
LaTeX2e <2023-11-01> patch level 1
L3 programming layer <2024-02-20>
(d:/texlive/2024/texmf-dist/tex/latex/base/article.cls
Document Class: article 2023/05/17 v1.4n Standard LaTeX document class
(d:/texlive/2024/texmf-dist/tex/latex/base/size11.clo
File: size11.clo 2023/05/17 v1.4n Standard LaTeX file (size option)
)
\c@part=\count184
\c@section=\count185
\c@subsection=\count186
\c@subsubsection=\count187
\c@paragraph=\count188
\c@subparagraph=\count189
\c@figure=\count190
\c@table=\count191
\abovecaptionskip=\skip48
\belowcaptionskip=\skip49
\bibindent=\dimen140
)
(d:/texlive/2024/texmf-dist/tex/latex/tools/array.sty
Package: array 2023/10/16 v2.5g Tabular extension package (FMi)
\col@sep=\dimen141
\ar@mcellbox=\box51
\extrarowheight=\dimen142
\NC@list=\toks17
\extratabsurround=\skip50
\backup@length=\skip51
\ar@cellbox=\box52
)
(d:/texlive/2024/texmf-dist/tex/latex/xurl/xurl.sty
Package: xurl 2022/01/09 v 0.10 modify URL breaks

(d:/texlive/2024/texmf-dist/tex/latex/url/url.sty
\Urlmuskip=\muskip16
Package: url 2013/09/16  ver 3.4  Verb mode for urls, etc.
))
(d:/texlive/2024/texmf-dist/tex/latex/tools/longtable.sty
Package: longtable 2023-11-01 v4.19 Multi-page Table package (DPC)
\LTleft=\skip52
\LTright=\skip53
\LTpre=\skip54
\LTpost=\skip55
\LTchunksize=\count192
\LTcapwidth=\dimen143
\LT@head=\box53
\LT@firsthead=\box54
\LT@foot=\box55
\LT@lastfoot=\box56
\LT@gbox=\box57
\LT@cols=\count193
\LT@rows=\count194
\c@LT@tables=\count195
\c@LT@chunks=\count196
\LT@p@ftn=\toks18
)
(d:/texlive/2024/texmf-dist/tex/latex/booktabs/booktabs.sty
Package: booktabs 2020/01/12 v1.61803398 Publication quality tables
\heavyrulewidth=\dimen144
\lightrulewidth=\dimen145
\cmidrulewidth=\dimen146
\belowrulesep=\dimen147
\belowbottomsep=\dimen148
\aboverulesep=\dimen149
\abovetopsep=\dimen150
\cmidrulesep=\dimen151
\cmidrulekern=\dimen152
\defaultaddspace=\dimen153
\@cmidla=\count197
\@cmidlb=\count198
\@aboverulesep=\dimen154
\@belowrulesep=\dimen155
\@thisruleclass=\count199
\@lastruleclass=\count266
\@thisrulewidth=\dimen156
)
(d:/texlive/2024/texmf-dist/tex/xelatex/xecjk/xeCJK.sty
(d:/texlive/2024/texmf-dist/tex/latex/l3kernel/expl3.sty
Package: expl3 2024-02-20 L3 programming layer (loader) 

(d:/texlive/2024/texmf-dist/tex/latex/l3backend/l3backend-xetex.def
File: l3backend-xetex.def 2024-02-20 L3 backend support: XeTeX
\g__graphics_track_int=\count267
\l__pdf_internal_box=\box58
\g__pdf_backend_object_int=\count268
\g__pdf_backend_annotation_int=\count269
\g__pdf_backend_link_int=\count270
))
Package: xeCJK 2022/08/05 v3.9.1 Typesetting CJK scripts with XeLaTeX

(d:/texlive/2024/texmf-dist/tex/latex/ctex/ctexhook.sty
Package: ctexhook 2022/07/14 v2.5.10 Document and package hooks (CTEX)
)
(d:/texlive/2024/texmf-dist/tex/latex/l3packages/xtemplate/xtemplate.sty
(d:/texlive/2024/texmf-dist/tex/latex/l3packages/xtemplate/xtemplate-2023-10-10
.sty
Package: xtemplate 2023-10-10 L3 Experimental prototype document functions
\l__xtemplate_tmp_dim=\dimen157
\l__xtemplate_tmp_int=\count271
\l__xtemplate_tmp_muskip=\muskip17
\l__xtemplate_tmp_skip=\skip56
))
\l__xeCJK_tmp_int=\count272
\l__xeCJK_tmp_box=\box59
\l__xeCJK_tmp_dim=\dimen158
\l__xeCJK_tmp_skip=\skip57
\g__xeCJK_space_factor_int=\count273
\l__xeCJK_begin_int=\count274
\l__xeCJK_end_int=\count275
\c__xeCJK_CJK_class_int=\XeTeXcharclass1
\c__xeCJK_FullLeft_class_int=\XeTeXcharclass2
\c__xeCJK_FullRight_class_int=\XeTeXcharclass3
\c__xeCJK_HalfLeft_class_int=\XeTeXcharclass4
\c__xeCJK_HalfRight_class_int=\XeTeXcharclass5
\c__xeCJK_NormalSpace_class_int=\XeTeXcharclass6
\c__xeCJK_CM_class_int=\XeTeXcharclass7
\c__xeCJK_HangulJamo_class_int=\XeTeXcharclass8
\l__xeCJK_last_skip=\skip58
\c__xeCJK_none_node=\count276
\g__xeCJK_node_int=\count277
\c__xeCJK_CJK_node_dim=\dimen159
\c__xeCJK_CJK-space_node_dim=\dimen160
\c__xeCJK_default_node_dim=\dimen161
\c__xeCJK_CJK-widow_node_dim=\dimen162
\c__xeCJK_normalspace_node_dim=\dimen163
\c__xeCJK_default-space_node_skip=\skip59
\l__xeCJK_ccglue_skip=\skip60
\l__xeCJK_ecglue_skip=\skip61
\l__xeCJK_punct_kern_skip=\skip62
\l__xeCJK_indent_box=\box60
\l__xeCJK_last_penalty_int=\count278
\l__xeCJK_last_bound_dim=\dimen164
\l__xeCJK_last_kern_dim=\dimen165
\l__xeCJK_widow_penalty_int=\count279

Package xtemplate Info: Declaring object type 'xeCJK/punctuation' taking 0
(xtemplate)             argument(s) on line 2396.

\l__xeCJK_fixed_punct_width_dim=\dimen166
\l__xeCJK_mixed_punct_width_dim=\dimen167
\l__xeCJK_middle_punct_width_dim=\dimen168
\l__xeCJK_fixed_margin_width_dim=\dimen169
\l__xeCJK_mixed_margin_width_dim=\dimen170
\l__xeCJK_middle_margin_width_dim=\dimen171
\l__xeCJK_bound_punct_width_dim=\dimen172
\l__xeCJK_bound_margin_width_dim=\dimen173
\l__xeCJK_margin_minimum_dim=\dimen174
\l__xeCJK_kerning_total_width_dim=\dimen175
\l__xeCJK_same_align_margin_dim=\dimen176
\l__xeCJK_different_align_margin_dim=\dimen177
\l__xeCJK_kerning_margin_width_dim=\dimen178
\l__xeCJK_kerning_margin_minimum_dim=\dimen179
\l__xeCJK_bound_dim=\dimen180
\l__xeCJK_reverse_bound_dim=\dimen181
\l__xeCJK_margin_dim=\dimen182
\l__xeCJK_minimum_bound_dim=\dimen183
\l__xeCJK_kerning_margin_dim=\dimen184
\g__xeCJK_family_int=\count280
\l__xeCJK_fam_int=\count281
\g__xeCJK_fam_allocation_int=\count282
\l__xeCJK_verb_case_int=\count283
\l__xeCJK_verb_exspace_skip=\skip63
 (d:/texlive/2024/texmf-dist/tex/latex/fontspec/fontspec.sty
(d:/texlive/2024/texmf-dist/tex/latex/l3packages/xparse/xparse.sty
Package: xparse 2024-02-18 L3 Experimental document command parser
)
Package: fontspec 2024/02/13 v2.9a Font selection for XeLaTeX and LuaLaTeX

(d:/texlive/2024/texmf-dist/tex/latex/fontspec/fontspec-xetex.sty
Package: fontspec-xetex 2024/02/13 v2.9a Font selection for XeLaTeX and LuaLaTe
X
\l__fontspec_script_int=\count284
\l__fontspec_language_int=\count285
\l__fontspec_strnum_int=\count286
\l__fontspec_tmp_int=\count287
\l__fontspec_tmpa_int=\count288
\l__fontspec_tmpb_int=\count289
\l__fontspec_tmpc_int=\count290
\l__fontspec_em_int=\count291
\l__fontspec_emdef_int=\count292
\l__fontspec_strong_int=\count293
\l__fontspec_strongdef_int=\count294
\l__fontspec_tmpa_dim=\dimen185
\l__fontspec_tmpb_dim=\dimen186
\l__fontspec_tmpc_dim=\dimen187

(d:/texlive/2024/texmf-dist/tex/latex/base/fontenc.sty
Package: fontenc 2021/04/29 v2.0v Standard LaTeX package
)
(d:/texlive/2024/texmf-dist/tex/latex/fontspec/fontspec.cfg)))
(d:/texlive/2024/texmf-dist/tex/xelatex/xecjk/xeCJK.cfg
File: xeCJK.cfg 2022/08/05 v3.9.1 Configuration file for xeCJK package
))

Package fontspec Info: Could not resolve font "SimSun/BI" (it probably doesn't
(fontspec)             exist).


Package fontspec Info: Could not resolve font "SimSun/B" (it probably doesn't
(fontspec)             exist).


Package fontspec Info: Could not resolve font "SimSun/I" (it probably doesn't
(fontspec)             exist).


Package fontspec Info: Font family 'SimSun(0)' created for font 'SimSun' with
(fontspec)             options [Script={CJK}].
(fontspec)              
(fontspec)              This font family consists of the following NFSS
(fontspec)             series/shapes:
(fontspec)              
(fontspec)             - 'normal' (m/n) with NFSS spec.:
(fontspec)             <->"SimSun/OT:script=hani;language=dflt;"
(fontspec)             - 'small caps'  (m/sc) with NFSS spec.: 


Package fontspec Info: Font family 'Consolas(0)' created for font 'Consolas'
(fontspec)             with options
(fontspec)             [WordSpace={1,0,0},HyphenChar=None,PunctuationSpace=Word
Space].
(fontspec)              
(fontspec)              This font family consists of the following NFSS
(fontspec)             series/shapes:
(fontspec)              
(fontspec)             - 'normal' (m/n) with NFSS spec.:
(fontspec)             <->"Consolas/OT:script=latn;language=dflt;"
(fontspec)             - 'small caps'  (m/sc) with NFSS spec.: 
(fontspec)             and font adjustment code:
(fontspec)             \fontdimen 2\font =1\fontdimen 2\font \fontdimen 3\font
(fontspec)             =0\fontdimen 3\font \fontdimen 4\font =0\fontdimen
(fontspec)             4\font \fontdimen 7\font =0\fontdimen 2\font
(fontspec)             \tex_hyphenchar:D \font =-1\scan_stop: 
(fontspec)             - 'bold' (b/n) with NFSS spec.:
(fontspec)             <->"Consolas/B/OT:script=latn;language=dflt;"
(fontspec)             - 'bold small caps'  (b/sc) with NFSS spec.: 
(fontspec)             and font adjustment code:
(fontspec)             \fontdimen 2\font =1\fontdimen 2\font \fontdimen 3\font
(fontspec)             =0\fontdimen 3\font \fontdimen 4\font =0\fontdimen
(fontspec)             4\font \fontdimen 7\font =0\fontdimen 2\font
(fontspec)             \tex_hyphenchar:D \font =-1\scan_stop: 
(fontspec)             - 'italic' (m/it) with NFSS spec.:
(fontspec)             <->"Consolas/I/OT:script=latn;language=dflt;"
(fontspec)             - 'italic small caps'  (m/scit) with NFSS spec.: 
(fontspec)             and font adjustment code:
(fontspec)             \fontdimen 2\font =1\fontdimen 2\font \fontdimen 3\font
(fontspec)             =0\fontdimen 3\font \fontdimen 4\font =0\fontdimen
(fontspec)             4\font \fontdimen 7\font =0\fontdimen 2\font
(fontspec)             \tex_hyphenchar:D \font =-1\scan_stop: 
(fontspec)             - 'bold italic' (b/it) with NFSS spec.:
(fontspec)             <->"Consolas/BI/OT:script=latn;language=dflt;"
(fontspec)             - 'bold italic small caps'  (b/scit) with NFSS spec.: 
(fontspec)             and font adjustment code:
(fontspec)             \fontdimen 2\font =1\fontdimen 2\font \fontdimen 3\font
(fontspec)             =0\fontdimen 3\font \fontdimen 4\font =0\fontdimen
(fontspec)             4\font \fontdimen 7\font =0\fontdimen 2\font
(fontspec)             \tex_hyphenchar:D \font =-1\scan_stop: 


(d:/texlive/2024/texmf-dist/tex/latex/geometry/geometry.sty
Package: geometry 2020/01/02 v5.9 Page Geometry

(d:/texlive/2024/texmf-dist/tex/latex/graphics/keyval.sty
Package: keyval 2022/05/29 v1.15 key=value parser (DPC)
\KV@toks@=\toks19
)
(d:/texlive/2024/texmf-dist/tex/generic/iftex/ifvtex.sty
Package: ifvtex 2019/10/25 v1.7 ifvtex legacy package. Use iftex instead.

(d:/texlive/2024/texmf-dist/tex/generic/iftex/iftex.sty
Package: iftex 2022/02/03 v1.0f TeX engine tests
))
\Gm@cnth=\count295
\Gm@cntv=\count296
\c@Gm@tempcnt=\count297
\Gm@bindingoffset=\dimen188
\Gm@wd@mp=\dimen189
\Gm@odd@mp=\dimen190
\Gm@even@mp=\dimen191
\Gm@layoutwidth=\dimen192
\Gm@layoutheight=\dimen193
\Gm@layouthoffset=\dimen194
\Gm@layoutvoffset=\dimen195
\Gm@dimlist=\toks20
)
(d:/texlive/2024/texmf-dist/tex/latex/setspace/setspace.sty
Package: setspace 2022/12/04 v6.7b set line spacing
)
(d:/texlive/2024/texmf-dist/tex/latex/microtype/microtype.sty
Package: microtype 2023/03/13 v3.1a Micro-typographical refinements (RS)

(d:/texlive/2024/texmf-dist/tex/latex/etoolbox/etoolbox.sty
Package: etoolbox 2020/10/05 v2.5k e-TeX tools for LaTeX (JAW)
\etb@tempcnta=\count298
)
\MT@toks=\toks21
\MT@tempbox=\box61
\MT@count=\count299
LaTeX Info: Redefining \noprotrusionifhmode on input line 1059.
LaTeX Info: Redefining \leftprotrusion on input line 1060.
\MT@prot@toks=\toks22
LaTeX Info: Redefining \rightprotrusion on input line 1078.
LaTeX Info: Redefining \textls on input line 1368.
\MT@outer@kern=\dimen196
LaTeX Info: Redefining \textmicrotypecontext on input line 1988.
\MT@listname@count=\count300

(d:/texlive/2024/texmf-dist/tex/latex/microtype/microtype-xetex.def
File: microtype-xetex.def 2023/03/13 v3.1a Definitions specific to xetex (RS)
LaTeX Info: Redefining \lsstyle on input line 238.
)
Package microtype Info: Loading configuration file microtype.cfg.

(d:/texlive/2024/texmf-dist/tex/latex/microtype/microtype.cfg
File: microtype.cfg 2023/03/13 v3.1a microtype main configuration file (RS)
))
(d:/texlive/2024/texmf-dist/tex/latex/amsmath/amsmath.sty
Package: amsmath 2023/05/13 v2.17o AMS math features
\@mathmargin=\skip64

For additional information on amsmath, use the `?' option.
(d:/texlive/2024/texmf-dist/tex/latex/amsmath/amstext.sty
Package: amstext 2021/08/26 v2.01 AMS text

(d:/texlive/2024/texmf-dist/tex/latex/amsmath/amsgen.sty
File: amsgen.sty 1999/11/30 v2.0 generic functions
\@emptytoks=\toks23
\ex@=\dimen197
))
(d:/texlive/2024/texmf-dist/tex/latex/amsmath/amsbsy.sty
Package: amsbsy 1999/11/29 v1.2d Bold Symbols
\pmbraise@=\dimen198
)
(d:/texlive/2024/texmf-dist/tex/latex/amsmath/amsopn.sty
Package: amsopn 2022/04/08 v2.04 operator names
)
\inf@bad=\count301
LaTeX Info: Redefining \frac on input line 234.
\uproot@=\count302
\leftroot@=\count303
LaTeX Info: Redefining \overline on input line 399.
LaTeX Info: Redefining \colon on input line 410.
\classnum@=\count304
\DOTSCASE@=\count305
LaTeX Info: Redefining \ldots on input line 496.
LaTeX Info: Redefining \dots on input line 499.
LaTeX Info: Redefining \cdots on input line 620.
\Mathstrutbox@=\box62
\strutbox@=\box63
LaTeX Info: Redefining \big on input line 722.
LaTeX Info: Redefining \Big on input line 723.
LaTeX Info: Redefining \bigg on input line 724.
LaTeX Info: Redefining \Bigg on input line 725.
\big@size=\dimen199
LaTeX Font Info:    Redeclaring font encoding OML on input line 743.
LaTeX Font Info:    Redeclaring font encoding OMS on input line 744.
\macc@depth=\count306
LaTeX Info: Redefining \bmod on input line 905.
LaTeX Info: Redefining \pmod on input line 910.
LaTeX Info: Redefining \smash on input line 940.
LaTeX Info: Redefining \relbar on input line 970.
LaTeX Info: Redefining \Relbar on input line 971.
\c@MaxMatrixCols=\count307
\dotsspace@=\muskip18
\c@parentequation=\count308
\dspbrk@lvl=\count309
\tag@help=\toks24
\row@=\count310
\column@=\count311
\maxfields@=\count312
\andhelp@=\toks25
\eqnshift@=\dimen256
\alignsep@=\dimen257
\tagshift@=\dimen258
\tagwidth@=\dimen259
\totwidth@=\dimen260
\lineht@=\dimen261
\@envbody=\toks26
\multlinegap=\skip65
\multlinetaggap=\skip66
\mathdisplay@stack=\toks27
LaTeX Info: Redefining \[ on input line 2953.
LaTeX Info: Redefining \] on input line 2954.
)
(d:/texlive/2024/texmf-dist/tex/latex/amsfonts/amssymb.sty
Package: amssymb 2013/01/14 v3.01 AMS font symbols

(d:/texlive/2024/texmf-dist/tex/latex/amsfonts/amsfonts.sty
Package: amsfonts 2013/01/14 v3.01 Basic AMSFonts support
\symAMSa=\mathgroup4
\symAMSb=\mathgroup5
LaTeX Font Info:    Redeclaring math symbol \hbar on input line 98.
LaTeX Font Info:    Overwriting math alphabet `\mathfrak' in version `bold'
(Font)                  U/euf/m/n --> U/euf/b/n on input line 106.
))
(d:/texlive/2024/texmf-dist/tex/latex/hyperref/hyperref.sty
Package: hyperref 2024-01-20 v7.01h Hypertext links for LaTeX

(d:/texlive/2024/texmf-dist/tex/latex/kvsetkeys/kvsetkeys.sty
Package: kvsetkeys 2022-10-05 v1.19 Key value parser (HO)
)
(d:/texlive/2024/texmf-dist/tex/generic/kvdefinekeys/kvdefinekeys.sty
Package: kvdefinekeys 2019-12-19 v1.6 Define keys (HO)
)
(d:/texlive/2024/texmf-dist/tex/generic/pdfescape/pdfescape.sty
Package: pdfescape 2019/12/09 v1.15 Implements pdfTeX's escape features (HO)

(d:/texlive/2024/texmf-dist/tex/generic/ltxcmds/ltxcmds.sty
Package: ltxcmds 2023-12-04 v1.26 LaTeX kernel commands for general use (HO)
)
(d:/texlive/2024/texmf-dist/tex/generic/pdftexcmds/pdftexcmds.sty
Package: pdftexcmds 2020-06-27 v0.33 Utility functions of pdfTeX for LuaTeX (HO
)

(d:/texlive/2024/texmf-dist/tex/generic/infwarerr/infwarerr.sty
Package: infwarerr 2019/12/03 v1.5 Providing info/warning/error messages (HO)
)
Package pdftexcmds Info: \pdf@primitive is available.
Package pdftexcmds Info: \pdf@ifprimitive is available.
Package pdftexcmds Info: \pdfdraftmode not found.
))
(d:/texlive/2024/texmf-dist/tex/latex/hycolor/hycolor.sty
Package: hycolor 2020-01-27 v1.10 Color options for hyperref/bookmark (HO)
)
(d:/texlive/2024/texmf-dist/tex/latex/auxhook/auxhook.sty
Package: auxhook 2019-12-17 v1.6 Hooks for auxiliary files (HO)
)
(d:/texlive/2024/texmf-dist/tex/latex/hyperref/nameref.sty
Package: nameref 2023-11-26 v2.56 Cross-referencing by name of section

(d:/texlive/2024/texmf-dist/tex/latex/refcount/refcount.sty
Package: refcount 2019/12/15 v3.6 Data extraction from label references (HO)
)
(d:/texlive/2024/texmf-dist/tex/generic/gettitlestring/gettitlestring.sty
Package: gettitlestring 2019/12/15 v1.6 Cleanup title references (HO)

(d:/texlive/2024/texmf-dist/tex/latex/kvoptions/kvoptions.sty
Package: kvoptions 2022-06-15 v3.15 Key value format for package options (HO)
))
\c@section@level=\count313
)
\@linkdim=\dimen262
\Hy@linkcounter=\count314
\Hy@pagecounter=\count315

(d:/texlive/2024/texmf-dist/tex/latex/hyperref/pd1enc.def
File: pd1enc.def 2024-01-20 v7.01h Hyperref: PDFDocEncoding definition (HO)
)
(d:/texlive/2024/texmf-dist/tex/generic/intcalc/intcalc.sty
Package: intcalc 2019/12/15 v1.3 Expandable calculations with integers (HO)
)
\Hy@SavedSpaceFactor=\count316

(d:/texlive/2024/texmf-dist/tex/latex/hyperref/puenc.def
File: puenc.def 2024-01-20 v7.01h Hyperref: PDF Unicode definition (HO)
)
Package hyperref Info: Option `colorlinks' set `true' on input line 4062.
Package hyperref Info: Hyper figures OFF on input line 4179.
Package hyperref Info: Link nesting OFF on input line 4184.
Package hyperref Info: Hyper index ON on input line 4187.
Package hyperref Info: Plain pages OFF on input line 4194.
Package hyperref Info: Backreferencing OFF on input line 4199.
Package hyperref Info: Implicit mode ON; LaTeX internals redefined.
Package hyperref Info: Bookmarks ON on input line 4446.
\c@Hy@tempcnt=\count317
LaTeX Info: Redefining \url on input line 4784.
\XeTeXLinkMargin=\dimen263

(d:/texlive/2024/texmf-dist/tex/generic/bitset/bitset.sty
Package: bitset 2019/12/09 v1.3 Handle bit-vector datatype (HO)

(d:/texlive/2024/texmf-dist/tex/generic/bigintcalc/bigintcalc.sty
Package: bigintcalc 2019/12/15 v1.5 Expandable calculations on big integers (HO
)
))
\Fld@menulength=\count318
\Field@Width=\dimen264
\Fld@charsize=\dimen265
Package hyperref Info: Hyper figures OFF on input line 6063.
Package hyperref Info: Link nesting OFF on input line 6068.
Package hyperref Info: Hyper index ON on input line 6071.
Package hyperref Info: backreferencing OFF on input line 6078.
Package hyperref Info: Link coloring ON on input line 6081.
Package hyperref Info: Link coloring with OCG OFF on input line 6088.
Package hyperref Info: PDF/A mode OFF on input line 6093.

(d:/texlive/2024/texmf-dist/tex/latex/base/atbegshi-ltx.sty
Package: atbegshi-ltx 2021/01/10 v1.0c Emulation of the original atbegshi
package with kernel methods
)
\Hy@abspage=\count319
\c@Item=\count320
\c@Hfootnote=\count321
)
Package hyperref Info: Driver (autodetected): hxetex.

(d:/texlive/2024/texmf-dist/tex/latex/hyperref/hxetex.def
File: hxetex.def 2024-01-20 v7.01h Hyperref driver for XeTeX

(d:/texlive/2024/texmf-dist/tex/generic/stringenc/stringenc.sty
Package: stringenc 2019/11/29 v1.12 Convert strings between diff. encodings (HO
)
)
\pdfm@box=\box64
\c@Hy@AnnotLevel=\count322
\HyField@AnnotCount=\count323
\Fld@listcount=\count324
\c@bookmark@seq@number=\count325

(d:/texlive/2024/texmf-dist/tex/latex/rerunfilecheck/rerunfilecheck.sty
Package: rerunfilecheck 2022-07-10 v1.10 Rerun checks for auxiliary files (HO)

(d:/texlive/2024/texmf-dist/tex/latex/base/atveryend-ltx.sty
Package: atveryend-ltx 2020/08/19 v1.0a Emulation of the original atveryend pac
kage
with kernel methods
)
(d:/texlive/2024/texmf-dist/tex/generic/uniquecounter/uniquecounter.sty
Package: uniquecounter 2019/12/15 v1.4 Provide unlimited unique counter (HO)
)
Package uniquecounter Info: New unique counter `rerunfilecheck' on input line 2
85.
)
\Hy@SectionHShift=\skip67
)
(d:/texlive/2024/texmf-dist/tex/latex/tools/tabularx.sty
Package: tabularx 2023/07/08 v2.11c `tabularx' package (DPC)
\TX@col@width=\dimen266
\TX@old@table=\dimen267
\TX@old@col=\dimen268
\TX@target=\dimen269
\TX@delta=\dimen270
\TX@cols=\count326
\TX@ftn=\toks28
)
(d:/texlive/2024/texmf-dist/tex/latex/multirow/multirow.sty
Package: multirow 2021/03/15 v2.8 Span multiple rows of a table
\multirow@colwidth=\skip68
\multirow@cntb=\count327
\multirow@dima=\skip69
\bigstrutjot=\dimen271
)
(d:/texlive/2024/texmf-dist/tex/latex/xcolor/xcolor.sty
Package: xcolor 2023/11/15 v3.01 LaTeX color extensions (UK)

(d:/texlive/2024/texmf-dist/tex/latex/graphics-cfg/color.cfg
File: color.cfg 2016/01/02 v1.6 sample color configuration
)
Package xcolor Info: Driver file: xetex.def on input line 274.

(d:/texlive/2024/texmf-dist/tex/latex/graphics-def/xetex.def
File: xetex.def 2022/09/22 v5.0n Graphics/color driver for xetex
)
(d:/texlive/2024/texmf-dist/tex/latex/graphics/mathcolor.ltx)
Package xcolor Info: Model `cmy' substituted by `cmy0' on input line 1350.
Package xcolor Info: Model `RGB' extended on input line 1366.
Package xcolor Info: Model `HTML' substituted by `rgb' on input line 1368.
Package xcolor Info: Model `Hsb' substituted by `hsb' on input line 1369.
Package xcolor Info: Model `tHsb' substituted by `hsb' on input line 1370.
Package xcolor Info: Model `HSB' substituted by `hsb' on input line 1371.
Package xcolor Info: Model `Gray' substituted by `gray' on input line 1372.
Package xcolor Info: Model `wave' substituted by `hsb' on input line 1373.
)
(d:/texlive/2024/texmf-dist/tex/latex/listings/listings.sty
\lst@mode=\count328
\lst@gtempboxa=\box65
\lst@token=\toks29
\lst@length=\count329
\lst@currlwidth=\dimen272
\lst@column=\count330
\lst@pos=\count331
\lst@lostspace=\dimen273
\lst@width=\dimen274
\lst@newlines=\count332
\lst@lineno=\count333
\lst@maxwidth=\dimen275

(d:/texlive/2024/texmf-dist/tex/latex/listings/lstpatch.sty
File: lstpatch.sty 2024/02/21 1.10 (Carsten Heinz)
)
(d:/texlive/2024/texmf-dist/tex/latex/listings/lstmisc.sty
File: lstmisc.sty 2024/02/21 1.10 (Carsten Heinz)
\c@lstnumber=\count334
\lst@skipnumbers=\count335
\lst@framebox=\box66
)
(d:/texlive/2024/texmf-dist/tex/latex/listings/listings.cfg
File: listings.cfg 2024/02/21 1.10 listings configuration
))
Package: listings 2024/02/21 1.10 (Carsten Heinz)

(d:/texlive/2024/texmf-dist/tex/xelatex/xecjk/xeCJK-listings.sty
Package: xeCJK-listings 2022/08/05 v3.9.1 xeCJK patch file for listings
\l__xeCJK_listings_max_char_int=\count336
\l__xeCJK_listings_flag_int=\count337
)
(d:/texlive/2024/texmf-dist/tex/latex/titlesec/titlesec.sty
Package: titlesec 2023/10/27 v2.16 Sectioning titles
\ttl@box=\box67
\beforetitleunit=\skip70
\aftertitleunit=\skip71
\ttl@plus=\dimen276
\ttl@minus=\dimen277
\ttl@toksa=\toks30
\titlewidth=\dimen278
\titlewidthlast=\dimen279
\titlewidthfirst=\dimen280
) (./report.aux)
\openout1 = `report.aux'.

LaTeX Font Info:    Checking defaults for OML/cmm/m/it on input line 61.
LaTeX Font Info:    ... okay on input line 61.
LaTeX Font Info:    Checking defaults for OMS/cmsy/m/n on input line 61.
LaTeX Font Info:    ... okay on input line 61.
LaTeX Font Info:    Checking defaults for OT1/cmr/m/n on input line 61.
LaTeX Font Info:    ... okay on input line 61.
LaTeX Font Info:    Checking defaults for T1/cmr/m/n on input line 61.
LaTeX Font Info:    ... okay on input line 61.
LaTeX Font Info:    Checking defaults for TS1/cmr/m/n on input line 61.
LaTeX Font Info:    Trying to load font information for TS1+cmr on input line 6
1.

(d:/texlive/2024/texmf-dist/tex/latex/base/ts1cmr.fd
File: ts1cmr.fd 2023/04/13 v2.5m Standard LaTeX font definitions
)
LaTeX Font Info:    ... okay on input line 61.
LaTeX Font Info:    Checking defaults for TU/lmr/m/n on input line 61.
LaTeX Font Info:    ... okay on input line 61.
LaTeX Font Info:    Checking defaults for OMX/cmex/m/n on input line 61.
LaTeX Font Info:    ... okay on input line 61.
LaTeX Font Info:    Checking defaults for U/cmr/m/n on input line 61.
LaTeX Font Info:    ... okay on input line 61.
LaTeX Font Info:    Checking defaults for PD1/pdf/m/n on input line 61.
LaTeX Font Info:    ... okay on input line 61.
LaTeX Font Info:    Checking defaults for PU/pdf/m/n on input line 61.
LaTeX Font Info:    ... okay on input line 61.

Package fontspec Info: Adjusting the maths setup (use [no-math] to avoid
(fontspec)             this).

\symlegacymaths=\mathgroup6
LaTeX Font Info:    Overwriting symbol font `legacymaths' in version `bold'
(Font)                  OT1/cmr/m/n --> OT1/cmr/bx/n on input line 61.
LaTeX Font Info:    Redeclaring math accent \acute on input line 61.
LaTeX Font Info:    Redeclaring math accent \grave on input line 61.
LaTeX Font Info:    Redeclaring math accent \ddot on input line 61.
LaTeX Font Info:    Redeclaring math accent \tilde on input line 61.
LaTeX Font Info:    Redeclaring math accent \bar on input line 61.
LaTeX Font Info:    Redeclaring math accent \breve on input line 61.
LaTeX Font Info:    Redeclaring math accent \check on input line 61.
LaTeX Font Info:    Redeclaring math accent \hat on input line 61.
LaTeX Font Info:    Redeclaring math accent \dot on input line 61.
LaTeX Font Info:    Redeclaring math accent \mathring on input line 61.
LaTeX Font Info:    Redeclaring math symbol \Gamma on input line 61.
LaTeX Font Info:    Redeclaring math symbol \Delta on input line 61.
LaTeX Font Info:    Redeclaring math symbol \Theta on input line 61.
LaTeX Font Info:    Redeclaring math symbol \Lambda on input line 61.
LaTeX Font Info:    Redeclaring math symbol \Xi on input line 61.
LaTeX Font Info:    Redeclaring math symbol \Pi on input line 61.
LaTeX Font Info:    Redeclaring math symbol \Sigma on input line 61.
LaTeX Font Info:    Redeclaring math symbol \Upsilon on input line 61.
LaTeX Font Info:    Redeclaring math symbol \Phi on input line 61.
LaTeX Font Info:    Redeclaring math symbol \Psi on input line 61.
LaTeX Font Info:    Redeclaring math symbol \Omega on input line 61.
LaTeX Font Info:    Redeclaring math symbol \mathdollar on input line 61.
LaTeX Font Info:    Redeclaring symbol font `operators' on input line 61.
LaTeX Font Info:    Encoding `OT1' has changed to `TU' for symbol font
(Font)              `operators' in the math version `normal' on input line 61.
LaTeX Font Info:    Overwriting symbol font `operators' in version `normal'
(Font)                  OT1/cmr/m/n --> TU/lmr/m/n on input line 61.
LaTeX Font Info:    Encoding `OT1' has changed to `TU' for symbol font
(Font)              `operators' in the math version `bold' on input line 61.
LaTeX Font Info:    Overwriting symbol font `operators' in version `bold'
(Font)                  OT1/cmr/bx/n --> TU/lmr/m/n on input line 61.
LaTeX Font Info:    Overwriting symbol font `operators' in version `normal'
(Font)                  TU/lmr/m/n --> TU/lmr/m/n on input line 61.
LaTeX Font Info:    Overwriting math alphabet `\mathit' in version `normal'
(Font)                  OT1/cmr/m/it --> TU/lmr/m/it on input line 61.
LaTeX Font Info:    Overwriting math alphabet `\mathbf' in version `normal'
(Font)                  OT1/cmr/bx/n --> TU/lmr/b/n on input line 61.
LaTeX Font Info:    Overwriting math alphabet `\mathsf' in version `normal'
(Font)                  OT1/cmss/m/n --> TU/lmss/m/n on input line 61.
LaTeX Font Info:    Overwriting math alphabet `\mathtt' in version `normal'
(Font)                  OT1/cmtt/m/n --> TU/Consolas(0)/m/n on input line 61.
LaTeX Font Info:    Overwriting symbol font `operators' in version `bold'
(Font)                  TU/lmr/m/n --> TU/lmr/b/n on input line 61.
LaTeX Font Info:    Overwriting math alphabet `\mathit' in version `bold'
(Font)                  OT1/cmr/bx/it --> TU/lmr/b/it on input line 61.
LaTeX Font Info:    Overwriting math alphabet `\mathsf' in version `bold'
(Font)                  OT1/cmss/bx/n --> TU/lmss/b/n on input line 61.
LaTeX Font Info:    Overwriting math alphabet `\mathtt' in version `bold'
(Font)                  OT1/cmtt/m/n --> TU/Consolas(0)/b/n on input line 61.

*geometry* driver: auto-detecting
*geometry* detected driver: xetex
*geometry* verbose mode - [ preamble ] result:
* driver: xetex
* paper: a4paper
* layout: <same size as paper>
* layoutoffset:(h,v)=(0.0pt,0.0pt)
* modes: 
* h-part:(L,W,R)=(62.59596pt, 472.31595pt, 62.59596pt)
* v-part:(T,H,B)=(62.59596pt, 719.85492pt, 62.59596pt)
* \paperwidth=597.50787pt
* \paperheight=845.04684pt
* \textwidth=472.31595pt
* \textheight=719.85492pt
* \oddsidemargin=-9.67403pt
* \evensidemargin=-9.67403pt
* \topmargin=-46.67403pt
* \headheight=12.0pt
* \headsep=25.0pt
* \topskip=11.0pt
* \footskip=30.0pt
* \marginparwidth=50.0pt
* \marginparsep=10.0pt
* \columnsep=10.0pt
* \skip\footins=10.0pt plus 4.0pt minus 2.0pt
* \hoffset=0.0pt
* \voffset=0.0pt
* \mag=1000
* \@twocolumnfalse
* \@twosidefalse
* \@mparswitchfalse
* \@reversemarginfalse
* (1in=72.27pt=25.4mm, 1cm=28.453pt)

LaTeX Info: Redefining \microtypecontext on input line 61.
Package microtype Info: Applying patch `item' on input line 61.
Package microtype Info: Applying patch `toc' on input line 61.
Package microtype Info: Applying patch `eqnum' on input line 61.
Package microtype Info: Applying patch `footnote' on input line 61.
Package microtype Info: Applying patch `verbatim' on input line 61.
Package microtype Info: Character protrusion enabled (level 2).
Package microtype Info: Using default protrusion set `alltext'.
Package microtype Info: No adjustment of tracking.
Package microtype Info: No adjustment of spacing.
Package microtype Info: No adjustment of kerning.
(d:/texlive/2024/texmf-dist/tex/latex/microtype/mt-LatinModernRoman.cfg
File: mt-LatinModernRoman.cfg 2021/02/21 v1.1 microtype config. file: Latin Mod
ern Roman (RS)
)
Package hyperref Info: Link coloring ON on input line 61.

(./report.out) (./report.out)
\@outlinefile=\write3
\openout3 = `report.out'.

\c@lstlisting=\count338


LaTeX Font Warning: Font shape `TU/SimSun(0)/b/n' undefined
(Font)              using `TU/SimSun(0)/m/n' instead on input line 64.

(./report.toc
LaTeX Font Info:    Trying to load font information for U+msa on input line 2.
 (d:/texlive/2024/texmf-dist/tex/latex/amsfonts/umsa.fd
File: umsa.fd 2013/01/14 v3.01 AMS symbols A
)
(d:/texlive/2024/texmf-dist/tex/latex/microtype/mt-msa.cfg
File: mt-msa.cfg 2006/02/04 v1.1 microtype config. file: AMS symbols (a) (RS)
)
LaTeX Font Info:    Trying to load font information for U+msb on input line 2.

(d:/texlive/2024/texmf-dist/tex/latex/amsfonts/umsb.fd
File: umsb.fd 2013/01/14 v3.01 AMS symbols B
)
(d:/texlive/2024/texmf-dist/tex/latex/microtype/mt-msb.cfg
File: mt-msb.cfg 2005/06/01 v1.0 microtype config. file: AMS symbols (b) (RS)
)
(d:/texlive/2024/texmf-dist/tex/latex/microtype/mt-cmr.cfg
File: mt-cmr.cfg 2013/05/19 v2.2 microtype config. file: Computer Modern Roman 
(RS)
))
\tf@toc=\write4
\openout4 = `report.toc'.

Package microtype Info: Loading generic protrusion settings for font family
(microtype)             `Consolas' (encoding: TU).
(microtype)             For optimal results, create family-specific settings.
(microtype)             See the microtype manual for details.
 [1

] [2]
Overfull \hbox (0.33217pt too wide) in alignment at lines 191--195
 [] [] [] [] [] 
 []


Overfull \hbox (0.33217pt too wide) in alignment at lines 195--199
 [] [] [] [] [] 
 []


Overfull \hbox (0.33217pt too wide) in alignment at lines 199--202
 [] [] [] [] [] 
 []


Overfull \hbox (0.33217pt too wide) in alignment at lines 202--204
 [] [] [] [] [] 
 []


Overfull \hbox (11.48912pt too wide) in paragraph at lines 216--216
[]|\TU/Consolas(0)/m/n/10 HTTPAdapter.proxy_manager_for|  
 []


Overfull \hbox (5.99107pt too wide) in paragraph at lines 229--229
[]|\TU/Consolas(0)/m/n/10 HTTPAdapter.init_poolmanager|  
 []


Overfull \hbox (38.97935pt too wide) in paragraph at lines 239--239
[]|\TU/Consolas(0)/m/n/10 HTTPDigestAuth.build_digest_header|  
 []


Overfull \hbox (49.97545pt too wide) in paragraph at lines 247--247
[]|\TU/Consolas(0)/m/n/10 HTTPDigestAuth.init_per_thread_state|  
 []


Overfull \hbox (16.98717pt too wide) in paragraph at lines 248--248
[]|\TU/Consolas(0)/m/n/10 HTTPDigestAuth.handle_redirect|  
 []


Overfull \hbox (55.4735pt too wide) in paragraph at lines 258--258
[]|\TU/Consolas(0)/m/n/10 RequestsCookieJar._find_no_duplicates|  
 []


Overfull \hbox (38.97935pt too wide) in paragraph at lines 266--266
[]|\TU/Consolas(0)/m/n/10 RequestsCookieJar.multiple_domains|  
 []


Overfull \hbox (5.99107pt too wide) in paragraph at lines 267--267
[]|\TU/Consolas(0)/m/n/10 RequestsCookieJar.set_cookie|  
 []


Overfull \hbox (16.98717pt too wide) in paragraph at lines 271--271
[]|\TU/Consolas(0)/m/n/10 RequestsCookieJar.list_domains|  
 []


Overfull \hbox (5.99107pt too wide) in paragraph at lines 272--272
[]|\TU/Consolas(0)/m/n/10 RequestsCookieJar.list_paths|  
 []


Overfull \hbox (5.99107pt too wide) in paragraph at lines 281--281
[]|\TU/Consolas(0)/m/n/10 RequestsCookieJar.itervalues|  
 []


Overfull \hbox (16.98717pt too wide) in paragraph at lines 283--283
[]|\TU/Consolas(0)/m/n/10 RequestsCookieJar.__contains__|  
 []


Overfull \hbox (16.98717pt too wide) in paragraph at lines 284--284
[]|\TU/Consolas(0)/m/n/10 RequestsCookieJar.__setstate__|  
 []


Overfull \hbox (22.48521pt too wide) in paragraph at lines 289--289
[]|\TU/Consolas(0)/m/n/10 MockRequest.get_origin_req_host|  
 []


Overfull \hbox (44.4774pt too wide) in paragraph at lines 293--293
[]|\TU/Consolas(0)/m/n/10 MockRequest.add_unredirected_header|  
 []


Overfull \hbox (11.48912pt too wide) in paragraph at lines 305--305
[]|\TU/Consolas(0)/m/n/10 RequestsCookieJar.__getitem__|  
 []


Overfull \hbox (11.48912pt too wide) in paragraph at lines 306--306
[]|\TU/Consolas(0)/m/n/10 RequestsCookieJar.__setitem__|  
 []


Overfull \hbox (11.48912pt too wide) in paragraph at lines 307--307
[]|\TU/Consolas(0)/m/n/10 RequestsCookieJar.__delitem__|  
 []


Overfull \hbox (16.98717pt too wide) in paragraph at lines 308--308
[]|\TU/Consolas(0)/m/n/10 RequestsCookieJar.__getstate__|  
 []


Overfull \hbox (5.99107pt too wide) in paragraph at lines 310--310
[]|\TU/Consolas(0)/m/n/10 RequestsCookieJar.get_policy|  
 []


Overfull \hbox (38.97935pt too wide) in paragraph at lines 344--344
[]|\TU/Consolas(0)/m/n/10 RequestEncodingMixin._encode_files|  
 []


Overfull \hbox (5.99107pt too wide) in paragraph at lines 346--346
[]|\TU/Consolas(0)/m/n/10 PreparedRequest.prepare_body|  
 []


Overfull \hbox (44.4774pt too wide) in paragraph at lines 348--348
[]|\TU/Consolas(0)/m/n/10 RequestEncodingMixin._encode_params|  
 []


Overfull \hbox (22.48521pt too wide) in paragraph at lines 353--353
[]|\TU/Consolas(0)/m/n/10 RequestHooksMixin.register_hook|  
 []


Overfull \hbox (5.99107pt too wide) in paragraph at lines 354--354
[]|\TU/Consolas(0)/m/n/10 PreparedRequest.prepare_auth|  
 []


Overfull \hbox (60.97154pt too wide) in paragraph at lines 359--359
[]|\TU/Consolas(0)/m/n/10 PreparedRequest.prepare_content_length|  
 []


Overfull \hbox (11.48912pt too wide) in paragraph at lines 364--364
[]|\TU/Consolas(0)/m/n/10 RequestEncodingMixin.path_url|  
 []


Overfull \hbox (22.48521pt too wide) in paragraph at lines 365--365
[]|\TU/Consolas(0)/m/n/10 PreparedRequest.prepare_headers|  
 []


Overfull \hbox (22.48521pt too wide) in paragraph at lines 366--366
[]|\TU/Consolas(0)/m/n/10 PreparedRequest.prepare_cookies|  
 []


Overfull \hbox (11.48912pt too wide) in paragraph at lines 367--367
[]|\TU/Consolas(0)/m/n/10 PreparedRequest.prepare_hooks|  
 []


Overfull \hbox (33.48131pt too wide) in paragraph at lines 370--370
[]|\TU/Consolas(0)/m/n/10 RequestHooksMixin.deregister_hook|  
 []


Overfull \hbox (16.98717pt too wide) in paragraph at lines 372--372
[]|\TU/Consolas(0)/m/n/10 PreparedRequest.prepare_method|  
 []


Overfull \hbox (60.97154pt too wide) in paragraph at lines 373--373
[]|\TU/Consolas(0)/m/n/10 PreparedRequest._get_idna_encoded_host|  
 []


Overfull \hbox (16.98717pt too wide) in paragraph at lines 377--377
[]|\TU/Consolas(0)/m/n/10 Response.is_permanent_redirect|  
 []


Overfull \hbox (60.97154pt too wide) in paragraph at lines 392--392
[]|\TU/Consolas(0)/m/n/10 SessionRedirectMixin.resolve_redirects|  
 []


Overfull \hbox (60.97154pt too wide) in paragraph at lines 394--394
[]|\TU/Consolas(0)/m/n/10 SessionRedirectMixin.should_strip_auth|  
 []


Overfull \hbox (38.97935pt too wide) in paragraph at lines 397--397
[]|\TU/Consolas(0)/m/n/10 Session.merge_environment_settings|  
 []


Overfull \hbox (44.4774pt too wide) in paragraph at lines 398--398
[]|\TU/Consolas(0)/m/n/10 SessionRedirectMixin.rebuild_method|  
 []


Overfull \hbox (49.97545pt too wide) in paragraph at lines 399--399
[]|\TU/Consolas(0)/m/n/10 SessionRedirectMixin.rebuild_proxies|  
 []


Overfull \hbox (33.48131pt too wide) in paragraph at lines 402--402
[]|\TU/Consolas(0)/m/n/10 SessionRedirectMixin.rebuild_auth|  
 []


Overfull \hbox (0.33217pt too wide) in alignment at lines 204--405
 [] [] [] [] [] 
 []

[3]
Overfull \hbox (71.96764pt too wide) in paragraph at lines 407--407
[]|\TU/Consolas(0)/m/n/10 SessionRedirectMixin.get_redirect_target|  
 []


Overfull \hbox (5.99107pt too wide) in paragraph at lines 424--424
[]|\TU/Consolas(0)/m/n/10 CaseInsensitiveDict.__init__|  
 []


Overfull \hbox (5.99107pt too wide) in paragraph at lines 425--425
[]|\TU/Consolas(0)/m/n/10 CaseInsensitiveDict.__iter__|  
 []


Overfull \hbox (22.48521pt too wide) in paragraph at lines 426--426
[]|\TU/Consolas(0)/m/n/10 CaseInsensitiveDict.lower_items|  
 []


Overfull \hbox (22.48521pt too wide) in paragraph at lines 429--429
[]|\TU/Consolas(0)/m/n/10 CaseInsensitiveDict.__setitem__|  
 []


Overfull \hbox (22.48521pt too wide) in paragraph at lines 430--430
[]|\TU/Consolas(0)/m/n/10 CaseInsensitiveDict.__getitem__|  
 []


Overfull \hbox (22.48521pt too wide) in paragraph at lines 431--431
[]|\TU/Consolas(0)/m/n/10 CaseInsensitiveDict.__delitem__|  
 []


Overfull \hbox (5.99107pt too wide) in paragraph at lines 434--434
[]|\TU/Consolas(0)/m/n/10 CaseInsensitiveDict.__repr__|  
 []


Overfull \hbox (16.98717pt too wide) in paragraph at lines 451--451
[]|\TU/Consolas(0)/m/n/10 stream_decode_response_unicode|  
 []


Overfull \hbox (104.95592pt too wide) in paragraph at lines 490--490
[]|\TU/Consolas(0)/m/n/10 test_request_url_trims_leading_path_separators|  
 []


Overfull \hbox (44.4774pt too wide) in paragraph at lines 492--492
[]|\TU/Consolas(0)/m/n/10 test_idna_without_version_attribute|  
 []


Overfull \hbox (27.98326pt too wide) in paragraph at lines 493--493
[]|\TU/Consolas(0)/m/n/10 test_idna_with_version_attribute|  
 []


Overfull \hbox (88.46178pt too wide) in paragraph at lines 499--499
[]|\TU/Consolas(0)/m/n/10 test_redirect_rfc1808_to_non_ascii_location|  
 []


Overfull \hbox (44.4774pt too wide) in paragraph at lines 500--500
[]|\TU/Consolas(0)/m/n/10 test_fragment_not_sent_with_request|  
 []


Overfull \hbox (27.98326pt too wide) in paragraph at lines 501--501
[]|\TU/Consolas(0)/m/n/10 test_fragment_update_on_redirect|  
 []


Overfull \hbox (88.46178pt too wide) in paragraph at lines 502--502
[]|\TU/Consolas(0)/m/n/10 test_digestauth_401_count_reset_on_redirect|  
 []


Overfull \hbox (137.9442pt too wide) in paragraph at lines 503--503
[]|\TU/Consolas(0)/m/n/10 test_json_decode_compatibility_for_alt_utf_encodings|
  
 []


Overfull \hbox (132.44615pt too wide) in paragraph at lines 505--505
[]|\TU/Consolas(0)/m/n/10 test_chunked_upload_uses_only_specified_host_header| 
 
 []


Overfull \hbox (88.46178pt too wide) in paragraph at lines 506--506
[]|\TU/Consolas(0)/m/n/10 test_chunked_upload_doesnt_skip_host_header|  
 []


Overfull \hbox (38.97935pt too wide) in paragraph at lines 507--507
[]|\TU/Consolas(0)/m/n/10 test_digestauth_401_only_sent_once|  
 []


Overfull \hbox (22.48521pt too wide) in paragraph at lines 509--509
[]|\TU/Consolas(0)/m/n/10 test_use_proxy_from_environment|  
 []


Overfull \hbox (27.98326pt too wide) in paragraph at lines 512--512
[]|\TU/Consolas(0)/m/n/10 test_conflicting_content_lengths|  
 []


Overfull \hbox (33.48131pt too wide) in paragraph at lines 513--513
[]|\TU/Consolas(0)/m/n/10 test_can_access_urllib3_attribute|  
 []


Overfull \hbox (16.98717pt too wide) in paragraph at lines 514--514
[]|\TU/Consolas(0)/m/n/10 test_can_access_idna_attribute|  
 []


Overfull \hbox (33.48131pt too wide) in paragraph at lines 515--515
[]|\TU/Consolas(0)/m/n/10 test_can_access_chardet_attribute|  
 []


Overfull \hbox (66.46959pt too wide) in paragraph at lines 516--516
[]|\TU/Consolas(0)/m/n/10 TestRequests.test_custom_redirect_mixin|  
 []


Overfull \hbox (121.45006pt too wide) in paragraph at lines 517--517
[]|\TU/Consolas(0)/m/n/10 TestRequests.test_cookielib_cookiejar_on_redirect|  
 []


Overfull \hbox (71.96764pt too wide) in paragraph at lines 518--518
[]|\TU/Consolas(0)/m/n/10 TestRequests.test_headers_preserve_order|  
 []


Overfull \hbox (27.98326pt too wide) in paragraph at lines 519--519
[]|\TU/Consolas(0)/m/n/10 TestRequests.test_https_warnings|  
 []


Overfull \hbox (60.97154pt too wide) in paragraph at lines 520--520
[]|\TU/Consolas(0)/m/n/10 TestPreparingURLs.test_status_code_425|  
 []


Overfull \hbox (44.4774pt too wide) in paragraph at lines 521--521
[]|\TU/Consolas(0)/m/n/10 test_requests_are_updated_each_time|  
 []


Overfull \hbox (99.45787pt too wide) in paragraph at lines 522--522
[]|\TU/Consolas(0)/m/n/10 TestRequests.test_HTTP_302_TOO_MANY_REDIRECTS|  
 []


Overfull \hbox (165.43443pt too wide) in paragraph at lines 523--523
[]|\TU/Consolas(0)/m/n/10 TestRequests.test_HTTP_302_TOO_MANY_REDIRECTS_WITH_PA
RAMS|  
 []


Overfull \hbox (126.9481pt too wide) in paragraph at lines 524--524
[]|\TU/Consolas(0)/m/n/10 TestRequests.test_transfer_enc_removal_on_redirect|  

 []


Overfull \hbox (44.4774pt too wide) in paragraph at lines 525--525
[]|\TU/Consolas(0)/m/n/10 TestRequests.test_cookie_parameters|  
 []


Overfull \hbox (170.93248pt too wide) in paragraph at lines 526--526
[]|\TU/Consolas(0)/m/n/10 TestRequests.test_prepared_request_with_hook_is_pickl
eable|  
 []


Overfull \hbox (93.95982pt too wide) in paragraph at lines 527--527
[]|\TU/Consolas(0)/m/n/10 TestRequests.test_transport_adapter_ordering|  
 []


Overfull \hbox (121.45006pt too wide) in paragraph at lines 528--528
[]|\TU/Consolas(0)/m/n/10 TestRequests.test_should_strip_auth_https_upgrade|  
 []


Overfull \hbox (55.4735pt too wide) in paragraph at lines 529--529
[]|\TU/Consolas(0)/m/n/10 TestCaseInsensitiveDict.test_contains|  
 []


Overfull \hbox (104.95592pt too wide) in paragraph at lines 530--530
[]|\TU/Consolas(0)/m/n/10 TestRequests.test_HTTP_307_ALLOW_REDIRECT_POST|  
 []


Overfull \hbox (181.92857pt too wide) in paragraph at lines 531--531
[]|\TU/Consolas(0)/m/n/10 TestRequests.test_HTTP_307_ALLOW_REDIRECT_POST_WITH_S
EEKABLE|  
 []


Overfull \hbox (104.95592pt too wide) in paragraph at lines 532--532
[]|\TU/Consolas(0)/m/n/10 TestRequests.test_http_301_changes_post_to_get|  
 []


Overfull \hbox (137.9442pt too wide) in paragraph at lines 533--533
[]|\TU/Consolas(0)/m/n/10 TestRequests.test_http_301_doesnt_change_head_to_get|
  
 []


Overfull \hbox (104.95592pt too wide) in paragraph at lines 534--534
[]|\TU/Consolas(0)/m/n/10 TestRequests.test_http_302_changes_post_to_get|  
 []


Overfull \hbox (137.9442pt too wide) in paragraph at lines 535--535
[]|\TU/Consolas(0)/m/n/10 TestRequests.test_http_302_doesnt_change_head_to_get|
  
 []


Overfull \hbox (104.95592pt too wide) in paragraph at lines 536--536
[]|\TU/Consolas(0)/m/n/10 TestRequests.test_http_303_changes_post_to_get|  
 []


Overfull \hbox (137.9442pt too wide) in paragraph at lines 537--537
[]|\TU/Consolas(0)/m/n/10 TestRequests.test_http_303_doesnt_change_head_to_get|
  
 []


Overfull \hbox (60.97154pt too wide) in paragraph at lines 538--538
[]|\TU/Consolas(0)/m/n/10 TestRequests.test_basicauth_with_netrc|  
 []


Overfull \hbox (71.96764pt too wide) in paragraph at lines 539--539
[]|\TU/Consolas(0)/m/n/10 TestRequests.test_DIGEST_HTTP_200_OK_GET|  
 []


Overfull \hbox (110.45396pt too wide) in paragraph at lines 540--540
[]|\TU/Consolas(0)/m/n/10 TestRequests.test_DIGESTAUTH_WRONG_HTTP_401_GET|  
 []


Overfull \hbox (137.9442pt too wide) in paragraph at lines 541--541
[]|\TU/Consolas(0)/m/n/10 TestRequests.test_POSTBIN_SEEKED_OBJECT_WITH_NO_ITER|
  
 []


Overfull \hbox (82.96373pt too wide) in paragraph at lines 542--542
[]|\TU/Consolas(0)/m/n/10 TestRequests.test_cookie_as_dict_keeps_len|  
 []


Overfull \hbox (115.95201pt too wide) in paragraph at lines 543--543
[]|\TU/Consolas(0)/m/n/10 TestRequests.test_prepared_request_is_pickleable|  
 []


Overfull \hbox (170.93248pt too wide) in paragraph at lines 544--544
[]|\TU/Consolas(0)/m/n/10 TestRequests.test_prepared_request_with_file_is_pickl
eable|  
 []


Overfull \hbox (5.99107pt too wide) in paragraph at lines 545--545
[]|\TU/Consolas(0)/m/n/10 TestRequests.test_http_error|  
 []


Overfull \hbox (159.93639pt too wide) in paragraph at lines 546--546
[]|\TU/Consolas(0)/m/n/10 TestRequests.test_manual_redirect_with_partial_body_r
ead|  
 []


Overfull \hbox (11.48912pt too wide) in paragraph at lines 547--547
[]|\TU/Consolas(0)/m/n/10 TestRequests.test_rewind_body|  
 []


Overfull \hbox (93.95982pt too wide) in paragraph at lines 548--548
[]|\TU/Consolas(0)/m/n/10 TestRequests.test_rewind_partially_read_body|  
 []


Overfull \hbox (27.98326pt too wide) in paragraph at lines 549--549
[]|\TU/Consolas(0)/m/n/10 TestCaseInsensitiveDict.test_get|  
 []


Overfull \hbox (44.4774pt too wide) in paragraph at lines 550--550
[]|\TU/Consolas(0)/m/n/10 TestCaseInsensitiveDict.test_update|  
 []


Overfull \hbox (55.4735pt too wide) in paragraph at lines 551--551
[]|\TU/Consolas(0)/m/n/10 TestCaseInsensitiveDict.test_equality|  
 []


Overfull \hbox (99.45787pt too wide) in paragraph at lines 553--553
[]|\TU/Consolas(0)/m/n/10 TestRequests.test_HTTP_302_ALLOW_REDIRECT_GET|  
 []


Overfull \hbox (143.44225pt too wide) in paragraph at lines 554--554
[]|\TU/Consolas(0)/m/n/10 TestRequests.test_header_and_body_removal_on_redirect
|  
 []


Overfull \hbox (121.45006pt too wide) in paragraph at lines 555--555
[]|\TU/Consolas(0)/m/n/10 TestRequests.test_fragment_maintained_on_redirect|  
 []


Overfull \hbox (159.93639pt too wide) in paragraph at lines 556--556
[]|\TU/Consolas(0)/m/n/10 TestRequests.test_requests_in_history_are_not_overrid
den|  
 []


Overfull \hbox (82.96373pt too wide) in paragraph at lines 557--557
[]|\TU/Consolas(0)/m/n/10 TestRequests.test_history_is_always_a_list|  
 []


Overfull \hbox (121.45006pt too wide) in paragraph at lines 558--558
[]|\TU/Consolas(0)/m/n/10 TestRequests.test_BASICAUTH_TUPLE_HTTP_200_OK_GET|  
 []


Overfull \hbox (93.95982pt too wide) in paragraph at lines 559--559
[]|\TU/Consolas(0)/m/n/10 TestRequests.test_DIGEST_AUTH_RETURNS_COOKIE|  
 []


Overfull \hbox (22.48521pt too wide) in paragraph at lines 560--560
[]|\TU/Consolas(0)/m/n/10 TestRequests.test_DIGEST_STREAM|  
 []


Overfull \hbox (71.96764pt too wide) in paragraph at lines 561--561
[]|\TU/Consolas(0)/m/n/10 TestRequests.test_POSTBIN_GET_POST_FILES|  
 []


Overfull \hbox (126.9481pt too wide) in paragraph at lines 562--562
[]|\TU/Consolas(0)/m/n/10 TestRequests.test_POSTBIN_GET_POST_FILES_WITH_DATA|  

 []


Overfull \hbox (165.43443pt too wide) in paragraph at lines 563--563
[]|\TU/Consolas(0)/m/n/10 TestRequests.test_unicode_method_name_with_request_ob
ject|  
 []


Overfull \hbox (93.95982pt too wide) in paragraph at lines 564--564
[]|\TU/Consolas(0)/m/n/10 TestRequests.test_cookie_as_dict_keeps_items|  
 []


Overfull \hbox (170.93248pt too wide) in paragraph at lines 565--565
[]|\TU/Consolas(0)/m/n/10 TestRequests.test_cookie_duplicate_names_different_do
mains|  
 []


Overfull \hbox (143.44225pt too wide) in paragraph at lines 566--566
[]|\TU/Consolas(0)/m/n/10 TestRequests.test_request_and_response_are_pickleable
|  
 []


Overfull \hbox (5.99107pt too wide) in paragraph at lines 567--567
[]|\TU/Consolas(0)/m/n/10 TestRequests.test_fixes_1329|  
 []


Overfull \hbox (143.44225pt too wide) in paragraph at lines 568--568
[]|\TU/Consolas(0)/m/n/10 TestRequests.test_session_get_adapter_prefix_matching
|  
 []


Overfull \hbox (93.95982pt too wide) in paragraph at lines 569--569
[]|\TU/Consolas(0)/m/n/10 TestRequests.test_header_with_subclass_types|  
 []


Overfull \hbox (137.9442pt too wide) in paragraph at lines 570--570
[]|\TU/Consolas(0)/m/n/10 TestRequests.test_json_param_post_content_type_works|
  
 []


Overfull \hbox (220.4149pt too wide) in paragraph at lines 571--571
[]|\TU/Consolas(0)/m/n/10 TestRequests.test_chunked_upload_does_not_set_content
_length_header|  
 []


Overfull \hbox (33.48131pt too wide) in paragraph at lines 573--573
[]|\TU/Consolas(0)/m/n/10 TestCaseInsensitiveDict.test_init|  
 []


Overfull \hbox (60.97154pt too wide) in paragraph at lines 574--574
[]|\TU/Consolas(0)/m/n/10 TestCaseInsensitiveDict.test_fixes_649|  
 []


Overfull \hbox (104.95592pt too wide) in paragraph at lines 575--575
[]|\TU/Consolas(0)/m/n/10 TestCaseInsensitiveDict.test_preserve_key_case|  
 []


Overfull \hbox (132.44615pt too wide) in paragraph at lines 576--576
[]|\TU/Consolas(0)/m/n/10 TestCaseInsensitiveDict.test_preserve_last_key_case| 
 
 []


Overfull \hbox (27.98326pt too wide) in paragraph at lines 577--577
[]|\TU/Consolas(0)/m/n/10 TestTimeout.test_connect_timeout|  
 []


Overfull \hbox (115.95201pt too wide) in paragraph at lines 578--578
[]|\TU/Consolas(0)/m/n/10 TestPreparingURLs.test_json_decode_compatibility|  
 []


Overfull \hbox (368.86217pt too wide) in paragraph at lines 579--579
[]|\TU/Consolas(0)/m/n/10 TestPreparingURLs.test_different_connection_pool_for_
tls_settings_verify_bundle_unexpired_cert|  
 []


Overfull \hbox (49.97545pt too wide) in paragraph at lines 580--580
[]|\TU/Consolas(0)/m/n/10 test_proxy_env_vars_override_default|  
 []


Overfull \hbox (44.4774pt too wide) in paragraph at lines 581--581
[]|\TU/Consolas(0)/m/n/10 test_urllib3_pool_connection_closed|  
 []


Overfull \hbox (27.98326pt too wide) in paragraph at lines 583--583
[]|\TU/Consolas(0)/m/n/10 TestRequests.test_basic_building|  
 []


Overfull \hbox (77.46568pt too wide) in paragraph at lines 584--584
[]|\TU/Consolas(0)/m/n/10 TestRequests.test_override_content_length|  
 []


Overfull \hbox (99.45787pt too wide) in paragraph at lines 585--585
[]|\TU/Consolas(0)/m/n/10 TestRequests.test_HTTP_200_OK_GET_WITH_PARAMS|  
 []


Overfull \hbox (82.96373pt too wide) in paragraph at lines 586--586
[]|\TU/Consolas(0)/m/n/10 TestRequests.test_cookie_removed_on_expire|  
 []


Overfull \hbox (77.46568pt too wide) in paragraph at lines 587--587
[]|\TU/Consolas(0)/m/n/10 TestRequests.test_cookie_persists_via_api|  
 []


Overfull \hbox (165.43443pt too wide) in paragraph at lines 588--588
[]|\TU/Consolas(0)/m/n/10 TestRequests.test_request_cookie_overrides_session_co
okie|  
 []


Overfull \hbox (77.46568pt too wide) in paragraph at lines 589--589
[]|\TU/Consolas(0)/m/n/10 TestRequests.test_generic_cookiejar_works|  
 []


Overfull \hbox (126.9481pt too wide) in paragraph at lines 590--590
[]|\TU/Consolas(0)/m/n/10 TestRequests.test_DIGEST_AUTH_SETS_SESSION_COOKIES|  

 []


Overfull \hbox (99.45787pt too wide) in paragraph at lines 591--591
[]|\TU/Consolas(0)/m/n/10 TestRequests.test_DIGESTAUTH_QUOTES_QOP_VALUE|  
 []


Overfull \hbox (55.4735pt too wide) in paragraph at lines 592--592
[]|\TU/Consolas(0)/m/n/10 TestRequests.test_invalid_files_input|  
 []


Overfull \hbox (110.45396pt too wide) in paragraph at lines 593--593
[]|\TU/Consolas(0)/m/n/10 TestRequests.test_invalid_ssl_certificate_files|  
 []


Overfull \hbox (159.93639pt too wide) in paragraph at lines 594--594
[]|\TU/Consolas(0)/m/n/10 TestRequests.test_urlencoded_get_query_multivalued_pa
ram|  
 []


Overfull \hbox (132.44615pt too wide) in paragraph at lines 595--595
[]|\TU/Consolas(0)/m/n/10 TestRequests.test_unicode_multipart_post_fieldnames| 
 
 []


Overfull \hbox (55.4735pt too wide) in paragraph at lines 596--596
[]|\TU/Consolas(0)/m/n/10 TestRequests.test_custom_content_type|  
 []


Overfull \hbox (192.92467pt too wide) in paragraph at lines 597--597
[]|\TU/Consolas(0)/m/n/10 TestRequests.test_session_hooks_are_used_with_no_requ
est_hooks|  
 []


Overfull \hbox (198.42271pt too wide) in paragraph at lines 598--598
[]|\TU/Consolas(0)/m/n/10 TestRequests.test_session_hooks_are_overridden_by_req
uest_hooks|  
 []


Overfull \hbox (66.46959pt too wide) in paragraph at lines 599--599
[]|\TU/Consolas(0)/m/n/10 TestRequests.test_prepared_from_session|  
 []


Overfull \hbox (55.4735pt too wide) in paragraph at lines 600--600
[]|\TU/Consolas(0)/m/n/10 TestRequests.test_cookie_as_dict_keys|  
 []


Overfull \hbox (66.46959pt too wide) in paragraph at lines 601--601
[]|\TU/Consolas(0)/m/n/10 TestRequests.test_cookie_as_dict_values|  
 []


Overfull \hbox (60.97154pt too wide) in paragraph at lines 602--602
[]|\TU/Consolas(0)/m/n/10 TestRequests.test_cookie_as_dict_items|  
 []


Overfull \hbox (77.46568pt too wide) in paragraph at lines 603--603
[]|\TU/Consolas(0)/m/n/10 TestRequests.test_response_decode_unicode|  
 []


Overfull \hbox (82.96373pt too wide) in paragraph at lines 604--604
[]|\TU/Consolas(0)/m/n/10 TestRequests.test_response_chunk_size_type|  
 []


Overfull \hbox (0.33217pt too wide) in alignment at lines 405--605
 [] [] [] [] [] 
 []

[4] [5] [6] [7] [8] [9] [10] [11] [12] [13] [14]
Overfull \hbox (88.46178pt too wide) in paragraph at lines 605--605
[]|\TU/Consolas(0)/m/n/10 TestRequests.test_uppercase_scheme_redirect|  
 []


Overfull \hbox (71.96764pt too wide) in paragraph at lines 606--606
[]|\TU/Consolas(0)/m/n/10 TestRequests.test_header_keys_are_native|  
 []


Overfull \hbox (44.4774pt too wide) in paragraph at lines 607--607
[]|\TU/Consolas(0)/m/n/10 TestRequests.test_header_validation|  
 []


Overfull \hbox (121.45006pt too wide) in paragraph at lines 608--608
[]|\TU/Consolas(0)/m/n/10 TestRequests.test_nonhttp_schemes_dont_check_URLs|  
 []


Overfull \hbox (137.9442pt too wide) in paragraph at lines 609--609
[]|\TU/Consolas(0)/m/n/10 TestRequests.test_auth_is_stripped_on_http_downgrade|
  
 []


Overfull \hbox (55.4735pt too wide) in paragraph at lines 610--610
[]|\TU/Consolas(0)/m/n/10 TestRequests.test_rewind_body_no_seek|  
 []


Overfull \hbox (77.46568pt too wide) in paragraph at lines 611--611
[]|\TU/Consolas(0)/m/n/10 TestRequests.test_rewind_body_failed_seek|  
 []


Overfull \hbox (77.46568pt too wide) in paragraph at lines 612--612
[]|\TU/Consolas(0)/m/n/10 TestRequests.test_rewind_body_failed_tell|  
 []


Overfull \hbox (121.45006pt too wide) in paragraph at lines 613--613
[]|\TU/Consolas(0)/m/n/10 TestRequests.test_basic_auth_str_is_always_native|  
 []


Overfull \hbox (88.46178pt too wide) in paragraph at lines 614--614
[]|\TU/Consolas(0)/m/n/10 TestRequests.test_requests_history_is_saved|  
 []


Overfull \hbox (55.4735pt too wide) in paragraph at lines 615--615
[]|\TU/Consolas(0)/m/n/10 TestRequests.test_response_iter_lines|  
 []


Overfull \hbox (82.96373pt too wide) in paragraph at lines 616--616
[]|\TU/Consolas(0)/m/n/10 TestRequests.test_response_context_manager|  
 []


Overfull \hbox (198.42271pt too wide) in paragraph at lines 617--617
[]|\TU/Consolas(0)/m/n/10 TestRequests.test_unconsumed_session_response_closes_
connection|  
 []


Overfull \hbox (110.45396pt too wide) in paragraph at lines 618--618
[]|\TU/Consolas(0)/m/n/10 TestRequests.test_response_iter_lines_reentrant|  
 []


Overfull \hbox (110.45396pt too wide) in paragraph at lines 619--619
[]|\TU/Consolas(0)/m/n/10 TestRequests.test_response_without_release_conn|  
 []


Overfull \hbox (264.39928pt too wide) in paragraph at lines 620--620
[]|\TU/Consolas(0)/m/n/10 TestRequests.test_empty_stream_with_auth_does_not_set
_content_length_header|  
 []


Overfull \hbox (247.90514pt too wide) in paragraph at lines 621--621
[]|\TU/Consolas(0)/m/n/10 TestRequests.test_stream_with_auth_does_not_set_trans
fer_encoding_header|  
 []


Overfull \hbox (104.95592pt too wide) in paragraph at lines 622--622
[]|\TU/Consolas(0)/m/n/10 TestCaseInsensitiveDict.test_docstring_example|  
 []


Overfull \hbox (49.97545pt too wide) in paragraph at lines 623--623
[]|\TU/Consolas(0)/m/n/10 TestCaseInsensitiveDict.test_getitem|  
 []


Overfull \hbox (49.97545pt too wide) in paragraph at lines 624--624
[]|\TU/Consolas(0)/m/n/10 TestCaseInsensitiveDict.test_delitem|  
 []


Overfull \hbox (66.46959pt too wide) in paragraph at lines 625--625
[]|\TU/Consolas(0)/m/n/10 TestCaseInsensitiveDict.test_setdefault|  
 []


Overfull \hbox (71.96764pt too wide) in paragraph at lines 626--626
[]|\TU/Consolas(0)/m/n/10 TestCaseInsensitiveDict.test_lower_items|  
 []


Overfull \hbox (33.48131pt too wide) in paragraph at lines 627--627
[]|\TU/Consolas(0)/m/n/10 TestCaseInsensitiveDict.test_copy|  
 []


Overfull \hbox (22.48521pt too wide) in paragraph at lines 631--631
[]|\TU/Consolas(0)/m/n/10 TestTimeout.test_stream_timeout|  
 []


Overfull \hbox (275.39537pt too wide) in paragraph at lines 633--633
[]|\TU/Consolas(0)/m/n/10 TestPreparingURLs.test_different_connection_pool_for_
tls_settings_verify_True|  
 []


Overfull \hbox (357.86607pt too wide) in paragraph at lines 634--634
[]|\TU/Consolas(0)/m/n/10 TestPreparingURLs.test_different_connection_pool_for_
tls_settings_verify_bundle_expired_cert|  
 []


Overfull \hbox (214.91685pt too wide) in paragraph at lines 635--635
[]|\TU/Consolas(0)/m/n/10 TestPreparingURLs.test_different_connection_pool_for_
mtls_settings|  
 []


Overfull \hbox (33.48131pt too wide) in paragraph at lines 637--637
[]|\TU/Consolas(0)/m/n/10 test_data_argument_accepts_tuples|  
 []


Overfull \hbox (154.43834pt too wide) in paragraph at lines 638--638
[]|\TU/Consolas(0)/m/n/10 test_json_decode_errors_are_serializable_deserializab
le|  
 []


Overfull \hbox (44.4774pt too wide) in paragraph at lines 639--639
[]|\TU/Consolas(0)/m/n/10 TestRequests.test_no_content_length|  
 []


Overfull \hbox (71.96764pt too wide) in paragraph at lines 640--640
[]|\TU/Consolas(0)/m/n/10 TestRequests.test_no_body_content_length|  
 []


Overfull \hbox (60.97154pt too wide) in paragraph at lines 641--641
[]|\TU/Consolas(0)/m/n/10 TestRequests.test_empty_content_length|  
 []


Overfull \hbox (93.95982pt too wide) in paragraph at lines 642--642
[]|\TU/Consolas(0)/m/n/10 TestRequests.test_path_is_not_double_encoded|  
 []


Overfull \hbox (126.9481pt too wide) in paragraph at lines 643--643
[]|\TU/Consolas(0)/m/n/10 TestRequests.test_params_are_added_before_fragment|  

 []


Overfull \hbox (198.42271pt too wide) in paragraph at lines 644--644
[]|\TU/Consolas(0)/m/n/10 TestRequests.test_params_original_order_is_preserved_
by_default|  
 []


Overfull \hbox (82.96373pt too wide) in paragraph at lines 645--645
[]|\TU/Consolas(0)/m/n/10 TestRequests.test_params_bytes_are_encoded|  
 []


Overfull \hbox (5.99107pt too wide) in paragraph at lines 646--646
[]|\TU/Consolas(0)/m/n/10 TestRequests.test_binary_put|  
 []


Overfull \hbox (126.9481pt too wide) in paragraph at lines 647--647
[]|\TU/Consolas(0)/m/n/10 TestRequests.test_whitespaces_are_removed_from_url|  

 []


Overfull \hbox (104.95592pt too wide) in paragraph at lines 648--648
[]|\TU/Consolas(0)/m/n/10 TestRequests.test_mixed_case_scheme_acceptable|  
 []


Overfull \hbox (99.45787pt too wide) in paragraph at lines 649--649
[]|\TU/Consolas(0)/m/n/10 TestRequests.test_HTTP_200_OK_GET_ALTERNATIVE|  
 []


Overfull \hbox (132.44615pt too wide) in paragraph at lines 650--650
[]|\TU/Consolas(0)/m/n/10 TestRequests.test_HTTP_200_OK_GET_WITH_MIXED_PARAMS| 
 
 []


Overfull \hbox (44.4774pt too wide) in paragraph at lines 651--651
[]|\TU/Consolas(0)/m/n/10 TestRequests.test_set_cookie_on_301|  
 []


Overfull \hbox (77.46568pt too wide) in paragraph at lines 652--652
[]|\TU/Consolas(0)/m/n/10 TestRequests.test_cookie_sent_on_redirect|  
 []


Overfull \hbox (60.97154pt too wide) in paragraph at lines 653--653
[]|\TU/Consolas(0)/m/n/10 TestRequests.test_cookie_quote_wrapped|  
 []


Overfull \hbox (110.45396pt too wide) in paragraph at lines 654--654
[]|\TU/Consolas(0)/m/n/10 TestRequests.test_request_cookies_not_persisted|  
 []


Overfull \hbox (66.46959pt too wide) in paragraph at lines 655--655
[]|\TU/Consolas(0)/m/n/10 TestRequests.test_param_cookiejar_works|  
 []


Overfull \hbox (176.43053pt too wide) in paragraph at lines 656--656
[]|\TU/Consolas(0)/m/n/10 TestRequests.test_headers_on_session_with_None_are_no
t_sent|  
 []


Overfull \hbox (60.97154pt too wide) in paragraph at lines 657--657
[]|\TU/Consolas(0)/m/n/10 TestRequests.test_user_agent_transfers|  
 []


Overfull \hbox (38.97935pt too wide) in paragraph at lines 658--658
[]|\TU/Consolas(0)/m/n/10 TestRequests.test_HTTP_200_OK_HEAD|  
 []


Overfull \hbox (33.48131pt too wide) in paragraph at lines 659--659
[]|\TU/Consolas(0)/m/n/10 TestRequests.test_HTTP_200_OK_PUT|  
 []


Overfull \hbox (22.48521pt too wide) in paragraph at lines 660--660
[]|\TU/Consolas(0)/m/n/10 TestRequests.test_set_basicauth|  
 []


Overfull \hbox (115.95201pt too wide) in paragraph at lines 661--661
[]|\TU/Consolas(0)/m/n/10 TestRequests.test_basicauth_encodes_byte_strings|  
 []


Overfull \hbox (170.93248pt too wide) in paragraph at lines 662--662
[]|\TU/Consolas(0)/m/n/10 TestRequests.test_proxy_authorization_preserved_on_re
quest|  
 []


Overfull \hbox (220.4149pt too wide) in paragraph at lines 663--663
[]|\TU/Consolas(0)/m/n/10 TestRequests.test_proxy_authorization_not_appended_to
_https_request|  
 []


Overfull \hbox (82.96373pt too wide) in paragraph at lines 664--664
[]|\TU/Consolas(0)/m/n/10 TestRequests.test_post_with_custom_mapping|  
 []


Overfull \hbox (27.98326pt too wide) in paragraph at lines 665--665
[]|\TU/Consolas(0)/m/n/10 TestRequests.test_request_ok_set|  
 []


Overfull \hbox (27.98326pt too wide) in paragraph at lines 666--666
[]|\TU/Consolas(0)/m/n/10 TestRequests.test_status_raising|  
 []


Overfull \hbox (99.45787pt too wide) in paragraph at lines 667--667
[]|\TU/Consolas(0)/m/n/10 TestRequests.test_invalid_ca_certificate_path|  
 []


Overfull \hbox (38.97935pt too wide) in paragraph at lines 668--668
[]|\TU/Consolas(0)/m/n/10 TestRequests.test_env_cert_bundles|  
 []


Overfull \hbox (66.46959pt too wide) in paragraph at lines 669--669
[]|\TU/Consolas(0)/m/n/10 TestRequests.test_http_with_certificate|  
 []


Overfull \hbox (187.42662pt too wide) in paragraph at lines 670--670
[]|\TU/Consolas(0)/m/n/10 TestRequests.test_form_encoded_post_query_multivalued
_element|  
 []


Overfull \hbox (143.44225pt too wide) in paragraph at lines 671--671
[]|\TU/Consolas(0)/m/n/10 TestRequests.test_different_encodings_dont_break_post
|  
 []


Overfull \hbox (71.96764pt too wide) in paragraph at lines 672--672
[]|\TU/Consolas(0)/m/n/10 TestRequests.test_unicode_multipart_post|  
 []


Overfull \hbox (55.4735pt too wide) in paragraph at lines 673--673
[]|\TU/Consolas(0)/m/n/10 TestRequests.test_unicode_method_name|  
 []


Overfull \hbox (93.95982pt too wide) in paragraph at lines 674--674
[]|\TU/Consolas(0)/m/n/10 TestRequests.test_non_prepared_request_error|  
 []


Overfull \hbox (66.46959pt too wide) in paragraph at lines 675--675
[]|\TU/Consolas(0)/m/n/10 TestRequests.test_prepared_request_hook|  
 []


Overfull \hbox (143.44225pt too wide) in paragraph at lines 676--676
[]|\TU/Consolas(0)/m/n/10 TestRequests.test_prepare_request_with_bytestring_url
|  
 []


Overfull \hbox (104.95592pt too wide) in paragraph at lines 677--677
[]|\TU/Consolas(0)/m/n/10 TestRequests.test_request_with_bytestring_host|  
 []


Overfull \hbox (49.97545pt too wide) in paragraph at lines 679--679
[]|\TU/Consolas(0)/m/n/10 TestRequests.test_cookie_policy_copy|  
 []


Overfull \hbox (49.97545pt too wide) in paragraph at lines 680--680
[]|\TU/Consolas(0)/m/n/10 TestRequests.test_time_elapsed_blank|  
 []


Overfull \hbox (121.45006pt too wide) in paragraph at lines 681--681
[]|\TU/Consolas(0)/m/n/10 TestRequests.test_empty_response_has_content_none|  
 []


Overfull \hbox (60.97154pt too wide) in paragraph at lines 682--682
[]|\TU/Consolas(0)/m/n/10 TestRequests.test_response_is_iterable|  
 []


Overfull \hbox (77.46568pt too wide) in paragraph at lines 683--683
[]|\TU/Consolas(0)/m/n/10 TestRequests.test_response_reason_unicode|  
 []


Overfull \hbox (126.9481pt too wide) in paragraph at lines 684--684
[]|\TU/Consolas(0)/m/n/10 TestRequests.test_response_reason_unicode_fallback|  

 []


Overfull \hbox (38.97935pt too wide) in paragraph at lines 685--685
[]|\TU/Consolas(0)/m/n/10 TestRequests.test_session_pickling|  
 []


Overfull \hbox (203.92076pt too wide) in paragraph at lines 686--686
[]|\TU/Consolas(0)/m/n/10 TestRequests.test_session_get_adapter_prefix_matching
_mixed_case|  
 []


Overfull \hbox (253.40318pt too wide) in paragraph at lines 687--687
[]|\TU/Consolas(0)/m/n/10 TestRequests.test_session_get_adapter_prefix_matching
_is_case_insensitive|  
 []


Overfull \hbox (132.44615pt too wide) in paragraph at lines 688--688
[]|\TU/Consolas(0)/m/n/10 TestRequests.test_header_remove_is_case_insensitive| 
 
 []


Overfull \hbox (126.9481pt too wide) in paragraph at lines 689--689
[]|\TU/Consolas(0)/m/n/10 TestRequests.test_params_are_merged_case_sensitive|  

 []


Overfull \hbox (60.97154pt too wide) in paragraph at lines 690--690
[]|\TU/Consolas(0)/m/n/10 TestRequests.test_long_authinfo_in_url|  
 []


Overfull \hbox (60.97154pt too wide) in paragraph at lines 691--691
[]|\TU/Consolas(0)/m/n/10 TestRequests.test_header_value_not_str|  
 []


Overfull \hbox (99.45787pt too wide) in paragraph at lines 692--692
[]|\TU/Consolas(0)/m/n/10 TestRequests.test_can_send_objects_with_files|  
 []


Overfull \hbox (198.42271pt too wide) in paragraph at lines 693--693
[]|\TU/Consolas(0)/m/n/10 TestRequests.test_can_send_file_object_with_non_strin
g_filename|  
 []


Overfull \hbox (126.9481pt too wide) in paragraph at lines 694--694
[]|\TU/Consolas(0)/m/n/10 TestRequests.test_autoset_header_values_are_native|  

 []


Overfull \hbox (110.45396pt too wide) in paragraph at lines 695--695
[]|\TU/Consolas(0)/m/n/10 TestRequests.test_content_length_for_bytes_data|  
 []


Overfull \hbox (187.42662pt too wide) in paragraph at lines 696--696
[]|\TU/Consolas(0)/m/n/10 TestRequests.test_content_length_for_string_data_coun
ts_bytes|  
 []


Overfull \hbox (154.43834pt too wide) in paragraph at lines 697--697
[]|\TU/Consolas(0)/m/n/10 TestRequests.test_auth_is_retained_for_redirect_on_ho
st|  
 []


Overfull \hbox (110.45396pt too wide) in paragraph at lines 698--698
[]|\TU/Consolas(0)/m/n/10 TestRequests.test_should_strip_auth_host_change|  
 []


Overfull \hbox (126.9481pt too wide) in paragraph at lines 699--699
[]|\TU/Consolas(0)/m/n/10 TestRequests.test_should_strip_auth_http_downgrade|  

 []


Overfull \hbox (110.45396pt too wide) in paragraph at lines 700--700
[]|\TU/Consolas(0)/m/n/10 TestRequests.test_should_strip_auth_port_change|  
 []


Overfull \hbox (115.95201pt too wide) in paragraph at lines 701--701
[]|\TU/Consolas(0)/m/n/10 TestRequests.test_should_strip_auth_default_port|  
 []


Overfull \hbox (126.9481pt too wide) in paragraph at lines 702--702
[]|\TU/Consolas(0)/m/n/10 TestRequests.test_prepare_body_position_non_stream|  

 []


Overfull \hbox (203.92076pt too wide) in paragraph at lines 703--703
[]|\TU/Consolas(0)/m/n/10 TestRequests.test_json_param_post_should_not_override
_data_param|  
 []


Overfull \hbox (5.99107pt too wide) in paragraph at lines 704--704
[]|\TU/Consolas(0)/m/n/10 TestRequests.test_proxy_auth|  
 []


Overfull \hbox (66.46959pt too wide) in paragraph at lines 705--705
[]|\TU/Consolas(0)/m/n/10 TestRequests.test_proxy_auth_empty_pass|  
 []


Overfull \hbox (137.9442pt too wide) in paragraph at lines 706--706
[]|\TU/Consolas(0)/m/n/10 TestRequests.test_response_json_when_content_is_None|
  
 []


Overfull \hbox (27.98326pt too wide) in paragraph at lines 707--707
[]|\TU/Consolas(0)/m/n/10 TestCaseInsensitiveDict.test_len|  
 []


Overfull \hbox (143.44225pt too wide) in paragraph at lines 708--708
[]|\TU/Consolas(0)/m/n/10 TestCaseInsensitiveDict.test_update_retains_unchanged
|  
 []


Overfull \hbox (33.48131pt too wide) in paragraph at lines 709--709
[]|\TU/Consolas(0)/m/n/10 TestCaseInsensitiveDict.test_iter|  
 []


Overfull \hbox (115.95201pt too wide) in paragraph at lines 710--710
[]|\TU/Consolas(0)/m/n/10 TestMorselToCookieExpires.test_expires_valid_str|  
 []


Overfull \hbox (88.46178pt too wide) in paragraph at lines 711--711
[]|\TU/Consolas(0)/m/n/10 TestMorselToCookieExpires.test_expires_none|  
 []


Overfull \hbox (110.45396pt too wide) in paragraph at lines 712--712
[]|\TU/Consolas(0)/m/n/10 TestMorselToCookieMaxAge.test_max_age_valid_int|  
 []


Overfull \hbox (27.98326pt too wide) in paragraph at lines 713--713
[]|\TU/Consolas(0)/m/n/10 TestTimeout.test_invalid_timeout|  
 []


Overfull \hbox (11.48912pt too wide) in paragraph at lines 714--714
[]|\TU/Consolas(0)/m/n/10 TestTimeout.test_none_timeout|  
 []


Overfull \hbox (11.48912pt too wide) in paragraph at lines 715--715
[]|\TU/Consolas(0)/m/n/10 TestTimeout.test_read_timeout|  
 []


Overfull \hbox (60.97154pt too wide) in paragraph at lines 716--716
[]|\TU/Consolas(0)/m/n/10 TestTimeout.test_total_timeout_connect|  
 []


Overfull \hbox (27.98326pt too wide) in paragraph at lines 717--717
[]|\TU/Consolas(0)/m/n/10 TestTimeout.test_encoded_methods|  
 []


Overfull \hbox (16.98717pt too wide) in paragraph at lines 719--719
[]|\TU/Consolas(0)/m/n/10 RedirectSession.build_response|  
 []


Overfull \hbox (49.97545pt too wide) in paragraph at lines 720--720
[]|\TU/Consolas(0)/m/n/10 TestPreparingURLs.test_preparing_url|  
 []


Overfull \hbox (44.4774pt too wide) in paragraph at lines 721--721
[]|\TU/Consolas(0)/m/n/10 TestPreparingURLs.test_url_mutation|  
 []


Overfull \hbox (165.43443pt too wide) in paragraph at lines 722--722
[]|\TU/Consolas(0)/m/n/10 TestPreparingURLs.test_parameters_for_nonstandard_sch
emes|  
 []


Overfull \hbox (137.9442pt too wide) in paragraph at lines 723--723
[]|\TU/Consolas(0)/m/n/10 TestPreparingURLs.test_json_decode_persists_doc_attr|
  
 []


Overfull \hbox (16.98717pt too wide) in paragraph at lines 725--725
[]|\TU/Consolas(0)/m/n/10 TestRequests.test_entry_points|  
 []


Overfull \hbox (11.48912pt too wide) in paragraph at lines 726--726
[]|\TU/Consolas(0)/m/n/10 TestRequests.test_invalid_url|  
 []


Overfull \hbox (11.48912pt too wide) in paragraph at lines 728--728
[]|\TU/Consolas(0)/m/n/10 TestRequests.test_proxy_error|  
 []


Overfull \hbox (71.96764pt too wide) in paragraph at lines 729--729
[]|\TU/Consolas(0)/m/n/10 TestRequests.test_proxy_error_on_bad_url|  
 []


Overfull \hbox (209.41881pt too wide) in paragraph at lines 730--730
[]|\TU/Consolas(0)/m/n/10 TestRequests.test_respect_proxy_env_on_send_self_prep
ared_request|  
 []


Overfull \hbox (225.91295pt too wide) in paragraph at lines 731--731
[]|\TU/Consolas(0)/m/n/10 TestRequests.test_respect_proxy_env_on_send_session_p
repared_request|  
 []


Overfull \hbox (170.93248pt too wide) in paragraph at lines 732--732
[]|\TU/Consolas(0)/m/n/10 TestRequests.test_respect_proxy_env_on_send_with_redi
rects|  
 []


Overfull \hbox (82.96373pt too wide) in paragraph at lines 733--733
[]|\TU/Consolas(0)/m/n/10 TestRequests.test_respect_proxy_env_on_get|  
 []


Overfull \hbox (104.95592pt too wide) in paragraph at lines 734--734
[]|\TU/Consolas(0)/m/n/10 TestRequests.test_respect_proxy_env_on_request|  
 []


Overfull \hbox (77.46568pt too wide) in paragraph at lines 735--735
[]|\TU/Consolas(0)/m/n/10 TestRequests.test_conflicting_post_params|  
 []


Overfull \hbox (33.48131pt too wide) in paragraph at lines 736--736
[]|\TU/Consolas(0)/m/n/10 TestRequests.test_decompress_gzip|  
 []


Overfull \hbox (11.48912pt too wide) in paragraph at lines 737--737
[]|\TU/Consolas(0)/m/n/10 TestRequests.test_unicode_get|  
 []


Overfull \hbox (55.4735pt too wide) in paragraph at lines 738--738
[]|\TU/Consolas(0)/m/n/10 TestRequests.test_unicode_header_name|  
 []


Overfull \hbox (49.97545pt too wide) in paragraph at lines 739--739
[]|\TU/Consolas(0)/m/n/10 TestRequests.test_pyopenssl_redirect|  
 []


Overfull \hbox (55.4735pt too wide) in paragraph at lines 740--740
[]|\TU/Consolas(0)/m/n/10 TestRequests.test_certificate_failure|  
 []


Overfull \hbox (121.45006pt too wide) in paragraph at lines 741--741
[]|\TU/Consolas(0)/m/n/10 TestRequests.test_hook_receives_request_arguments|  
 []


Overfull \hbox (231.411pt too wide) in paragraph at lines 742--742
[]|\TU/Consolas(0)/m/n/10 TestRequests.test_cookie_duplicate_names_raises_cooki
e_conflict_error|  
 []


Overfull \hbox (110.45396pt too wide) in paragraph at lines 743--743
[]|\TU/Consolas(0)/m/n/10 TestRequests.test_iter_content_wraps_exceptions|  
 []


Overfull \hbox (121.45006pt too wide) in paragraph at lines 744--744
[]|\TU/Consolas(0)/m/n/10 TestRequests.test_cannot_send_unprepared_requests|  
 []


Overfull \hbox (71.96764pt too wide) in paragraph at lines 745--745
[]|\TU/Consolas(0)/m/n/10 TestRequests.test_header_no_return_chars|  
 []


Overfull \hbox (77.46568pt too wide) in paragraph at lines 746--746
[]|\TU/Consolas(0)/m/n/10 TestRequests.test_header_no_leading_space|  
 []


Overfull \hbox (93.95982pt too wide) in paragraph at lines 747--747
[]|\TU/Consolas(0)/m/n/10 TestRequests._patch_adapter_gzipped_redirect|  
 []


Overfull \hbox (137.9442pt too wide) in paragraph at lines 748--748
[]|\TU/Consolas(0)/m/n/10 TestRequests.test_redirect_with_wrong_gzipped_header|
  
 []


Overfull \hbox (88.46178pt too wide) in paragraph at lines 749--749
[]|\TU/Consolas(0)/m/n/10 TestRequests.test_session_close_proxy_clear|  
 []


Overfull \hbox (126.9481pt too wide) in paragraph at lines 750--750
[]|\TU/Consolas(0)/m/n/10 TestMorselToCookieExpires.test_expires_invalid_int|  

 []


Overfull \hbox (121.45006pt too wide) in paragraph at lines 751--751
[]|\TU/Consolas(0)/m/n/10 TestMorselToCookieMaxAge.test_max_age_invalid_str|  
 []


Overfull \hbox (71.96764pt too wide) in paragraph at lines 755--755
[]|\TU/Consolas(0)/m/n/10 TestPreparingURLs.test_preparing_bad_url|  
 []


Overfull \hbox (99.45787pt too wide) in paragraph at lines 756--756
[]|\TU/Consolas(0)/m/n/10 TestPreparingURLs.test_redirecting_to_bad_url|  
 []


Overfull \hbox (49.97545pt too wide) in paragraph at lines 757--757
[]|\TU/Consolas(0)/m/n/10 TestPreparingURLs.test_post_json_nan|  
 []


Overfull \hbox (33.48131pt too wide) in paragraph at lines 759--759
[]|\TU/Consolas(0)/m/n/10 TestCaseInsensitiveDict.test_copy|  
 []


Overfull \hbox (33.48131pt too wide) in paragraph at lines 761--761
[]|\TU/Consolas(0)/m/n/10 TestCaseInsensitiveDict.test_list|  
 []


Overfull \hbox (49.97545pt too wide) in paragraph at lines 762--762
[]|\TU/Consolas(0)/m/n/10 TestCaseInsensitiveDict.test_getitem|  
 []


Overfull \hbox (49.97545pt too wide) in paragraph at lines 763--763
[]|\TU/Consolas(0)/m/n/10 TestCaseInsensitiveDict.test_delitem|  
 []


Overfull \hbox (71.96764pt too wide) in paragraph at lines 764--764
[]|\TU/Consolas(0)/m/n/10 TestCaseInsensitiveDict.test_lower_items|  
 []


Overfull \hbox (33.48131pt too wide) in paragraph at lines 765--765
[]|\TU/Consolas(0)/m/n/10 TestCaseInsensitiveDict.test_repr|  
 []


Overfull \hbox (104.95592pt too wide) in paragraph at lines 766--766
[]|\TU/Consolas(0)/m/n/10 TestCaseInsensitiveDict.test_instance_equality|  
 []


Overfull \hbox (11.48912pt too wide) in paragraph at lines 770--770
[]|\TU/Consolas(0)/m/n/10 TestCaseInsensitiveDict.setup|  
 []


Overfull \hbox (33.48131pt too wide) in paragraph at lines 772--772
[]|\TU/Consolas(0)/m/n/10 TestTestServer.test_text_response|  
 []


Overfull \hbox (38.97935pt too wide) in paragraph at lines 773--773
[]|\TU/Consolas(0)/m/n/10 TestTestServer.test_basic_response|  
 []


Overfull \hbox (55.4735pt too wide) in paragraph at lines 775--775
[]|\TU/Consolas(0)/m/n/10 TestTestServer.test_multiple_requests|  
 []


Overfull \hbox (49.97545pt too wide) in paragraph at lines 776--776
[]|\TU/Consolas(0)/m/n/10 TestTestServer.test_request_recovery|  
 []


Overfull \hbox (176.43053pt too wide) in paragraph at lines 778--778
[]|\TU/Consolas(0)/m/n/10 TestTestServer.test_requests_after_timeout_are_not_re
ceived|  
 []


Overfull \hbox (159.93639pt too wide) in paragraph at lines 779--779
[]|\TU/Consolas(0)/m/n/10 TestTestServer.test_request_recovery_with_bigger_time
out|  
 []


Overfull \hbox (93.95982pt too wide) in paragraph at lines 780--780
[]|\TU/Consolas(0)/m/n/10 TestTestServer.test_server_finishes_on_error|  
 []


Overfull \hbox (154.43834pt too wide) in paragraph at lines 781--781
[]|\TU/Consolas(0)/m/n/10 TestTestServer.test_server_finishes_when_no_connectio
ns|  
 []


Overfull \hbox (33.48131pt too wide) in paragraph at lines 782--782
[]|\TU/Consolas(0)/m/n/10 TestTestServer.test_server_closes|  
 []


Overfull \hbox (71.96764pt too wide) in paragraph at lines 783--783
[]|\TU/Consolas(0)/m/n/10 TestTestServer.test_basic_waiting_server|  
 []


Overfull \hbox (126.9481pt too wide) in paragraph at lines 787--787
[]|\TU/Consolas(0)/m/n/10 TestExtractZippedPaths.test_zipped_paths_extracted|  

 []


Overfull \hbox (66.46959pt too wide) in paragraph at lines 789--789
[]|\TU/Consolas(0)/m/n/10 test_should_bypass_proxies_win_registry|  
 []


Overfull \hbox (5.99107pt too wide) in paragraph at lines 792--792
[]|\TU/Consolas(0)/m/n/10 TestSuperLen.test_io_streams|  
 []


Overfull \hbox (55.4735pt too wide) in paragraph at lines 794--794
[]|\TU/Consolas(0)/m/n/10 TestSuperLen.test_super_len_with_tell|  
 []


Overfull \hbox (88.46178pt too wide) in paragraph at lines 801--801
[]|\TU/Consolas(0)/m/n/10 TestGuessFilename.test_guess_filename_valid|  
 []


Overfull \hbox (5.99107pt too wide) in paragraph at lines 802--802
[]|\TU/Consolas(0)/m/n/10 TestContentEncodingDetection|  
 []


Overfull \hbox (77.46568pt too wide) in paragraph at lines 803--803
[]|\TU/Consolas(0)/m/n/10 TestContentEncodingDetection.test_pragmas|  
 []


Overfull \hbox (0.33217pt too wide) in alignment at lines 605--805
 [] [] [] [] [] 
 []

[15] [16] [17] [18] [19] [20] [21] [22] [23] [24] [25] [26]
Overfull \hbox (66.46959pt too wide) in paragraph at lines 806--806
[]|\TU/Consolas(0)/m/n/10 test_requote_uri_with_unquoted_percents|  
 []


Overfull \hbox (22.48521pt too wide) in paragraph at lines 811--811
[]|\TU/Consolas(0)/m/n/10 test__parse_content_type_header|  
 []


Overfull \hbox (16.98717pt too wide) in paragraph at lines 812--812
[]|\TU/Consolas(0)/m/n/10 test_get_encoding_from_headers|  
 []


Overfull \hbox (11.48912pt too wide) in paragraph at lines 814--814
[]|\TU/Consolas(0)/m/n/10 test_prepend_scheme_if_needed|  
 []


Overfull \hbox (44.4774pt too wide) in paragraph at lines 819--819
[]|\TU/Consolas(0)/m/n/10 test_should_bypass_proxies_no_proxy|  
 []


Overfull \hbox (126.9481pt too wide) in paragraph at lines 820--820
[]|\TU/Consolas(0)/m/n/10 test_should_bypass_proxies_win_registry_bad_values|  

 []


Overfull \hbox (33.48131pt too wide) in paragraph at lines 821--821
[]|\TU/Consolas(0)/m/n/10 test_set_environ_raises_exception|  
 []


Overfull \hbox (176.43053pt too wide) in paragraph at lines 822--822
[]|\TU/Consolas(0)/m/n/10 test_should_bypass_proxies_win_registry_ProxyOverride
_value|  
 []


Overfull \hbox (264.39928pt too wide) in paragraph at lines 823--823
[]|\TU/Consolas(0)/m/n/10 TestSuperLen.test_super_len_correctly_calculates_len_
of_partially_read_file|  
 []


Overfull \hbox (236.90904pt too wide) in paragraph at lines 824--824
[]|\TU/Consolas(0)/m/n/10 TestSuperLen.test_super_len_handles_files_raising_wei
rd_errors_in_tell|  
 []


Overfull \hbox (71.96764pt too wide) in paragraph at lines 825--825
[]|\TU/Consolas(0)/m/n/10 TestSuperLen.test_super_len_tell_ioerror|  
 []


Overfull \hbox (27.98326pt too wide) in paragraph at lines 827--827
[]|\TU/Consolas(0)/m/n/10 TestSuperLen.test_tarfile_member|  
 []


Overfull \hbox (66.46959pt too wide) in paragraph at lines 828--828
[]|\TU/Consolas(0)/m/n/10 TestSuperLen.test_super_len_with__len__|  
 []


Overfull \hbox (82.96373pt too wide) in paragraph at lines 829--829
[]|\TU/Consolas(0)/m/n/10 TestSuperLen.test_super_len_with_no__len__|  
 []


Overfull \hbox (66.46959pt too wide) in paragraph at lines 830--830
[]|\TU/Consolas(0)/m/n/10 TestSuperLen.test_super_len_with_fileno|  
 []


Overfull \hbox (88.46178pt too wide) in paragraph at lines 831--831
[]|\TU/Consolas(0)/m/n/10 TestSuperLen.test_super_len_with_no_matches|  
 []


Overfull \hbox (33.48131pt too wide) in paragraph at lines 833--833
[]|\TU/Consolas(0)/m/n/10 TestUnquoteHeaderValue.test_valid|  
 []


Overfull \hbox (66.46959pt too wide) in paragraph at lines 834--834
[]|\TU/Consolas(0)/m/n/10 TestUnquoteHeaderValue.test_is_filename|  
 []


Overfull \hbox (33.48131pt too wide) in paragraph at lines 835--835
[]|\TU/Consolas(0)/m/n/10 TestGetEnvironProxies.test_bypass|  
 []


Overfull \hbox (55.4735pt too wide) in paragraph at lines 836--836
[]|\TU/Consolas(0)/m/n/10 TestGetEnvironProxies.test_not_bypass|  
 []


Overfull \hbox (126.9481pt too wide) in paragraph at lines 837--837
[]|\TU/Consolas(0)/m/n/10 TestGetEnvironProxies.test_bypass_no_proxy_keyword|  

 []


Overfull \hbox (148.94029pt too wide) in paragraph at lines 838--838
[]|\TU/Consolas(0)/m/n/10 TestGetEnvironProxies.test_not_bypass_no_proxy_keywor
d|  
 []


Overfull \hbox (5.99107pt too wide) in paragraph at lines 839--839
[]|\TU/Consolas(0)/m/n/10 TestIsIPv4Address.test_valid|  
 []


Overfull \hbox (16.98717pt too wide) in paragraph at lines 840--840
[]|\TU/Consolas(0)/m/n/10 TestIsIPv4Address.test_invalid|  
 []


Overfull \hbox (5.99107pt too wide) in paragraph at lines 842--842
[]|\TU/Consolas(0)/m/n/10 TestIsValidCIDR.test_invalid|  
 []


Overfull \hbox (22.48521pt too wide) in paragraph at lines 843--843
[]|\TU/Consolas(0)/m/n/10 TestAddressInNetwork.test_valid|  
 []


Overfull \hbox (33.48131pt too wide) in paragraph at lines 844--844
[]|\TU/Consolas(0)/m/n/10 TestAddressInNetwork.test_invalid|  
 []


Overfull \hbox (99.45787pt too wide) in paragraph at lines 845--845
[]|\TU/Consolas(0)/m/n/10 TestGuessFilename.test_guess_filename_invalid|  
 []


Overfull \hbox (137.9442pt too wide) in paragraph at lines 846--846
[]|\TU/Consolas(0)/m/n/10 TestExtractZippedPaths.test_unzipped_paths_unchanged|
  
 []


Overfull \hbox (93.95982pt too wide) in paragraph at lines 847--847
[]|\TU/Consolas(0)/m/n/10 TestExtractZippedPaths.test_invalid_unc_path|  
 []


Overfull \hbox (60.97154pt too wide) in paragraph at lines 848--848
[]|\TU/Consolas(0)/m/n/10 TestContentEncodingDetection.test_none|  
 []


Overfull \hbox (93.95982pt too wide) in paragraph at lines 849--849
[]|\TU/Consolas(0)/m/n/10 TestContentEncodingDetection.test_precedence|  
 []


Overfull \hbox (11.48912pt too wide) in paragraph at lines 850--850
[]|\TU/Consolas(0)/m/n/10 TestGuessJSONUTF.test_encoded|  
 []


Overfull \hbox (88.46178pt too wide) in paragraph at lines 851--851
[]|\TU/Consolas(0)/m/n/10 TestGuessJSONUTF.test_bad_utf_like_encoding|  
 []


Overfull \hbox (38.97935pt too wide) in paragraph at lines 852--852
[]|\TU/Consolas(0)/m/n/10 TestGuessJSONUTF.test_guess_by_bom|  
 []


Overfull \hbox (99.45787pt too wide) in paragraph at lines 853--853
[]|\TU/Consolas(0)/m/n/10 test_should_bypass_proxies_pass_only_hostname|  
 []


Overfull \hbox (11.48912pt too wide) in paragraph at lines 854--854
[]|\TU/Consolas(0)/m/n/10 TestToKeyValList.test_invalid|  
 []


Overfull \hbox (16.98717pt too wide) in paragraph at lines 855--855
[]|\TU/Consolas(0)/m/n/10 TestGetEnvironProxies.no_proxy|  
 []


Overfull \hbox (66.46959pt too wide) in paragraph at lines 865--865
[]|\TU/Consolas(0)/m/n/10 Server._close_server_sock_ignore_errors|  
 []


Overfull \hbox (5.99107pt too wide) in paragraph at lines 869--869
[]|\TU/Consolas(0)/m/n/10 Server.basic_response_server|  
 []


Overfull \hbox (16.98717pt too wide) in paragraph at lines 870--870
[]|\TU/Consolas(0)/m/n/10 Server._create_socket_and_bind|  
 []


Overfull \hbox (33.48131pt too wide) in paragraph at lines 871--871
[]|\TU/Consolas(0)/m/n/10 TLSServer._create_socket_and_bind|  
 []


Overfull \hbox (0.33217pt too wide) in alignment at lines 805--872
 [] [] [] [] [] 
 []

[27] [28] [29] [30] [31] [32] [33] [34] [35] [36] [37] [38] [39] [40] [41]
[42]
Overfull \hbox (10.95808pt too wide) in alignment at lines 887--891
 [] [] [] [] [] 
 []


Overfull \hbox (10.95808pt too wide) in alignment at lines 891--895
 [] [] [] [] [] 
 []


Overfull \hbox (10.95808pt too wide) in alignment at lines 895--898
 [] [] [] [] [] 
 []


Overfull \hbox (10.95808pt too wide) in alignment at lines 898--900
 [] [] [] [] [] 
 []


Overfull \hbox (10.95808pt too wide) in alignment at lines 900--902
 [] [] [] [] [] 
 []

[43] (./report.aux)
 ***********
LaTeX2e <2023-11-01> patch level 1
L3 programming layer <2022/08/05>
 ***********


LaTeX Font Warning: Some font shapes were not available, defaults substituted.

Package rerunfilecheck Info: File `report.out' has not changed.
(rerunfilecheck)             Checksum: 1FEDAD675DC2388AB4D31814E629F956;887.
 ) 
Here is how much of TeX's memory you used:
 18097 strings out of 476720
 365908 string characters out of 5801445
 2731842 words of memory out of 5000000
 39863 multiletter control sequences out of 15000+600000
 565598 words of font info for 98 fonts, out of 8000000 for 9000
 36 hyphenation exceptions out of 8191
 74i,8n,87p,1003b,580s stack positions out of 10000i,1000n,20000p,200000b,200000s

Output written on report.pdf (43 pages).
