This is XeTeX, Version 3.141592653-2.6-0.999996 (TeX Live 2024) (preloaded format=xelatex 2024.8.5)  9 JAN 2026 11:31
entering extended mode
 restricted \write18 enabled.
 %&-line parsing enabled.
**report.tex
(./report.tex
LaTeX2e <2023-11-01> patch level 1
L3 programming layer <2024-02-20>
(d:/texlive/2024/texmf-dist/tex/latex/base/article.cls
Document Class: article 2023/05/17 v1.4n Standard LaTeX document class
(d:/texlive/2024/texmf-dist/tex/latex/base/size11.clo
File: size11.clo 2023/05/17 v1.4n Standard LaTeX file (size option)
)
\c@part=\count184
\c@section=\count185
\c@subsection=\count186
\c@subsubsection=\count187
\c@paragraph=\count188
\c@subparagraph=\count189
\c@figure=\count190
\c@table=\count191
\abovecaptionskip=\skip48
\belowcaptionskip=\skip49
\bibindent=\dimen140
)
(d:/texlive/2024/texmf-dist/tex/latex/tools/array.sty
Package: array 2023/10/16 v2.5g Tabular extension package (FMi)
\col@sep=\dimen141
\ar@mcellbox=\box51
\extrarowheight=\dimen142
\NC@list=\toks17
\extratabsurround=\skip50
\backup@length=\skip51
\ar@cellbox=\box52
)
(d:/texlive/2024/texmf-dist/tex/latex/xurl/xurl.sty
Package: xurl 2022/01/09 v 0.10 modify URL breaks

(d:/texlive/2024/texmf-dist/tex/latex/url/url.sty
\Urlmuskip=\muskip16
Package: url 2013/09/16  ver 3.4  Verb mode for urls, etc.
))
(d:/texlive/2024/texmf-dist/tex/latex/tools/longtable.sty
Package: longtable 2023-11-01 v4.19 Multi-page Table package (DPC)
\LTleft=\skip52
\LTright=\skip53
\LTpre=\skip54
\LTpost=\skip55
\LTchunksize=\count192
\LTcapwidth=\dimen143
\LT@head=\box53
\LT@firsthead=\box54
\LT@foot=\box55
\LT@lastfoot=\box56
\LT@gbox=\box57
\LT@cols=\count193
\LT@rows=\count194
\c@LT@tables=\count195
\c@LT@chunks=\count196
\LT@p@ftn=\toks18
)
(d:/texlive/2024/texmf-dist/tex/latex/booktabs/booktabs.sty
Package: booktabs 2020/01/12 v1.61803398 Publication quality tables
\heavyrulewidth=\dimen144
\lightrulewidth=\dimen145
\cmidrulewidth=\dimen146
\belowrulesep=\dimen147
\belowbottomsep=\dimen148
\aboverulesep=\dimen149
\abovetopsep=\dimen150
\cmidrulesep=\dimen151
\cmidrulekern=\dimen152
\defaultaddspace=\dimen153
\@cmidla=\count197
\@cmidlb=\count198
\@aboverulesep=\dimen154
\@belowrulesep=\dimen155
\@thisruleclass=\count199
\@lastruleclass=\count266
\@thisrulewidth=\dimen156
)
(d:/texlive/2024/texmf-dist/tex/xelatex/xecjk/xeCJK.sty
(d:/texlive/2024/texmf-dist/tex/latex/l3kernel/expl3.sty
Package: expl3 2024-02-20 L3 programming layer (loader) 

(d:/texlive/2024/texmf-dist/tex/latex/l3backend/l3backend-xetex.def
File: l3backend-xetex.def 2024-02-20 L3 backend support: XeTeX
\g__graphics_track_int=\count267
\l__pdf_internal_box=\box58
\g__pdf_backend_object_int=\count268
\g__pdf_backend_annotation_int=\count269
\g__pdf_backend_link_int=\count270
))
Package: xeCJK 2022/08/05 v3.9.1 Typesetting CJK scripts with XeLaTeX

(d:/texlive/2024/texmf-dist/tex/latex/ctex/ctexhook.sty
Package: ctexhook 2022/07/14 v2.5.10 Document and package hooks (CTEX)
)
(d:/texlive/2024/texmf-dist/tex/latex/l3packages/xtemplate/xtemplate.sty
(d:/texlive/2024/texmf-dist/tex/latex/l3packages/xtemplate/xtemplate-2023-10-10
.sty
Package: xtemplate 2023-10-10 L3 Experimental prototype document functions
\l__xtemplate_tmp_dim=\dimen157
\l__xtemplate_tmp_int=\count271
\l__xtemplate_tmp_muskip=\muskip17
\l__xtemplate_tmp_skip=\skip56
))
\l__xeCJK_tmp_int=\count272
\l__xeCJK_tmp_box=\box59
\l__xeCJK_tmp_dim=\dimen158
\l__xeCJK_tmp_skip=\skip57
\g__xeCJK_space_factor_int=\count273
\l__xeCJK_begin_int=\count274
\l__xeCJK_end_int=\count275
\c__xeCJK_CJK_class_int=\XeTeXcharclass1
\c__xeCJK_FullLeft_class_int=\XeTeXcharclass2
\c__xeCJK_FullRight_class_int=\XeTeXcharclass3
\c__xeCJK_HalfLeft_class_int=\XeTeXcharclass4
\c__xeCJK_HalfRight_class_int=\XeTeXcharclass5
\c__xeCJK_NormalSpace_class_int=\XeTeXcharclass6
\c__xeCJK_CM_class_int=\XeTeXcharclass7
\c__xeCJK_HangulJamo_class_int=\XeTeXcharclass8
\l__xeCJK_last_skip=\skip58
\c__xeCJK_none_node=\count276
\g__xeCJK_node_int=\count277
\c__xeCJK_CJK_node_dim=\dimen159
\c__xeCJK_CJK-space_node_dim=\dimen160
\c__xeCJK_default_node_dim=\dimen161
\c__xeCJK_CJK-widow_node_dim=\dimen162
\c__xeCJK_normalspace_node_dim=\dimen163
\c__xeCJK_default-space_node_skip=\skip59
\l__xeCJK_ccglue_skip=\skip60
\l__xeCJK_ecglue_skip=\skip61
\l__xeCJK_punct_kern_skip=\skip62
\l__xeCJK_indent_box=\box60
\l__xeCJK_last_penalty_int=\count278
\l__xeCJK_last_bound_dim=\dimen164
\l__xeCJK_last_kern_dim=\dimen165
\l__xeCJK_widow_penalty_int=\count279

Package xtemplate Info: Declaring object type 'xeCJK/punctuation' taking 0
(xtemplate)             argument(s) on line 2396.

\l__xeCJK_fixed_punct_width_dim=\dimen166
\l__xeCJK_mixed_punct_width_dim=\dimen167
\l__xeCJK_middle_punct_width_dim=\dimen168
\l__xeCJK_fixed_margin_width_dim=\dimen169
\l__xeCJK_mixed_margin_width_dim=\dimen170
\l__xeCJK_middle_margin_width_dim=\dimen171
\l__xeCJK_bound_punct_width_dim=\dimen172
\l__xeCJK_bound_margin_width_dim=\dimen173
\l__xeCJK_margin_minimum_dim=\dimen174
\l__xeCJK_kerning_total_width_dim=\dimen175
\l__xeCJK_same_align_margin_dim=\dimen176
\l__xeCJK_different_align_margin_dim=\dimen177
\l__xeCJK_kerning_margin_width_dim=\dimen178
\l__xeCJK_kerning_margin_minimum_dim=\dimen179
\l__xeCJK_bound_dim=\dimen180
\l__xeCJK_reverse_bound_dim=\dimen181
\l__xeCJK_margin_dim=\dimen182
\l__xeCJK_minimum_bound_dim=\dimen183
\l__xeCJK_kerning_margin_dim=\dimen184
\g__xeCJK_family_int=\count280
\l__xeCJK_fam_int=\count281
\g__xeCJK_fam_allocation_int=\count282
\l__xeCJK_verb_case_int=\count283
\l__xeCJK_verb_exspace_skip=\skip63
 (d:/texlive/2024/texmf-dist/tex/latex/fontspec/fontspec.sty
(d:/texlive/2024/texmf-dist/tex/latex/l3packages/xparse/xparse.sty
Package: xparse 2024-02-18 L3 Experimental document command parser
)
Package: fontspec 2024/02/13 v2.9a Font selection for XeLaTeX and LuaLaTeX

(d:/texlive/2024/texmf-dist/tex/latex/fontspec/fontspec-xetex.sty
Package: fontspec-xetex 2024/02/13 v2.9a Font selection for XeLaTeX and LuaLaTe
X
\l__fontspec_script_int=\count284
\l__fontspec_language_int=\count285
\l__fontspec_strnum_int=\count286
\l__fontspec_tmp_int=\count287
\l__fontspec_tmpa_int=\count288
\l__fontspec_tmpb_int=\count289
\l__fontspec_tmpc_int=\count290
\l__fontspec_em_int=\count291
\l__fontspec_emdef_int=\count292
\l__fontspec_strong_int=\count293
\l__fontspec_strongdef_int=\count294
\l__fontspec_tmpa_dim=\dimen185
\l__fontspec_tmpb_dim=\dimen186
\l__fontspec_tmpc_dim=\dimen187

(d:/texlive/2024/texmf-dist/tex/latex/base/fontenc.sty
Package: fontenc 2021/04/29 v2.0v Standard LaTeX package
)
(d:/texlive/2024/texmf-dist/tex/latex/fontspec/fontspec.cfg)))
(d:/texlive/2024/texmf-dist/tex/xelatex/xecjk/xeCJK.cfg
File: xeCJK.cfg 2022/08/05 v3.9.1 Configuration file for xeCJK package
))

Package fontspec Info: Could not resolve font "SimSun/BI" (it probably doesn't
(fontspec)             exist).


Package fontspec Info: Could not resolve font "SimSun/B" (it probably doesn't
(fontspec)             exist).


Package fontspec Info: Could not resolve font "SimSun/I" (it probably doesn't
(fontspec)             exist).


Package fontspec Info: Font family 'SimSun(0)' created for font 'SimSun' with
(fontspec)             options [Script={CJK}].
(fontspec)              
(fontspec)              This font family consists of the following NFSS
(fontspec)             series/shapes:
(fontspec)              
(fontspec)             - 'normal' (m/n) with NFSS spec.:
(fontspec)             <->"SimSun/OT:script=hani;language=dflt;"
(fontspec)             - 'small caps'  (m/sc) with NFSS spec.: 


Package fontspec Info: Font family 'Consolas(0)' created for font 'Consolas'
(fontspec)             with options
(fontspec)             [WordSpace={1,0,0},HyphenChar=None,PunctuationSpace=Word
Space].
(fontspec)              
(fontspec)              This font family consists of the following NFSS
(fontspec)             series/shapes:
(fontspec)              
(fontspec)             - 'normal' (m/n) with NFSS spec.:
(fontspec)             <->"Consolas/OT:script=latn;language=dflt;"
(fontspec)             - 'small caps'  (m/sc) with NFSS spec.: 
(fontspec)             and font adjustment code:
(fontspec)             \fontdimen 2\font =1\fontdimen 2\font \fontdimen 3\font
(fontspec)             =0\fontdimen 3\font \fontdimen 4\font =0\fontdimen
(fontspec)             4\font \fontdimen 7\font =0\fontdimen 2\font
(fontspec)             \tex_hyphenchar:D \font =-1\scan_stop: 
(fontspec)             - 'bold' (b/n) with NFSS spec.:
(fontspec)             <->"Consolas/B/OT:script=latn;language=dflt;"
(fontspec)             - 'bold small caps'  (b/sc) with NFSS spec.: 
(fontspec)             and font adjustment code:
(fontspec)             \fontdimen 2\font =1\fontdimen 2\font \fontdimen 3\font
(fontspec)             =0\fontdimen 3\font \fontdimen 4\font =0\fontdimen
(fontspec)             4\font \fontdimen 7\font =0\fontdimen 2\font
(fontspec)             \tex_hyphenchar:D \font =-1\scan_stop: 
(fontspec)             - 'italic' (m/it) with NFSS spec.:
(fontspec)             <->"Consolas/I/OT:script=latn;language=dflt;"
(fontspec)             - 'italic small caps'  (m/scit) with NFSS spec.: 
(fontspec)             and font adjustment code:
(fontspec)             \fontdimen 2\font =1\fontdimen 2\font \fontdimen 3\font
(fontspec)             =0\fontdimen 3\font \fontdimen 4\font =0\fontdimen
(fontspec)             4\font \fontdimen 7\font =0\fontdimen 2\font
(fontspec)             \tex_hyphenchar:D \font =-1\scan_stop: 
(fontspec)             - 'bold italic' (b/it) with NFSS spec.:
(fontspec)             <->"Consolas/BI/OT:script=latn;language=dflt;"
(fontspec)             - 'bold italic small caps'  (b/scit) with NFSS spec.: 
(fontspec)             and font adjustment code:
(fontspec)             \fontdimen 2\font =1\fontdimen 2\font \fontdimen 3\font
(fontspec)             =0\fontdimen 3\font \fontdimen 4\font =0\fontdimen
(fontspec)             4\font \fontdimen 7\font =0\fontdimen 2\font
(fontspec)             \tex_hyphenchar:D \font =-1\scan_stop: 


(d:/texlive/2024/texmf-dist/tex/latex/geometry/geometry.sty
Package: geometry 2020/01/02 v5.9 Page Geometry

(d:/texlive/2024/texmf-dist/tex/latex/graphics/keyval.sty
Package: keyval 2022/05/29 v1.15 key=value parser (DPC)
\KV@toks@=\toks19
)
(d:/texlive/2024/texmf-dist/tex/generic/iftex/ifvtex.sty
Package: ifvtex 2019/10/25 v1.7 ifvtex legacy package. Use iftex instead.

(d:/texlive/2024/texmf-dist/tex/generic/iftex/iftex.sty
Package: iftex 2022/02/03 v1.0f TeX engine tests
))
\Gm@cnth=\count295
\Gm@cntv=\count296
\c@Gm@tempcnt=\count297
\Gm@bindingoffset=\dimen188
\Gm@wd@mp=\dimen189
\Gm@odd@mp=\dimen190
\Gm@even@mp=\dimen191
\Gm@layoutwidth=\dimen192
\Gm@layoutheight=\dimen193
\Gm@layouthoffset=\dimen194
\Gm@layoutvoffset=\dimen195
\Gm@dimlist=\toks20
)
(d:/texlive/2024/texmf-dist/tex/latex/setspace/setspace.sty
Package: setspace 2022/12/04 v6.7b set line spacing
)
(d:/texlive/2024/texmf-dist/tex/latex/microtype/microtype.sty
Package: microtype 2023/03/13 v3.1a Micro-typographical refinements (RS)

(d:/texlive/2024/texmf-dist/tex/latex/etoolbox/etoolbox.sty
Package: etoolbox 2020/10/05 v2.5k e-TeX tools for LaTeX (JAW)
\etb@tempcnta=\count298
)
\MT@toks=\toks21
\MT@tempbox=\box61
\MT@count=\count299
LaTeX Info: Redefining \noprotrusionifhmode on input line 1059.
LaTeX Info: Redefining \leftprotrusion on input line 1060.
\MT@prot@toks=\toks22
LaTeX Info: Redefining \rightprotrusion on input line 1078.
LaTeX Info: Redefining \textls on input line 1368.
\MT@outer@kern=\dimen196
LaTeX Info: Redefining \textmicrotypecontext on input line 1988.
\MT@listname@count=\count300

(d:/texlive/2024/texmf-dist/tex/latex/microtype/microtype-xetex.def
File: microtype-xetex.def 2023/03/13 v3.1a Definitions specific to xetex (RS)
LaTeX Info: Redefining \lsstyle on input line 238.
)
Package microtype Info: Loading configuration file microtype.cfg.

(d:/texlive/2024/texmf-dist/tex/latex/microtype/microtype.cfg
File: microtype.cfg 2023/03/13 v3.1a microtype main configuration file (RS)
))
(d:/texlive/2024/texmf-dist/tex/latex/amsmath/amsmath.sty
Package: amsmath 2023/05/13 v2.17o AMS math features
\@mathmargin=\skip64

For additional information on amsmath, use the `?' option.
(d:/texlive/2024/texmf-dist/tex/latex/amsmath/amstext.sty
Package: amstext 2021/08/26 v2.01 AMS text

(d:/texlive/2024/texmf-dist/tex/latex/amsmath/amsgen.sty
File: amsgen.sty 1999/11/30 v2.0 generic functions
\@emptytoks=\toks23
\ex@=\dimen197
))
(d:/texlive/2024/texmf-dist/tex/latex/amsmath/amsbsy.sty
Package: amsbsy 1999/11/29 v1.2d Bold Symbols
\pmbraise@=\dimen198
)
(d:/texlive/2024/texmf-dist/tex/latex/amsmath/amsopn.sty
Package: amsopn 2022/04/08 v2.04 operator names
)
\inf@bad=\count301
LaTeX Info: Redefining \frac on input line 234.
\uproot@=\count302
\leftroot@=\count303
LaTeX Info: Redefining \overline on input line 399.
LaTeX Info: Redefining \colon on input line 410.
\classnum@=\count304
\DOTSCASE@=\count305
LaTeX Info: Redefining \ldots on input line 496.
LaTeX Info: Redefining \dots on input line 499.
LaTeX Info: Redefining \cdots on input line 620.
\Mathstrutbox@=\box62
\strutbox@=\box63
LaTeX Info: Redefining \big on input line 722.
LaTeX Info: Redefining \Big on input line 723.
LaTeX Info: Redefining \bigg on input line 724.
LaTeX Info: Redefining \Bigg on input line 725.
\big@size=\dimen199
LaTeX Font Info:    Redeclaring font encoding OML on input line 743.
LaTeX Font Info:    Redeclaring font encoding OMS on input line 744.
\macc@depth=\count306
LaTeX Info: Redefining \bmod on input line 905.
LaTeX Info: Redefining \pmod on input line 910.
LaTeX Info: Redefining \smash on input line 940.
LaTeX Info: Redefining \relbar on input line 970.
LaTeX Info: Redefining \Relbar on input line 971.
\c@MaxMatrixCols=\count307
\dotsspace@=\muskip18
\c@parentequation=\count308
\dspbrk@lvl=\count309
\tag@help=\toks24
\row@=\count310
\column@=\count311
\maxfields@=\count312
\andhelp@=\toks25
\eqnshift@=\dimen256
\alignsep@=\dimen257
\tagshift@=\dimen258
\tagwidth@=\dimen259
\totwidth@=\dimen260
\lineht@=\dimen261
\@envbody=\toks26
\multlinegap=\skip65
\multlinetaggap=\skip66
\mathdisplay@stack=\toks27
LaTeX Info: Redefining \[ on input line 2953.
LaTeX Info: Redefining \] on input line 2954.
)
(d:/texlive/2024/texmf-dist/tex/latex/amsfonts/amssymb.sty
Package: amssymb 2013/01/14 v3.01 AMS font symbols

(d:/texlive/2024/texmf-dist/tex/latex/amsfonts/amsfonts.sty
Package: amsfonts 2013/01/14 v3.01 Basic AMSFonts support
\symAMSa=\mathgroup4
\symAMSb=\mathgroup5
LaTeX Font Info:    Redeclaring math symbol \hbar on input line 98.
LaTeX Font Info:    Overwriting math alphabet `\mathfrak' in version `bold'
(Font)                  U/euf/m/n --> U/euf/b/n on input line 106.
))
(d:/texlive/2024/texmf-dist/tex/latex/hyperref/hyperref.sty
Package: hyperref 2024-01-20 v7.01h Hypertext links for LaTeX

(d:/texlive/2024/texmf-dist/tex/latex/kvsetkeys/kvsetkeys.sty
Package: kvsetkeys 2022-10-05 v1.19 Key value parser (HO)
)
(d:/texlive/2024/texmf-dist/tex/generic/kvdefinekeys/kvdefinekeys.sty
Package: kvdefinekeys 2019-12-19 v1.6 Define keys (HO)
)
(d:/texlive/2024/texmf-dist/tex/generic/pdfescape/pdfescape.sty
Package: pdfescape 2019/12/09 v1.15 Implements pdfTeX's escape features (HO)

(d:/texlive/2024/texmf-dist/tex/generic/ltxcmds/ltxcmds.sty
Package: ltxcmds 2023-12-04 v1.26 LaTeX kernel commands for general use (HO)
)
(d:/texlive/2024/texmf-dist/tex/generic/pdftexcmds/pdftexcmds.sty
Package: pdftexcmds 2020-06-27 v0.33 Utility functions of pdfTeX for LuaTeX (HO
)

(d:/texlive/2024/texmf-dist/tex/generic/infwarerr/infwarerr.sty
Package: infwarerr 2019/12/03 v1.5 Providing info/warning/error messages (HO)
)
Package pdftexcmds Info: \pdf@primitive is available.
Package pdftexcmds Info: \pdf@ifprimitive is available.
Package pdftexcmds Info: \pdfdraftmode not found.
))
(d:/texlive/2024/texmf-dist/tex/latex/hycolor/hycolor.sty
Package: hycolor 2020-01-27 v1.10 Color options for hyperref/bookmark (HO)
)
(d:/texlive/2024/texmf-dist/tex/latex/auxhook/auxhook.sty
Package: auxhook 2019-12-17 v1.6 Hooks for auxiliary files (HO)
)
(d:/texlive/2024/texmf-dist/tex/latex/hyperref/nameref.sty
Package: nameref 2023-11-26 v2.56 Cross-referencing by name of section

(d:/texlive/2024/texmf-dist/tex/latex/refcount/refcount.sty
Package: refcount 2019/12/15 v3.6 Data extraction from label references (HO)
)
(d:/texlive/2024/texmf-dist/tex/generic/gettitlestring/gettitlestring.sty
Package: gettitlestring 2019/12/15 v1.6 Cleanup title references (HO)

(d:/texlive/2024/texmf-dist/tex/latex/kvoptions/kvoptions.sty
Package: kvoptions 2022-06-15 v3.15 Key value format for package options (HO)
))
\c@section@level=\count313
)
\@linkdim=\dimen262
\Hy@linkcounter=\count314
\Hy@pagecounter=\count315

(d:/texlive/2024/texmf-dist/tex/latex/hyperref/pd1enc.def
File: pd1enc.def 2024-01-20 v7.01h Hyperref: PDFDocEncoding definition (HO)
)
(d:/texlive/2024/texmf-dist/tex/generic/intcalc/intcalc.sty
Package: intcalc 2019/12/15 v1.3 Expandable calculations with integers (HO)
)
\Hy@SavedSpaceFactor=\count316

(d:/texlive/2024/texmf-dist/tex/latex/hyperref/puenc.def
File: puenc.def 2024-01-20 v7.01h Hyperref: PDF Unicode definition (HO)
)
Package hyperref Info: Option `colorlinks' set `true' on input line 4062.
Package hyperref Info: Hyper figures OFF on input line 4179.
Package hyperref Info: Link nesting OFF on input line 4184.
Package hyperref Info: Hyper index ON on input line 4187.
Package hyperref Info: Plain pages OFF on input line 4194.
Package hyperref Info: Backreferencing OFF on input line 4199.
Package hyperref Info: Implicit mode ON; LaTeX internals redefined.
Package hyperref Info: Bookmarks ON on input line 4446.
\c@Hy@tempcnt=\count317
LaTeX Info: Redefining \url on input line 4784.
\XeTeXLinkMargin=\dimen263

(d:/texlive/2024/texmf-dist/tex/generic/bitset/bitset.sty
Package: bitset 2019/12/09 v1.3 Handle bit-vector datatype (HO)

(d:/texlive/2024/texmf-dist/tex/generic/bigintcalc/bigintcalc.sty
Package: bigintcalc 2019/12/15 v1.5 Expandable calculations on big integers (HO
)
))
\Fld@menulength=\count318
\Field@Width=\dimen264
\Fld@charsize=\dimen265
Package hyperref Info: Hyper figures OFF on input line 6063.
Package hyperref Info: Link nesting OFF on input line 6068.
Package hyperref Info: Hyper index ON on input line 6071.
Package hyperref Info: backreferencing OFF on input line 6078.
Package hyperref Info: Link coloring ON on input line 6081.
Package hyperref Info: Link coloring with OCG OFF on input line 6088.
Package hyperref Info: PDF/A mode OFF on input line 6093.

(d:/texlive/2024/texmf-dist/tex/latex/base/atbegshi-ltx.sty
Package: atbegshi-ltx 2021/01/10 v1.0c Emulation of the original atbegshi
package with kernel methods
)
\Hy@abspage=\count319
\c@Item=\count320
\c@Hfootnote=\count321
)
Package hyperref Info: Driver (autodetected): hxetex.

(d:/texlive/2024/texmf-dist/tex/latex/hyperref/hxetex.def
File: hxetex.def 2024-01-20 v7.01h Hyperref driver for XeTeX

(d:/texlive/2024/texmf-dist/tex/generic/stringenc/stringenc.sty
Package: stringenc 2019/11/29 v1.12 Convert strings between diff. encodings (HO
)
)
\pdfm@box=\box64
\c@Hy@AnnotLevel=\count322
\HyField@AnnotCount=\count323
\Fld@listcount=\count324
\c@bookmark@seq@number=\count325

(d:/texlive/2024/texmf-dist/tex/latex/rerunfilecheck/rerunfilecheck.sty
Package: rerunfilecheck 2022-07-10 v1.10 Rerun checks for auxiliary files (HO)

(d:/texlive/2024/texmf-dist/tex/latex/base/atveryend-ltx.sty
Package: atveryend-ltx 2020/08/19 v1.0a Emulation of the original atveryend pac
kage
with kernel methods
)
(d:/texlive/2024/texmf-dist/tex/generic/uniquecounter/uniquecounter.sty
Package: uniquecounter 2019/12/15 v1.4 Provide unlimited unique counter (HO)
)
Package uniquecounter Info: New unique counter `rerunfilecheck' on input line 2
85.
)
\Hy@SectionHShift=\skip67
)
(d:/texlive/2024/texmf-dist/tex/latex/tools/tabularx.sty
Package: tabularx 2023/07/08 v2.11c `tabularx' package (DPC)
\TX@col@width=\dimen266
\TX@old@table=\dimen267
\TX@old@col=\dimen268
\TX@target=\dimen269
\TX@delta=\dimen270
\TX@cols=\count326
\TX@ftn=\toks28
)
(d:/texlive/2024/texmf-dist/tex/latex/multirow/multirow.sty
Package: multirow 2021/03/15 v2.8 Span multiple rows of a table
\multirow@colwidth=\skip68
\multirow@cntb=\count327
\multirow@dima=\skip69
\bigstrutjot=\dimen271
)
(d:/texlive/2024/texmf-dist/tex/latex/xcolor/xcolor.sty
Package: xcolor 2023/11/15 v3.01 LaTeX color extensions (UK)

(d:/texlive/2024/texmf-dist/tex/latex/graphics-cfg/color.cfg
File: color.cfg 2016/01/02 v1.6 sample color configuration
)
Package xcolor Info: Driver file: xetex.def on input line 274.

(d:/texlive/2024/texmf-dist/tex/latex/graphics-def/xetex.def
File: xetex.def 2022/09/22 v5.0n Graphics/color driver for xetex
)
(d:/texlive/2024/texmf-dist/tex/latex/graphics/mathcolor.ltx)
Package xcolor Info: Model `cmy' substituted by `cmy0' on input line 1350.
Package xcolor Info: Model `RGB' extended on input line 1366.
Package xcolor Info: Model `HTML' substituted by `rgb' on input line 1368.
Package xcolor Info: Model `Hsb' substituted by `hsb' on input line 1369.
Package xcolor Info: Model `tHsb' substituted by `hsb' on input line 1370.
Package xcolor Info: Model `HSB' substituted by `hsb' on input line 1371.
Package xcolor Info: Model `Gray' substituted by `gray' on input line 1372.
Package xcolor Info: Model `wave' substituted by `hsb' on input line 1373.
)
(d:/texlive/2024/texmf-dist/tex/latex/listings/listings.sty
\lst@mode=\count328
\lst@gtempboxa=\box65
\lst@token=\toks29
\lst@length=\count329
\lst@currlwidth=\dimen272
\lst@column=\count330
\lst@pos=\count331
\lst@lostspace=\dimen273
\lst@width=\dimen274
\lst@newlines=\count332
\lst@lineno=\count333
\lst@maxwidth=\dimen275

(d:/texlive/2024/texmf-dist/tex/latex/listings/lstpatch.sty
File: lstpatch.sty 2024/02/21 1.10 (Carsten Heinz)
)
(d:/texlive/2024/texmf-dist/tex/latex/listings/lstmisc.sty
File: lstmisc.sty 2024/02/21 1.10 (Carsten Heinz)
\c@lstnumber=\count334
\lst@skipnumbers=\count335
\lst@framebox=\box66
)
(d:/texlive/2024/texmf-dist/tex/latex/listings/listings.cfg
File: listings.cfg 2024/02/21 1.10 listings configuration
))
Package: listings 2024/02/21 1.10 (Carsten Heinz)

(d:/texlive/2024/texmf-dist/tex/xelatex/xecjk/xeCJK-listings.sty
Package: xeCJK-listings 2022/08/05 v3.9.1 xeCJK patch file for listings
\l__xeCJK_listings_max_char_int=\count336
\l__xeCJK_listings_flag_int=\count337
)
(d:/texlive/2024/texmf-dist/tex/latex/titlesec/titlesec.sty
Package: titlesec 2023/10/27 v2.16 Sectioning titles
\ttl@box=\box67
\beforetitleunit=\skip70
\aftertitleunit=\skip71
\ttl@plus=\dimen276
\ttl@minus=\dimen277
\ttl@toksa=\toks30
\titlewidth=\dimen278
\titlewidthlast=\dimen279
\titlewidthfirst=\dimen280
) (./report.aux)
\openout1 = `report.aux'.

LaTeX Font Info:    Checking defaults for OML/cmm/m/it on input line 61.
LaTeX Font Info:    ... okay on input line 61.
LaTeX Font Info:    Checking defaults for OMS/cmsy/m/n on input line 61.
LaTeX Font Info:    ... okay on input line 61.
LaTeX Font Info:    Checking defaults for OT1/cmr/m/n on input line 61.
LaTeX Font Info:    ... okay on input line 61.
LaTeX Font Info:    Checking defaults for T1/cmr/m/n on input line 61.
LaTeX Font Info:    ... okay on input line 61.
LaTeX Font Info:    Checking defaults for TS1/cmr/m/n on input line 61.
LaTeX Font Info:    Trying to load font information for TS1+cmr on input line 6
1.

(d:/texlive/2024/texmf-dist/tex/latex/base/ts1cmr.fd
File: ts1cmr.fd 2023/04/13 v2.5m Standard LaTeX font definitions
)
LaTeX Font Info:    ... okay on input line 61.
LaTeX Font Info:    Checking defaults for TU/lmr/m/n on input line 61.
LaTeX Font Info:    ... okay on input line 61.
LaTeX Font Info:    Checking defaults for OMX/cmex/m/n on input line 61.
LaTeX Font Info:    ... okay on input line 61.
LaTeX Font Info:    Checking defaults for U/cmr/m/n on input line 61.
LaTeX Font Info:    ... okay on input line 61.
LaTeX Font Info:    Checking defaults for PD1/pdf/m/n on input line 61.
LaTeX Font Info:    ... okay on input line 61.
LaTeX Font Info:    Checking defaults for PU/pdf/m/n on input line 61.
LaTeX Font Info:    ... okay on input line 61.

Package fontspec Info: Adjusting the maths setup (use [no-math] to avoid
(fontspec)             this).

\symlegacymaths=\mathgroup6
LaTeX Font Info:    Overwriting symbol font `legacymaths' in version `bold'
(Font)                  OT1/cmr/m/n --> OT1/cmr/bx/n on input line 61.
LaTeX Font Info:    Redeclaring math accent \acute on input line 61.
LaTeX Font Info:    Redeclaring math accent \grave on input line 61.
LaTeX Font Info:    Redeclaring math accent \ddot on input line 61.
LaTeX Font Info:    Redeclaring math accent \tilde on input line 61.
LaTeX Font Info:    Redeclaring math accent \bar on input line 61.
LaTeX Font Info:    Redeclaring math accent \breve on input line 61.
LaTeX Font Info:    Redeclaring math accent \check on input line 61.
LaTeX Font Info:    Redeclaring math accent \hat on input line 61.
LaTeX Font Info:    Redeclaring math accent \dot on input line 61.
LaTeX Font Info:    Redeclaring math accent \mathring on input line 61.
LaTeX Font Info:    Redeclaring math symbol \Gamma on input line 61.
LaTeX Font Info:    Redeclaring math symbol \Delta on input line 61.
LaTeX Font Info:    Redeclaring math symbol \Theta on input line 61.
LaTeX Font Info:    Redeclaring math symbol \Lambda on input line 61.
LaTeX Font Info:    Redeclaring math symbol \Xi on input line 61.
LaTeX Font Info:    Redeclaring math symbol \Pi on input line 61.
LaTeX Font Info:    Redeclaring math symbol \Sigma on input line 61.
LaTeX Font Info:    Redeclaring math symbol \Upsilon on input line 61.
LaTeX Font Info:    Redeclaring math symbol \Phi on input line 61.
LaTeX Font Info:    Redeclaring math symbol \Psi on input line 61.
LaTeX Font Info:    Redeclaring math symbol \Omega on input line 61.
LaTeX Font Info:    Redeclaring math symbol \mathdollar on input line 61.
LaTeX Font Info:    Redeclaring symbol font `operators' on input line 61.
LaTeX Font Info:    Encoding `OT1' has changed to `TU' for symbol font
(Font)              `operators' in the math version `normal' on input line 61.
LaTeX Font Info:    Overwriting symbol font `operators' in version `normal'
(Font)                  OT1/cmr/m/n --> TU/lmr/m/n on input line 61.
LaTeX Font Info:    Encoding `OT1' has changed to `TU' for symbol font
(Font)              `operators' in the math version `bold' on input line 61.
LaTeX Font Info:    Overwriting symbol font `operators' in version `bold'
(Font)                  OT1/cmr/bx/n --> TU/lmr/m/n on input line 61.
LaTeX Font Info:    Overwriting symbol font `operators' in version `normal'
(Font)                  TU/lmr/m/n --> TU/lmr/m/n on input line 61.
LaTeX Font Info:    Overwriting math alphabet `\mathit' in version `normal'
(Font)                  OT1/cmr/m/it --> TU/lmr/m/it on input line 61.
LaTeX Font Info:    Overwriting math alphabet `\mathbf' in version `normal'
(Font)                  OT1/cmr/bx/n --> TU/lmr/b/n on input line 61.
LaTeX Font Info:    Overwriting math alphabet `\mathsf' in version `normal'
(Font)                  OT1/cmss/m/n --> TU/lmss/m/n on input line 61.
LaTeX Font Info:    Overwriting math alphabet `\mathtt' in version `normal'
(Font)                  OT1/cmtt/m/n --> TU/Consolas(0)/m/n on input line 61.
LaTeX Font Info:    Overwriting symbol font `operators' in version `bold'
(Font)                  TU/lmr/m/n --> TU/lmr/b/n on input line 61.
LaTeX Font Info:    Overwriting math alphabet `\mathit' in version `bold'
(Font)                  OT1/cmr/bx/it --> TU/lmr/b/it on input line 61.
LaTeX Font Info:    Overwriting math alphabet `\mathsf' in version `bold'
(Font)                  OT1/cmss/bx/n --> TU/lmss/b/n on input line 61.
LaTeX Font Info:    Overwriting math alphabet `\mathtt' in version `bold'
(Font)                  OT1/cmtt/m/n --> TU/Consolas(0)/b/n on input line 61.

*geometry* driver: auto-detecting
*geometry* detected driver: xetex
*geometry* verbose mode - [ preamble ] result:
* driver: xetex
* paper: a4paper
* layout: <same size as paper>
* layoutoffset:(h,v)=(0.0pt,0.0pt)
* modes: 
* h-part:(L,W,R)=(62.59596pt, 472.31595pt, 62.59596pt)
* v-part:(T,H,B)=(62.59596pt, 719.85492pt, 62.59596pt)
* \paperwidth=597.50787pt
* \paperheight=845.04684pt
* \textwidth=472.31595pt
* \textheight=719.85492pt
* \oddsidemargin=-9.67403pt
* \evensidemargin=-9.67403pt
* \topmargin=-46.67403pt
* \headheight=12.0pt
* \headsep=25.0pt
* \topskip=11.0pt
* \footskip=30.0pt
* \marginparwidth=50.0pt
* \marginparsep=10.0pt
* \columnsep=10.0pt
* \skip\footins=10.0pt plus 4.0pt minus 2.0pt
* \hoffset=0.0pt
* \voffset=0.0pt
* \mag=1000
* \@twocolumnfalse
* \@twosidefalse
* \@mparswitchfalse
* \@reversemarginfalse
* (1in=72.27pt=25.4mm, 1cm=28.453pt)

LaTeX Info: Redefining \microtypecontext on input line 61.
Package microtype Info: Applying patch `item' on input line 61.
Package microtype Info: Applying patch `toc' on input line 61.
Package microtype Info: Applying patch `eqnum' on input line 61.
Package microtype Info: Applying patch `footnote' on input line 61.
Package microtype Info: Applying patch `verbatim' on input line 61.
Package microtype Info: Character protrusion enabled (level 2).
Package microtype Info: Using default protrusion set `alltext'.
Package microtype Info: No adjustment of tracking.
Package microtype Info: No adjustment of spacing.
Package microtype Info: No adjustment of kerning.
(d:/texlive/2024/texmf-dist/tex/latex/microtype/mt-LatinModernRoman.cfg
File: mt-LatinModernRoman.cfg 2021/02/21 v1.1 microtype config. file: Latin Mod
ern Roman (RS)
)
Package hyperref Info: Link coloring ON on input line 61.

(./report.out) (./report.out)
\@outlinefile=\write3
\openout3 = `report.out'.

\c@lstlisting=\count338


LaTeX Font Warning: Font shape `TU/SimSun(0)/b/n' undefined
(Font)              using `TU/SimSun(0)/m/n' instead on input line 64.

(./report.toc
LaTeX Font Info:    Trying to load font information for U+msa on input line 2.
 (d:/texlive/2024/texmf-dist/tex/latex/amsfonts/umsa.fd
File: umsa.fd 2013/01/14 v3.01 AMS symbols A
)
(d:/texlive/2024/texmf-dist/tex/latex/microtype/mt-msa.cfg
File: mt-msa.cfg 2006/02/04 v1.1 microtype config. file: AMS symbols (a) (RS)
)
LaTeX Font Info:    Trying to load font information for U+msb on input line 2.

(d:/texlive/2024/texmf-dist/tex/latex/amsfonts/umsb.fd
File: umsb.fd 2013/01/14 v3.01 AMS symbols B
)
(d:/texlive/2024/texmf-dist/tex/latex/microtype/mt-msb.cfg
File: mt-msb.cfg 2005/06/01 v1.0 microtype config. file: AMS symbols (b) (RS)
)
(d:/texlive/2024/texmf-dist/tex/latex/microtype/mt-cmr.cfg
File: mt-cmr.cfg 2013/05/19 v2.2 microtype config. file: Computer Modern Roman 
(RS)
))
\tf@toc=\write4
\openout4 = `report.toc'.

Package microtype Info: Loading generic protrusion settings for font family
(microtype)             `Consolas' (encoding: TU).
(microtype)             For optimal results, create family-specific settings.
(microtype)             See the microtype manual for details.
 [1

] [2]
Overfull \hbox (0.33217pt too wide) in alignment at lines 196--200
 [] [] [] [] [] 
 []


Overfull \hbox (0.33217pt too wide) in alignment at lines 200--204
 [] [] [] [] [] 
 []


Overfull \hbox (0.33217pt too wide) in alignment at lines 204--207
 [] [] [] [] [] 
 []


Overfull \hbox (0.33217pt too wide) in alignment at lines 207--209
 [] [] [] [] [] 
 []


Overfull \hbox (5.99107pt too wide) in paragraph at lines 253--253
[]|\TU/Consolas(0)/m/n/10 test_register_validate_input|  
 []


Overfull \hbox (11.48912pt too wide) in paragraph at lines 279--279
[]|\TU/Consolas(0)/m/n/10 Flask.raise_routing_exception|  
 []


Overfull \hbox (11.48912pt too wide) in paragraph at lines 280--280
[]|\TU/Consolas(0)/m/n/10 Flask.update_template_context|  
 []


Overfull \hbox (16.98717pt too wide) in paragraph at lines 281--281
[]|\TU/Consolas(0)/m/n/10 Flask.create_jinja_environment|  
 []


Overfull \hbox (5.99107pt too wide) in paragraph at lines 292--292
[]|\TU/Consolas(0)/m/n/10 Flask.open_instance_resource|  
 []


Overfull \hbox (5.99107pt too wide) in paragraph at lines 298--298
[]|\TU/Consolas(0)/m/n/10 Flask.do_teardown_appcontext|  
 []


Overfull \hbox (44.4774pt too wide) in paragraph at lines 302--302
[]|\TU/Consolas(0)/m/n/10 Flask.make_default_options_response|  
 []


Overfull \hbox (22.48521pt too wide) in paragraph at lines 308--308
[]|\TU/Consolas(0)/m/n/10 Blueprint.get_send_file_max_age|  
 []


Overfull \hbox (27.98326pt too wide) in paragraph at lines 334--334
[]|\TU/Consolas(0)/m/n/10 FlaskGroup._load_plugin_commands|  
 []


Overfull \hbox (5.99107pt too wide) in paragraph at lines 374--374
[]|\TU/Consolas(0)/m/n/10 copy_current_request_context|  
 []


Overfull \hbox (33.48131pt too wide) in paragraph at lines 395--395
[]|\TU/Consolas(0)/m/n/10 explain_template_loading_attempts|  
 []


Overfull \hbox (27.98326pt too wide) in paragraph at lines 400--400
[]|\TU/Consolas(0)/m/n/10 FormDataRoutingRedirect.__init__|  
 []


Overfull \hbox (16.98717pt too wide) in paragraph at lines 401--401
[]|\TU/Consolas(0)/m/n/10 attach_enctype_error_multidict|  
 []


Overfull \hbox (16.98717pt too wide) in paragraph at lines 406--406
[]|\TU/Consolas(0)/m/n/10 ProxyMixin._get_current_object|  
 []


Overfull \hbox (0.33217pt too wide) in alignment at lines 209--410
 [] [] [] [] [] 
 []


Overfull \hbox (5.99107pt too wide) in paragraph at lines 432--432
[]|\TU/Consolas(0)/m/n/10 SecureCookieSessionInterface|  
 []


Overfull \hbox (77.46568pt too wide) in paragraph at lines 433--433
[]|\TU/Consolas(0)/m/n/10 SecureCookieSessionInterface.save_session|  
 []


Overfull \hbox (77.46568pt too wide) in paragraph at lines 434--434
[]|\TU/Consolas(0)/m/n/10 SecureCookieSessionInterface.open_session|  
 []


Overfull \hbox (38.97935pt too wide) in paragraph at lines 435--435
[]|\TU/Consolas(0)/m/n/10 SessionInterface.should_set_cookie|  
 []


Overfull \hbox (132.44615pt too wide) in paragraph at lines 436--436
[]|\TU/Consolas(0)/m/n/10 SecureCookieSessionInterface.get_signing_serializer| 
 
 []


Overfull \hbox (27.98326pt too wide) in paragraph at lines 441--441
[]|\TU/Consolas(0)/m/n/10 SessionInterface.get_cookie_path|  
 []


Overfull \hbox (49.97545pt too wide) in paragraph at lines 442--442
[]|\TU/Consolas(0)/m/n/10 SessionInterface.get_expiration_time|  
 []


Overfull \hbox (5.99107pt too wide) in paragraph at lines 446--446
[]|\TU/Consolas(0)/m/n/10 SecureCookieSession.__init__|  
 []


Overfull \hbox (22.48521pt too wide) in paragraph at lines 447--447
[]|\TU/Consolas(0)/m/n/10 SecureCookieSession.__getitem__|  
 []


Overfull \hbox (16.98717pt too wide) in paragraph at lines 449--449
[]|\TU/Consolas(0)/m/n/10 SecureCookieSession.setdefault|  
 []


Overfull \hbox (38.97935pt too wide) in paragraph at lines 451--451
[]|\TU/Consolas(0)/m/n/10 SessionInterface.make_null_session|  
 []


Overfull \hbox (27.98326pt too wide) in paragraph at lines 452--452
[]|\TU/Consolas(0)/m/n/10 SessionInterface.is_null_session|  
 []


Overfull \hbox (27.98326pt too wide) in paragraph at lines 453--453
[]|\TU/Consolas(0)/m/n/10 SessionInterface.get_cookie_name|  
 []


Overfull \hbox (38.97935pt too wide) in paragraph at lines 454--454
[]|\TU/Consolas(0)/m/n/10 SessionInterface.get_cookie_domain|  
 []


Overfull \hbox (49.97545pt too wide) in paragraph at lines 455--455
[]|\TU/Consolas(0)/m/n/10 SessionInterface.get_cookie_httponly|  
 []


Overfull \hbox (38.97935pt too wide) in paragraph at lines 456--456
[]|\TU/Consolas(0)/m/n/10 SessionInterface.get_cookie_secure|  
 []


Overfull \hbox (49.97545pt too wide) in paragraph at lines 457--457
[]|\TU/Consolas(0)/m/n/10 SessionInterface.get_cookie_samesite|  
 []


Overfull \hbox (66.46959pt too wide) in paragraph at lines 458--458
[]|\TU/Consolas(0)/m/n/10 SessionInterface.get_cookie_partitioned|  
 []


Overfull \hbox (11.48912pt too wide) in paragraph at lines 459--459
[]|\TU/Consolas(0)/m/n/10 SessionInterface.open_session|  
 []


Overfull \hbox (11.48912pt too wide) in paragraph at lines 460--460
[]|\TU/Consolas(0)/m/n/10 SessionInterface.save_session|  
 []


Overfull \hbox (93.95982pt too wide) in paragraph at lines 461--461
[]|\TU/Consolas(0)/m/n/10 DispatchingJinjaLoader._get_source_explained|  
 []


Overfull \hbox (55.4735pt too wide) in paragraph at lines 462--462
[]|\TU/Consolas(0)/m/n/10 DispatchingJinjaLoader.list_templates|  
 []


Overfull \hbox (49.97545pt too wide) in paragraph at lines 464--464
[]|\TU/Consolas(0)/m/n/10 DispatchingJinjaLoader._iter_loaders|  
 []


Overfull \hbox (66.46959pt too wide) in paragraph at lines 466--466
[]|\TU/Consolas(0)/m/n/10 DispatchingJinjaLoader._get_source_fast|  
 []


Overfull \hbox (22.48521pt too wide) in paragraph at lines 467--467
[]|\TU/Consolas(0)/m/n/10 _default_template_ctx_processor|  
 []


Overfull \hbox (33.48131pt too wide) in paragraph at lines 469--469
[]|\TU/Consolas(0)/m/n/10 DispatchingJinjaLoader.get_source|  
 []


Overfull \hbox (22.48521pt too wide) in paragraph at lines 476--476
[]|\TU/Consolas(0)/m/n/10 DispatchingJinjaLoader.__init__|  
 []


Overfull \hbox (22.48521pt too wide) in paragraph at lines 480--480
[]|\TU/Consolas(0)/m/n/10 FlaskClient.session_transaction|  
 []


Overfull \hbox (60.97154pt too wide) in paragraph at lines 489--489
[]|\TU/Consolas(0)/m/n/10 FlaskClient._request_from_builder_args|  
 []


Overfull \hbox (5.99107pt too wide) in paragraph at lines 493--493
[]|\TU/Consolas(0)/m/n/10 MethodView.__init_subclass__|  
 []


Overfull \hbox (16.98717pt too wide) in paragraph at lines 499--499
[]|\TU/Consolas(0)/m/n/10 Request.on_json_loading_failed|  
 []


Overfull \hbox (5.99107pt too wide) in paragraph at lines 502--502
[]|\TU/Consolas(0)/m/n/10 Request.max_form_memory_size|  
 []


Overfull \hbox (5.99107pt too wide) in paragraph at lines 510--510
[]|\TU/Consolas(0)/m/n/10 Request.max_form_memory_size|  
 []


Overfull \hbox (38.97935pt too wide) in paragraph at lines 512--512
[]|\TU/Consolas(0)/m/n/10 JSONProvider._prepare_response_obj|  
 []


Overfull \hbox (5.99107pt too wide) in paragraph at lines 514--514
[]|\TU/Consolas(0)/m/n/10 DefaultJSONProvider.response|  
 []


Overfull \hbox (11.48912pt too wide) in paragraph at lines 525--525
[]|\TU/Consolas(0)/m/n/10 TaggedJSONSerializer.register|  
 []


Overfull \hbox (27.98326pt too wide) in paragraph at lines 526--526
[]|\TU/Consolas(0)/m/n/10 TaggedJSONSerializer._untag_scan|  
 []


Overfull \hbox (11.48912pt too wide) in paragraph at lines 543--543
[]|\TU/Consolas(0)/m/n/10 TaggedJSONSerializer.__init__|  
 []


Overfull \hbox (5.99107pt too wide) in paragraph at lines 596--596
[]|\TU/Consolas(0)/m/n/10 App.create_jinja_environment|  
 []


Overfull \hbox (16.98717pt too wide) in paragraph at lines 598--598
[]|\TU/Consolas(0)/m/n/10 App.create_global_jinja_loader|  
 []


Overfull \hbox (0.33217pt too wide) in alignment at lines 410--610
 [] [] [] [] [] 
 []

[3] [4] [5] [6] [7] [8] [9] [10] [11] [12]
Overfull \hbox (27.98326pt too wide) in paragraph at lines 613--613
[]|\TU/Consolas(0)/m/n/10 Blueprint._merge_blueprint_funcs|  
 []


Overfull \hbox (27.98326pt too wide) in paragraph at lines 616--616
[]|\TU/Consolas(0)/m/n/10 BlueprintSetupState.add_url_rule|  
 []


Overfull \hbox (5.99107pt too wide) in paragraph at lines 618--618
[]|\TU/Consolas(0)/m/n/10 BlueprintSetupState.__init__|  
 []


Overfull \hbox (22.48521pt too wide) in paragraph at lines 620--620
[]|\TU/Consolas(0)/m/n/10 Blueprint._check_setup_finished|  
 []


Overfull \hbox (5.99107pt too wide) in paragraph at lines 621--621
[]|\TU/Consolas(0)/m/n/10 Blueprint.register_blueprint|  
 []


Overfull \hbox (11.48912pt too wide) in paragraph at lines 622--622
[]|\TU/Consolas(0)/m/n/10 Blueprint.app_template_filter|  
 []


Overfull \hbox (11.48912pt too wide) in paragraph at lines 624--624
[]|\TU/Consolas(0)/m/n/10 Blueprint.app_template_global|  
 []


Overfull \hbox (11.48912pt too wide) in paragraph at lines 628--628
[]|\TU/Consolas(0)/m/n/10 Blueprint.app_template_filter|  
 []


Overfull \hbox (11.48912pt too wide) in paragraph at lines 629--629
[]|\TU/Consolas(0)/m/n/10 Blueprint.app_template_filter|  
 []


Overfull \hbox (33.48131pt too wide) in paragraph at lines 630--630
[]|\TU/Consolas(0)/m/n/10 Blueprint.add_app_template_filter|  
 []


Overfull \hbox (22.48521pt too wide) in paragraph at lines 633--633
[]|\TU/Consolas(0)/m/n/10 Blueprint.add_app_template_test|  
 []


Overfull \hbox (11.48912pt too wide) in paragraph at lines 634--634
[]|\TU/Consolas(0)/m/n/10 Blueprint.app_template_global|  
 []


Overfull \hbox (11.48912pt too wide) in paragraph at lines 635--635
[]|\TU/Consolas(0)/m/n/10 Blueprint.app_template_global|  
 []


Overfull \hbox (33.48131pt too wide) in paragraph at lines 636--636
[]|\TU/Consolas(0)/m/n/10 Blueprint.add_app_template_global|  
 []


Overfull \hbox (5.99107pt too wide) in paragraph at lines 637--637
[]|\TU/Consolas(0)/m/n/10 Blueprint.before_app_request|  
 []


Overfull \hbox (16.98717pt too wide) in paragraph at lines 639--639
[]|\TU/Consolas(0)/m/n/10 Blueprint.teardown_app_request|  
 []


Overfull \hbox (22.48521pt too wide) in paragraph at lines 640--640
[]|\TU/Consolas(0)/m/n/10 Blueprint.app_context_processor|  
 []


Overfull \hbox (49.97545pt too wide) in paragraph at lines 642--642
[]|\TU/Consolas(0)/m/n/10 Blueprint.app_url_value_preprocessor|  
 []


Overfull \hbox (27.98326pt too wide) in paragraph at lines 645--645
[]|\TU/Consolas(0)/m/n/10 Scaffold._get_exc_class_and_code|  
 []


Overfull \hbox (16.98717pt too wide) in paragraph at lines 658--658
[]|\TU/Consolas(0)/m/n/10 Scaffold._check_setup_finished|  
 []


Overfull \hbox (22.48521pt too wide) in paragraph at lines 672--672
[]|\TU/Consolas(0)/m/n/10 Scaffold.url_value_preprocessor|  
 []


Overfull \hbox (22.48521pt too wide) in paragraph at lines 675--675
[]|\TU/Consolas(0)/m/n/10 Scaffold.register_error_handler|  
 []


Overfull \hbox (5.99107pt too wide) in paragraph at lines 688--688
[]|\TU/Consolas(0)/m/n/10 test_app_ctx_globals_methods|  
 []


Overfull \hbox (104.95592pt too wide) in paragraph at lines 689--689
[]|\TU/Consolas(0)/m/n/10 test_app_tearing_down_with_unhandled_exception|  
 []


Overfull \hbox (60.97154pt too wide) in paragraph at lines 691--691
[]|\TU/Consolas(0)/m/n/10 test_request_context_means_app_context|  
 []


Overfull \hbox (55.4735pt too wide) in paragraph at lines 692--692
[]|\TU/Consolas(0)/m/n/10 test_app_context_provides_current_app|  
 []


Overfull \hbox (99.45787pt too wide) in paragraph at lines 693--693
[]|\TU/Consolas(0)/m/n/10 test_app_tearing_down_with_previous_exception|  
 []


Overfull \hbox (181.92857pt too wide) in paragraph at lines 694--694
[]|\TU/Consolas(0)/m/n/10 test_app_tearing_down_with_handled_exception_by_excep
t_block|  
 []


Overfull \hbox (176.43053pt too wide) in paragraph at lines 698--698
[]|\TU/Consolas(0)/m/n/10 test_app_tearing_down_with_handled_exception_by_app_h
andler|  
 []


Overfull \hbox (33.48131pt too wide) in paragraph at lines 699--699
[]|\TU/Consolas(0)/m/n/10 test_custom_app_ctx_globals_class|  
 []


Overfull \hbox (71.96764pt too wide) in paragraph at lines 700--700
[]|\TU/Consolas(0)/m/n/10 test_url_generation_requires_server_name|  
 []


Overfull \hbox (77.46568pt too wide) in paragraph at lines 701--701
[]|\TU/Consolas(0)/m/n/10 test_url_generation_without_context_fails|  
 []


Overfull \hbox (22.48521pt too wide) in paragraph at lines 702--702
[]|\TU/Consolas(0)/m/n/10 test_async_before_after_request|  
 []


Overfull \hbox (44.4774pt too wide) in paragraph at lines 715--715
[]|\TU/Consolas(0)/m/n/10 test_session_using_session_settings|  
 []


Overfull \hbox (49.97545pt too wide) in paragraph at lines 716--716
[]|\TU/Consolas(0)/m/n/10 test_provide_automatic_options_kwarg|  
 []


Overfull \hbox (77.46568pt too wide) in paragraph at lines 720--720
[]|\TU/Consolas(0)/m/n/10 test_make_response_with_response_instance|  
 []


Overfull \hbox (22.48521pt too wide) in paragraph at lines 723--723
[]|\TU/Consolas(0)/m/n/10 test_trap_bad_request_key_error|  
 []


Overfull \hbox (49.97545pt too wide) in paragraph at lines 725--725
[]|\TU/Consolas(0)/m/n/10 test_route_decorator_custom_endpoint|  
 []


Overfull \hbox (55.4735pt too wide) in paragraph at lines 730--730
[]|\TU/Consolas(0)/m/n/10 test_session_using_samesite_attribute|  
 []


Overfull \hbox (33.48131pt too wide) in paragraph at lines 731--731
[]|\TU/Consolas(0)/m/n/10 test_session_secret_key_fallbacks|  
 []


Overfull \hbox (11.48912pt too wide) in paragraph at lines 734--734
[]|\TU/Consolas(0)/m/n/10 test_teardown_request_handler|  
 []


Overfull \hbox (71.96764pt too wide) in paragraph at lines 735--735
[]|\TU/Consolas(0)/m/n/10 test_teardown_request_handler_debug_mode|  
 []


Overfull \hbox (44.4774pt too wide) in paragraph at lines 736--736
[]|\TU/Consolas(0)/m/n/10 test_teardown_request_handler_error|  
 []


Overfull \hbox (33.48131pt too wide) in paragraph at lines 737--737
[]|\TU/Consolas(0)/m/n/10 test_http_error_subclass_handling|  
 []


Overfull \hbox (71.96764pt too wide) in paragraph at lines 738--738
[]|\TU/Consolas(0)/m/n/10 test_error_handler_after_processor_error|  
 []


Overfull \hbox (22.48521pt too wide) in paragraph at lines 743--743
[]|\TU/Consolas(0)/m/n/10 test_app_freed_on_zero_refcount|  
 []


Overfull \hbox (44.4774pt too wide) in paragraph at lines 745--745
[]|\TU/Consolas(0)/m/n/10 test_provide_automatic_options_attr|  
 []


Overfull \hbox (66.46959pt too wide) in paragraph at lines 751--751
[]|\TU/Consolas(0)/m/n/10 test_request_preprocessing_early_return|  
 []


Overfull \hbox (11.48912pt too wide) in paragraph at lines 752--752
[]|\TU/Consolas(0)/m/n/10 test_after_request_processing|  
 []


Overfull \hbox (22.48521pt too wide) in paragraph at lines 753--753
[]|\TU/Consolas(0)/m/n/10 test_before_after_request_order|  
 []


Overfull \hbox (16.98717pt too wide) in paragraph at lines 754--754
[]|\TU/Consolas(0)/m/n/10 test_error_handling_processing|  
 []


Overfull \hbox (60.97154pt too wide) in paragraph at lines 755--755
[]|\TU/Consolas(0)/m/n/10 test_before_request_and_routing_errors|  
 []


Overfull \hbox (5.99107pt too wide) in paragraph at lines 756--756
[]|\TU/Consolas(0)/m/n/10 test_errorhandler_precedence|  
 []


Overfull \hbox (60.97154pt too wide) in paragraph at lines 761--761
[]|\TU/Consolas(0)/m/n/10 test_static_url_path_with_ending_slash|  
 []


Overfull \hbox (49.97545pt too wide) in paragraph at lines 762--762
[]|\TU/Consolas(0)/m/n/10 test_static_route_with_host_matching|  
 []


Overfull \hbox (38.97935pt too wide) in paragraph at lines 765--765
[]|\TU/Consolas(0)/m/n/10 test_inject_blueprint_url_defaults|  
 []


Overfull \hbox (33.48131pt too wide) in paragraph at lines 766--766
[]|\TU/Consolas(0)/m/n/10 test_no_setup_after_first_request|  
 []


Overfull \hbox (22.48521pt too wide) in paragraph at lines 767--767
[]|\TU/Consolas(0)/m/n/10 test_routing_redirect_debugging|  
 []


Overfull \hbox (5.99107pt too wide) in paragraph at lines 768--768
[]|\TU/Consolas(0)/m/n/10 test_subdomain_basic_support|  
 []


Overfull \hbox (38.97935pt too wide) in paragraph at lines 769--769
[]|\TU/Consolas(0)/m/n/10 test_subdomain_matching_other_name|  
 []


Overfull \hbox (5.99107pt too wide) in paragraph at lines 771--771
[]|\TU/Consolas(0)/m/n/10 test_multi_route_class_views|  
 []


Overfull \hbox (16.98717pt too wide) in paragraph at lines 772--772
[]|\TU/Consolas(0)/m/n/10 test_options_on_multiple_rules|  
 []


Overfull \hbox (44.4774pt too wide) in paragraph at lines 775--775
[]|\TU/Consolas(0)/m/n/10 test_session_using_application_root|  
 []


Overfull \hbox (38.97935pt too wide) in paragraph at lines 780--780
[]|\TU/Consolas(0)/m/n/10 test_jsonify_args_and_kwargs_check|  
 []


Overfull \hbox (38.97935pt too wide) in paragraph at lines 782--782
[]|\TU/Consolas(0)/m/n/10 test_static_url_empty_path_default|  
 []


Overfull \hbox (49.97545pt too wide) in paragraph at lines 783--783
[]|\TU/Consolas(0)/m/n/10 test_static_folder_with_pathlib_path|  
 []


Overfull \hbox (49.97545pt too wide) in paragraph at lines 784--784
[]|\TU/Consolas(0)/m/n/10 test_static_folder_with_ending_slash|  
 []


Overfull \hbox (38.97935pt too wide) in paragraph at lines 787--787
[]|\TU/Consolas(0)/m/n/10 test_subdomain_matching_with_ports|  
 []


Overfull \hbox (5.99107pt too wide) in paragraph at lines 790--790
[]|\TU/Consolas(0)/m/n/10 test_method_route_no_methods|  
 []


Overfull \hbox (71.96764pt too wide) in paragraph at lines 791--791
[]|\TU/Consolas(0)/m/n/10 test_disallow_string_for_allowed_methods|  
 []


Overfull \hbox (33.48131pt too wide) in paragraph at lines 795--795
[]|\TU/Consolas(0)/m/n/10 test_baseexception_error_handling|  
 []


Overfull \hbox (49.97545pt too wide) in paragraph at lines 796--796
[]|\TU/Consolas(0)/m/n/10 test_trapping_of_all_http_exceptions|  
 []


Overfull \hbox (27.98326pt too wide) in paragraph at lines 797--797
[]|\TU/Consolas(0)/m/n/10 test_build_error_handler_reraise|  
 []


Overfull \hbox (165.43443pt too wide) in paragraph at lines 798--798
[]|\TU/Consolas(0)/m/n/10 test_url_for_passes_special_values_to_build_error_han
dler|  
 []


Overfull \hbox (27.98326pt too wide) in paragraph at lines 799--799
[]|\TU/Consolas(0)/m/n/10 test_werkzeug_passthrough_errors|  
 []


Overfull \hbox (49.97545pt too wide) in paragraph at lines 807--807
[]|\TU/Consolas(0)/m/n/10 test_route_decorator_custom_endpoint|  
 []


Overfull \hbox (0.33217pt too wide) in alignment at lines 610--810
 [] [] [] [] [] 
 []

[13] [14] [15] [16] [17] [18] [19] [20] [21]
Overfull \hbox (60.97154pt too wide) in paragraph at lines 811--811
[]|\TU/Consolas(0)/m/n/10 test_blueprint_specific_error_handling|  
 []


Overfull \hbox (16.98717pt too wide) in paragraph at lines 813--813
[]|\TU/Consolas(0)/m/n/10 test_template_filter_with_name|  
 []


Overfull \hbox (38.97935pt too wide) in paragraph at lines 814--814
[]|\TU/Consolas(0)/m/n/10 test_add_template_filter_with_name|  
 []


Overfull \hbox (5.99107pt too wide) in paragraph at lines 816--816
[]|\TU/Consolas(0)/m/n/10 test_template_test_with_name|  
 []


Overfull \hbox (27.98326pt too wide) in paragraph at lines 817--817
[]|\TU/Consolas(0)/m/n/10 test_add_template_test_with_name|  
 []


Overfull \hbox (88.46178pt too wide) in paragraph at lines 819--819
[]|\TU/Consolas(0)/m/n/10 test_blueprint_specific_user_error_handling|  
 []


Overfull \hbox (33.48131pt too wide) in paragraph at lines 820--820
[]|\TU/Consolas(0)/m/n/10 test_blueprint_app_error_handling|  
 []


Overfull \hbox (11.48912pt too wide) in paragraph at lines 821--821
[]|\TU/Consolas(0)/m/n/10 test_blueprint_url_processors|  
 []


Overfull \hbox (22.48521pt too wide) in paragraph at lines 827--827
[]|\TU/Consolas(0)/m/n/10 test_child_and_parent_subdomain|  
 []


Overfull \hbox (38.97935pt too wide) in paragraph at lines 831--831
[]|\TU/Consolas(0)/m/n/10 test_template_filter_with_template|  
 []


Overfull \hbox (104.95592pt too wide) in paragraph at lines 832--832
[]|\TU/Consolas(0)/m/n/10 test_template_filter_after_route_with_template|  
 []


Overfull \hbox (60.97154pt too wide) in paragraph at lines 833--833
[]|\TU/Consolas(0)/m/n/10 test_add_template_filter_with_template|  
 []


Overfull \hbox (88.46178pt too wide) in paragraph at lines 834--834
[]|\TU/Consolas(0)/m/n/10 test_template_filter_with_name_and_template|  
 []


Overfull \hbox (110.45396pt too wide) in paragraph at lines 835--835
[]|\TU/Consolas(0)/m/n/10 test_add_template_filter_with_name_and_template|  
 []


Overfull \hbox (27.98326pt too wide) in paragraph at lines 836--836
[]|\TU/Consolas(0)/m/n/10 test_template_test_with_template|  
 []


Overfull \hbox (93.95982pt too wide) in paragraph at lines 837--837
[]|\TU/Consolas(0)/m/n/10 test_template_test_after_route_with_template|  
 []


Overfull \hbox (49.97545pt too wide) in paragraph at lines 838--838
[]|\TU/Consolas(0)/m/n/10 test_add_template_test_with_template|  
 []


Overfull \hbox (77.46568pt too wide) in paragraph at lines 839--839
[]|\TU/Consolas(0)/m/n/10 test_template_test_with_name_and_template|  
 []


Overfull \hbox (99.45787pt too wide) in paragraph at lines 840--840
[]|\TU/Consolas(0)/m/n/10 test_add_template_test_with_name_and_template|  
 []


Overfull \hbox (5.99107pt too wide) in paragraph at lines 843--843
[]|\TU/Consolas(0)/m/n/10 test_dotted_name_not_allowed|  
 []


Overfull \hbox (104.95592pt too wide) in paragraph at lines 845--845
[]|\TU/Consolas(0)/m/n/10 test_route_decorator_custom_endpoint_with_dots|  
 []


Overfull \hbox (38.97935pt too wide) in paragraph at lines 852--852
[]|\TU/Consolas(0)/m/n/10 test_no_command_echo_loading_error|  
 []


Overfull \hbox (5.99107pt too wide) in paragraph at lines 853--853
[]|\TU/Consolas(0)/m/n/10 test_help_echo_loading_error|  
 []


Overfull \hbox (16.98717pt too wide) in paragraph at lines 872--872
[]|\TU/Consolas(0)/m/n/10 test_locate_app_suppress_raise|  
 []


Overfull \hbox (5.99107pt too wide) in paragraph at lines 873--873
[]|\TU/Consolas(0)/m/n/10 test_app_cli_has_app_context|  
 []


Overfull \hbox (5.99107pt too wide) in paragraph at lines 877--877
[]|\TU/Consolas(0)/m/n/10 test_disable_dotenv_from_env|  
 []


Overfull \hbox (11.48912pt too wide) in paragraph at lines 890--890
[]|\TU/Consolas(0)/m/n/10 test_from_prefixed_env_nested|  
 []


Overfull \hbox (22.48521pt too wide) in paragraph at lines 893--893
[]|\TU/Consolas(0)/m/n/10 test_config_from_envvar_missing|  
 []


Overfull \hbox (49.97545pt too wide) in paragraph at lines 896--896
[]|\TU/Consolas(0)/m/n/10 test_from_prefixed_env_custom_prefix|  
 []


Overfull \hbox (22.48521pt too wide) in paragraph at lines 899--899
[]|\TU/Consolas(0)/m/n/10 test_from_pyfile_weird_encoding|  
 []


Overfull \hbox (11.48912pt too wide) in paragraph at lines 908--908
[]|\TU/Consolas(0)/m/n/10 TestSendfile.test_static_file|  
 []


Overfull \hbox (16.98717pt too wide) in paragraph at lines 910--910
[]|\TU/Consolas(0)/m/n/10 TestHelpers.test_make_response|  
 []


Overfull \hbox (115.95201pt too wide) in paragraph at lines 913--913
[]|\TU/Consolas(0)/m/n/10 TestUrlFor.test_url_for_with_alternating_schemes|  
 []


Overfull \hbox (22.48521pt too wide) in paragraph at lines 914--914
[]|\TU/Consolas(0)/m/n/10 TestUrlFor.test_url_with_method|  
 []


Overfull \hbox (170.93248pt too wide) in paragraph at lines 919--919
[]|\TU/Consolas(0)/m/n/10 TestStreaming.test_streaming_with_context_and_custom_
close|  
 []


Overfull \hbox (11.48912pt too wide) in paragraph at lines 920--920
[]|\TU/Consolas(0)/m/n/10 TestStreaming.test_async_view|  
 []


Overfull \hbox (27.98326pt too wide) in paragraph at lines 923--923
[]|\TU/Consolas(0)/m/n/10 test_open_resource_with_encoding|  
 []


Overfull \hbox (55.4735pt too wide) in paragraph at lines 926--926
[]|\TU/Consolas(0)/m/n/10 TestSendfile.test_send_from_directory|  
 []


Overfull \hbox (44.4774pt too wide) in paragraph at lines 927--927
[]|\TU/Consolas(0)/m/n/10 TestUrlFor.test_url_for_with_anchor|  
 []


Overfull \hbox (44.4774pt too wide) in paragraph at lines 928--928
[]|\TU/Consolas(0)/m/n/10 TestUrlFor.test_url_for_with_scheme|  
 []


Overfull \hbox (115.95201pt too wide) in paragraph at lines 929--929
[]|\TU/Consolas(0)/m/n/10 TestUrlFor.test_url_for_with_scheme_not_external|  
 []


Overfull \hbox (33.48131pt too wide) in paragraph at lines 930--930
[]|\TU/Consolas(0)/m/n/10 TestUrlFor.test_url_for_with_self|  
 []


Overfull \hbox (77.46568pt too wide) in paragraph at lines 931--931
[]|\TU/Consolas(0)/m/n/10 TestNoImports.test_name_with_import_error|  
 []


Overfull \hbox (77.46568pt too wide) in paragraph at lines 932--932
[]|\TU/Consolas(0)/m/n/10 TestStreaming.test_streaming_with_context|  
 []


Overfull \hbox (148.94029pt too wide) in paragraph at lines 933--933
[]|\TU/Consolas(0)/m/n/10 TestStreaming.test_streaming_with_context_as_decorato
r|  
 []


Overfull \hbox (66.46959pt too wide) in paragraph at lines 934--934
[]|\TU/Consolas(0)/m/n/10 TestStreaming.test_stream_keeps_session|  
 []


Overfull \hbox (22.48521pt too wide) in paragraph at lines 935--935
[]|\TU/Consolas(0)/m/n/10 TestHelpers.test_get_debug_flag|  
 []


Overfull \hbox (11.48912pt too wide) in paragraph at lines 939--939
[]|\TU/Consolas(0)/m/n/10 test_open_resource_exceptions|  
 []


Overfull \hbox (5.99107pt too wide) in paragraph at lines 944--944
[]|\TU/Consolas(0)/m/n/10 test_explicit_instance_paths|  
 []


Overfull \hbox (11.48912pt too wide) in paragraph at lines 945--945
[]|\TU/Consolas(0)/m/n/10 test_uninstalled_module_paths|  
 []


Overfull \hbox (16.98717pt too wide) in paragraph at lines 946--946
[]|\TU/Consolas(0)/m/n/10 test_uninstalled_package_paths|  
 []


Overfull \hbox (27.98326pt too wide) in paragraph at lines 947--947
[]|\TU/Consolas(0)/m/n/10 test_uninstalled_namespace_paths|  
 []


Overfull \hbox (5.99107pt too wide) in paragraph at lines 949--949
[]|\TU/Consolas(0)/m/n/10 test_installed_package_paths|  
 []


Overfull \hbox (16.98717pt too wide) in paragraph at lines 954--954
[]|\TU/Consolas(0)/m/n/10 test_bad_request_debug_message|  
 []


Overfull \hbox (5.99107pt too wide) in paragraph at lines 962--962
[]|\TU/Consolas(0)/m/n/10 test_jsonify_aware_datetimes|  
 []


Overfull \hbox (27.98326pt too wide) in paragraph at lines 988--988
[]|\TU/Consolas(0)/m/n/10 test_session_dynamic_cookie_name|  
 []


Overfull \hbox (55.4735pt too wide) in paragraph at lines 989--989
[]|\TU/Consolas(0)/m/n/10 test_teardown_with_previous_exception|  
 []


Overfull \hbox (49.97545pt too wide) in paragraph at lines 990--990
[]|\TU/Consolas(0)/m/n/10 test_teardown_with_handled_exception|  
 []


Overfull \hbox (22.48521pt too wide) in paragraph at lines 992--992
[]|\TU/Consolas(0)/m/n/10 test_session_error_pops_context|  
 []


Overfull \hbox (27.98326pt too wide) in paragraph at lines 995--995
[]|\TU/Consolas(0)/m/n/10 test_proper_test_request_context|  
 []


Overfull \hbox (159.93639pt too wide) in paragraph at lines 996--996
[]|\TU/Consolas(0)/m/n/10 TestGreenletContextCopying.test_greenlet_context_copy
ing|  
 []


Overfull \hbox (181.92857pt too wide) in paragraph at lines 997--997
[]|\TU/Consolas(0)/m/n/10 TestGreenletContextCopying.test_greenlet_context_copy
ing_api|  
 []


Overfull \hbox (44.4774pt too wide) in paragraph at lines 999--999
[]|\TU/Consolas(0)/m/n/10 test_bad_environ_raises_bad_request|  
 []


Overfull \hbox (55.4735pt too wide) in paragraph at lines 1000--1000
[]|\TU/Consolas(0)/m/n/10 test_environ_for_valid_idna_completes|  
 []


Overfull \hbox (11.48912pt too wide) in paragraph at lines 1001--1001
[]|\TU/Consolas(0)/m/n/10 test_normal_environ_completes|  
 []


Overfull \hbox (22.48521pt too wide) in paragraph at lines 1005--1005
[]|\TU/Consolas(0)/m/n/10 test_open_session_with_endpoint|  
 []


Overfull \hbox (11.48912pt too wide) in paragraph at lines 1008--1008
[]|\TU/Consolas(0)/m/n/10 test_request_exception_signal|  
 []


Overfull \hbox (0.33217pt too wide) in alignment at lines 810--1010
 [] [] [] [] [] 
 []

[22] [23] [24] [25] [26] [27] [28] [29] [30]
Overfull \hbox (44.4774pt too wide) in paragraph at lines 1010--1010
[]|\TU/Consolas(0)/m/n/10 test_appcontext_tearing_down_signal|  
 []


Overfull \hbox (33.48131pt too wide) in paragraph at lines 1013--1013
[]|\TU/Consolas(0)/m/n/10 test_suppressed_exception_logging|  
 []


Overfull \hbox (16.98717pt too wide) in paragraph at lines 1019--1019
[]|\TU/Consolas(0)/m/n/10 test_template_filter_with_name|  
 []


Overfull \hbox (38.97935pt too wide) in paragraph at lines 1020--1020
[]|\TU/Consolas(0)/m/n/10 test_add_template_filter_with_name|  
 []


Overfull \hbox (5.99107pt too wide) in paragraph at lines 1022--1022
[]|\TU/Consolas(0)/m/n/10 test_template_test_with_name|  
 []


Overfull \hbox (27.98326pt too wide) in paragraph at lines 1023--1023
[]|\TU/Consolas(0)/m/n/10 test_add_template_test_with_name|  
 []


Overfull \hbox (66.46959pt too wide) in paragraph at lines 1024--1024
[]|\TU/Consolas(0)/m/n/10 test_escaping_without_template_filename|  
 []


Overfull \hbox (49.97545pt too wide) in paragraph at lines 1025--1025
[]|\TU/Consolas(0)/m/n/10 test_templates_auto_reload_debug_run|  
 []


Overfull \hbox (16.98717pt too wide) in paragraph at lines 1026--1026
[]|\TU/Consolas(0)/m/n/10 test_template_loader_debugging|  
 []


Overfull \hbox (38.97935pt too wide) in paragraph at lines 1035--1035
[]|\TU/Consolas(0)/m/n/10 test_template_filter_with_template|  
 []


Overfull \hbox (60.97154pt too wide) in paragraph at lines 1036--1036
[]|\TU/Consolas(0)/m/n/10 test_add_template_filter_with_template|  
 []


Overfull \hbox (88.46178pt too wide) in paragraph at lines 1037--1037
[]|\TU/Consolas(0)/m/n/10 test_template_filter_with_name_and_template|  
 []


Overfull \hbox (110.45396pt too wide) in paragraph at lines 1038--1038
[]|\TU/Consolas(0)/m/n/10 test_add_template_filter_with_name_and_template|  
 []


Overfull \hbox (27.98326pt too wide) in paragraph at lines 1039--1039
[]|\TU/Consolas(0)/m/n/10 test_template_test_with_template|  
 []


Overfull \hbox (49.97545pt too wide) in paragraph at lines 1040--1040
[]|\TU/Consolas(0)/m/n/10 test_add_template_test_with_template|  
 []


Overfull \hbox (77.46568pt too wide) in paragraph at lines 1041--1041
[]|\TU/Consolas(0)/m/n/10 test_template_test_with_name_and_template|  
 []


Overfull \hbox (99.45787pt too wide) in paragraph at lines 1042--1042
[]|\TU/Consolas(0)/m/n/10 test_add_template_test_with_name_and_template|  
 []


Overfull \hbox (27.98326pt too wide) in paragraph at lines 1046--1046
[]|\TU/Consolas(0)/m/n/10 test_test_client_context_binding|  
 []


Overfull \hbox (16.98717pt too wide) in paragraph at lines 1048--1048
[]|\TU/Consolas(0)/m/n/10 test_json_request_and_response|  
 []


Overfull \hbox (11.48912pt too wide) in paragraph at lines 1050--1050
[]|\TU/Consolas(0)/m/n/10 test_blueprint_with_subdomain|  
 []


Overfull \hbox (33.48131pt too wide) in paragraph at lines 1052--1052
[]|\TU/Consolas(0)/m/n/10 test_environ_defaults_from_config|  
 []


Overfull \hbox (60.97154pt too wide) in paragraph at lines 1059--1059
[]|\TU/Consolas(0)/m/n/10 test_session_transactions_keep_context|  
 []


Overfull \hbox (22.48521pt too wide) in paragraph at lines 1061--1061
[]|\TU/Consolas(0)/m/n/10 test_client_json_no_app_context|  
 []


Overfull \hbox (16.98717pt too wide) in paragraph at lines 1066--1066
[]|\TU/Consolas(0)/m/n/10 test_environbuilder_json_dumps|  
 []


Overfull \hbox (82.96373pt too wide) in paragraph at lines 1067--1067
[]|\TU/Consolas(0)/m/n/10 test_session_transactions_no_null_sessions|  
 []


Overfull \hbox (11.48912pt too wide) in paragraph at lines 1069--1069
[]|\TU/Consolas(0)/m/n/10 test_client_pop_all_preserved|  
 []


Overfull \hbox (60.97154pt too wide) in paragraph at lines 1070--1070
[]|\TU/Consolas(0)/m/n/10 test_session_transaction_needs_cookies|  
 []


Overfull \hbox (99.45787pt too wide) in paragraph at lines 1073--1073
[]|\TU/Consolas(0)/m/n/10 TestGenericHandlers.test_handle_class_or_code|  
 []


Overfull \hbox (66.46959pt too wide) in paragraph at lines 1074--1074
[]|\TU/Consolas(0)/m/n/10 TestGenericHandlers.test_handle_generic|  
 []


Overfull \hbox (27.98326pt too wide) in paragraph at lines 1076--1076
[]|\TU/Consolas(0)/m/n/10 test_error_handler_http_subclass|  
 []


Overfull \hbox (93.95982pt too wide) in paragraph at lines 1078--1078
[]|\TU/Consolas(0)/m/n/10 TestGenericHandlers.test_handle_generic_http|  
 []


Overfull \hbox (5.99107pt too wide) in paragraph at lines 1079--1079
[]|\TU/Consolas(0)/m/n/10 test_error_handler_blueprint|  
 []


Overfull \hbox (27.98326pt too wide) in paragraph at lines 1080--1080
[]|\TU/Consolas(0)/m/n/10 TestGenericHandlers.report_error|  
 []


Overfull \hbox (71.96764pt too wide) in paragraph at lines 1084--1084
[]|\TU/Consolas(0)/m/n/10 test_view_provide_automatic_options_attr|  
 []


Overfull \hbox (5.99107pt too wide) in paragraph at lines 1086--1086
[]|\TU/Consolas(0)/m/n/10 test_methods_var_inheritance|  
 []


Overfull \hbox (16.98717pt too wide) in paragraph at lines 1088--1088
[]|\TU/Consolas(0)/m/n/10 test_remove_method_from_parent|  
 []


Overfull \hbox (44.4774pt too wide) in paragraph at lines 1132--1132
[]|\TU/Consolas(0)/m/n/10 RenderTemplateView.dispatch_request|  
 []


Overfull \hbox (0.33217pt too wide) in alignment at lines 1010--1133
 [] [] [] [] [] 
 []

[31] [32] [33] [34] [35] [36] [37] [38] [39] [40] [41] [42] [43] [44] [45]
[46]
Overfull \hbox (11.12808pt too wide) in alignment at lines 1148--1152
 [] [] [] [] [] 
 []


Overfull \hbox (11.12808pt too wide) in alignment at lines 1152--1156
 [] [] [] [] [] 
 []


Overfull \hbox (11.12808pt too wide) in alignment at lines 1156--1159
 [] [] [] [] [] 
 []


Overfull \hbox (11.12808pt too wide) in alignment at lines 1159--1161
 [] [] [] [] [] 
 []


Overfull \hbox (11.12808pt too wide) in alignment at lines 1161--1186
 [] [] [] [] [] 
 []

[47] [48] (./report.aux)
 ***********
LaTeX2e <2023-11-01> patch level 1
L3 programming layer <2022/08/05>
 ***********


LaTeX Font Warning: Some font shapes were not available, defaults substituted.

Package rerunfilecheck Info: File `report.out' has not changed.
(rerunfilecheck)             Checksum: 142A326A0E7167DB3863950124BACC34;995.
 ) 
Here is how much of TeX's memory you used:
 18100 strings out of 476720
 366002 string characters out of 5801445
 2667842 words of memory out of 5000000
 39865 multiletter control sequences out of 15000+600000
 565606 words of font info for 99 fonts, out of 8000000 for 9000
 36 hyphenation exceptions out of 8191
 74i,8n,87p,1003b,580s stack positions out of 10000i,1000n,20000p,200000b,200000s

Output written on report.pdf (48 pages).
